/home/kai/miniconda3/lib/python3.12/site-packages/pydantic/_internal/_config.py:295: PydanticDeprecatedSince20: Support for class-based `config` is deprecated, use ConfigDict instead. Deprecated in Pydantic V2.0 to be removed in V3.0. See Pydantic V2 Migration Guide at https://errors.pydantic.dev/2.10/migration/
  warnings.warn(DEPRECATION_MESSAGE, DeprecationWarning)
2025-03-28 18:29:00,257 - 140473417803264 - base_agent.py-base_agent:78 - INFO: "check-content  receive  data : n  "
2025-03-28 18:29:00,259 - 140473417803264 - base_agent.py-base_agent:78 - INFO: "check-content  receive  data : \u9884\u5904\u7406\u7528\u6237\u8f93\u5165\uff0c\u5e76\u5236\u5b9a\u641c\u7d22\u8ba1\u5212\u3002  "
2025-03-28 18:29:00,262 - 140473417803264 - base_agent.py-base_agent:78 - INFO: "check-content  receive  data : \u83b7\u53d6\u7f51\u9875\u6982\u89c8\u4fe1\u606f  "
2025-03-28 18:29:00,264 - 140473417803264 - base_agent.py-base_agent:78 - INFO: "deduction  output data : \u63a8\u65ad\u4fe1\u606f  type : <class 'str'>"
2025-03-28 18:29:00,264 - 140473417803264 - base_agent.py-base_agent:78 - INFO: "web_page_content  output data : \u7f51\u9875\u5185\u5bb9  type : <class 'str'>"
Error occurred: MofaAgent.send_output() missing 2 required positional arguments: 'agent_output_name' and 'agent_result'
Traceback (most recent call last):
  File "/home/kai/mofa/python/mofa/agent_build/base/base_agent.py", line 236, in wrapper
    func(*args, **kwargs)
  File "/home/kai/mofa_penetration/mofa/python/agent-hub/check_content/check_content/main.py", line 26, in run
    agent.send_output()
TypeError: MofaAgent.send_output() missing 2 required positional arguments: 'agent_output_name' and 'agent_result'
2025-03-28 18:30:23,859 - 140473417803264 - base_agent.py-base_agent:78 - INFO: "deduction  output data : \u63a8\u65ad\u4fe1\u606f  type : <class 'str'>"
Error occurred: MofaAgent.send_output() missing 2 required positional arguments: 'agent_output_name' and 'agent_result'
2025-03-28 18:30:23,859 - 140473417803264 - base_agent.py-base_agent:78 - INFO: "web_page_content  output data : \u7f51\u9875\u5185\u5bb9  type : <class 'str'>"
Traceback (most recent call last):
  File "/home/kai/mofa/python/mofa/agent_build/base/base_agent.py", line 236, in wrapper
    func(*args, **kwargs)
  File "/home/kai/mofa_penetration/mofa/python/agent-hub/check_content/check_content/main.py", line 26, in run
    agent.send_output()
TypeError: MofaAgent.send_output() missing 2 required positional arguments: 'agent_output_name' and 'agent_result'
2025-03-28 18:30:23,860 - 140473417803264 - base_agent.py-base_agent:78 - INFO: "deduction  output data : \u63a8\u65ad\u4fe1\u606f  type : <class 'str'>"
2025-03-28 18:30:23,860 - 140473417803264 - base_agent.py-base_agent:78 - INFO: "web_page_content  output data : \u7f51\u9875\u5185\u5bb9  type : <class 'str'>"
Error occurred: MofaAgent.send_output() missing 2 required positional arguments: 'agent_output_name' and 'agent_result'
Traceback (most recent call last):
Error occurred: MofaAgent.send_output() missing 2 required positional arguments: 'agent_output_name' and 'agent_result'
  File "/home/kai/mofa/python/mofa/agent_build/base/base_agent.py", line 236, in wrapper
Error occurred: MofaAgent.send_output() missing 2 required positional arguments: 'agent_output_name' and 'agent_result'
    func(*args, **kwargs)
Error occurred: MofaAgent.send_output() missing 2 required positional arguments: 'agent_output_name' and 'agent_result'
  File "/home/kai/mofa_penetration/mofa/python/agent-hub/check_content/check_content/main.py", line 26, in run
Error occurred: MofaAgent.send_output() missing 2 required positional arguments: 'agent_output_name' and 'agent_result'
    agent.send_output()
Error occurred: MofaAgent.send_output() missing 2 required positional arguments: 'agent_output_name' and 'agent_result'
TypeError: MofaAgent.send_output() missing 2 required positional arguments: 'agent_output_name' and 'agent_result'
Error occurred: MofaAgent.send_output() missing 2 required positional arguments: 'agent_output_name' and 'agent_result'
2025-03-28 18:30:23,860 - 140473417803264 - base_agent.py-base_agent:78 - INFO: "deduction  output data : \u63a8\u65ad\u4fe1\u606f  type : <class 'str'>"
Error occurred: MofaAgent.send_output() missing 2 required positional arguments: 'agent_output_name' and 'agent_result'
2025-03-28 18:30:23,860 - 140473417803264 - base_agent.py-base_agent:78 - INFO: "web_page_content  output data : \u7f51\u9875\u5185\u5bb9  type : <class 'str'>"
Error occurred: MofaAgent.send_output() missing 2 required positional arguments: 'agent_output_name' and 'agent_result'
Traceback (most recent call last):
Error occurred: MofaAgent.send_output() missing 2 required positional arguments: 'agent_output_name' and 'agent_result'
  File "/home/kai/mofa/python/mofa/agent_build/base/base_agent.py", line 236, in wrapper
Error occurred: MofaAgent.send_output() missing 2 required positional arguments: 'agent_output_name' and 'agent_result'
    func(*args, **kwargs)
Error occurred: MofaAgent.send_output() missing 2 required positional arguments: 'agent_output_name' and 'agent_result'
  File "/home/kai/mofa_penetration/mofa/python/agent-hub/check_content/check_content/main.py", line 26, in run
Error occurred: MofaAgent.send_output() missing 2 required positional arguments: 'agent_output_name' and 'agent_result'
    agent.send_output()
Error occurred: MofaAgent.send_output() missing 2 required positional arguments: 'agent_output_name' and 'agent_result'
TypeError: MofaAgent.send_output() missing 2 required positional arguments: 'agent_output_name' and 'agent_result'
Error occurred: MofaAgent.send_output() missing 2 required positional arguments: 'agent_output_name' and 'agent_result'
2025-03-28 18:30:23,861 - 140473417803264 - base_agent.py-base_agent:78 - INFO: "deduction  output data : \u63a8\u65ad\u4fe1\u606f  type : <class 'str'>"
Error occurred: MofaAgent.send_output() missing 2 required positional arguments: 'agent_output_name' and 'agent_result'
2025-03-28 18:30:23,861 - 140473417803264 - base_agent.py-base_agent:78 - INFO: "web_page_content  output data : \u7f51\u9875\u5185\u5bb9  type : <class 'str'>"
Error occurred: MofaAgent.send_output() missing 2 required positional arguments: 'agent_output_name' and 'agent_result'
Traceback (most recent call last):
Error occurred: MofaAgent.send_output() missing 2 required positional arguments: 'agent_output_name' and 'agent_result'
  File "/home/kai/mofa/python/mofa/agent_build/base/base_agent.py", line 236, in wrapper
Error occurred: MofaAgent.send_output() missing 2 required positional arguments: 'agent_output_name' and 'agent_result'
    func(*args, **kwargs)
Error occurred: MofaAgent.send_output() missing 2 required positional arguments: 'agent_output_name' and 'agent_result'
  File "/home/kai/mofa_penetration/mofa/python/agent-hub/check_content/check_content/main.py", line 26, in run
Error occurred: MofaAgent.send_output() missing 2 required positional arguments: 'agent_output_name' and 'agent_result'
    agent.send_output()
Error occurred: MofaAgent.send_output() missing 2 required positional arguments: 'agent_output_name' and 'agent_result'
TypeError: MofaAgent.send_output() missing 2 required positional arguments: 'agent_output_name' and 'agent_result'
Error occurred: MofaAgent.send_output() missing 2 required positional arguments: 'agent_output_name' and 'agent_result'
2025-03-28 18:30:23,861 - 140473417803264 - base_agent.py-base_agent:78 - INFO: "deduction  output data : \u63a8\u65ad\u4fe1\u606f  type : <class 'str'>"
Error occurred: MofaAgent.send_output() missing 2 required positional arguments: 'agent_output_name' and 'agent_result'
2025-03-28 18:30:23,861 - 140473417803264 - base_agent.py-base_agent:78 - INFO: "web_page_content  output data : \u7f51\u9875\u5185\u5bb9  type : <class 'str'>"
Error occurred: MofaAgent.send_output() missing 2 required positional arguments: 'agent_output_name' and 'agent_result'
Traceback (most recent call last):
Error occurred: MofaAgent.send_output() missing 2 required positional arguments: 'agent_output_name' and 'agent_result'
  File "/home/kai/mofa/python/mofa/agent_build/base/base_agent.py", line 236, in wrapper
Error occurred: MofaAgent.send_output() missing 2 required positional arguments: 'agent_output_name' and 'agent_result'
    func(*args, **kwargs)
Error occurred: MofaAgent.send_output() missing 2 required positional arguments: 'agent_output_name' and 'agent_result'
  File "/home/kai/mofa_penetration/mofa/python/agent-hub/check_content/check_content/main.py", line 26, in run
Error occurred: MofaAgent.send_output() missing 2 required positional arguments: 'agent_output_name' and 'agent_result'
    agent.send_output()
Error occurred: MofaAgent.send_output() missing 2 required positional arguments: 'agent_output_name' and 'agent_result'
TypeError: MofaAgent.send_output() missing 2 required positional arguments: 'agent_output_name' and 'agent_result'
Error occurred: MofaAgent.send_output() missing 2 required positional arguments: 'agent_output_name' and 'agent_result'
2025-03-28 18:30:23,862 - 140473417803264 - base_agent.py-base_agent:78 - INFO: "deduction  output data : \u63a8\u65ad\u4fe1\u606f  type : <class 'str'>"
Error occurred: MofaAgent.send_output() missing 2 required positional arguments: 'agent_output_name' and 'agent_result'
2025-03-28 18:30:23,862 - 140473417803264 - base_agent.py-base_agent:78 - INFO: "web_page_content  output data : \u7f51\u9875\u5185\u5bb9  type : <class 'str'>"
Error occurred: MofaAgent.send_output() missing 2 required positional arguments: 'agent_output_name' and 'agent_result'
Traceback (most recent call last):
Error occurred: MofaAgent.send_output() missing 2 required positional arguments: 'agent_output_name' and 'agent_result'
  File "/home/kai/mofa/python/mofa/agent_build/base/base_agent.py", line 236, in wrapper
Error occurred: MofaAgent.send_output() missing 2 required positional arguments: 'agent_output_name' and 'agent_result'
    func(*args, **kwargs)
Error occurred: MofaAgent.send_output() missing 2 required positional arguments: 'agent_output_name' and 'agent_result'
  File "/home/kai/mofa_penetration/mofa/python/agent-hub/check_content/check_content/main.py", line 26, in run
Error occurred: MofaAgent.send_output() missing 2 required positional arguments: 'agent_output_name' and 'agent_result'
    agent.send_output()
Error occurred: MofaAgent.send_output() missing 2 required positional arguments: 'agent_output_name' and 'agent_result'
TypeError: MofaAgent.send_output() missing 2 required positional arguments: 'agent_output_name' and 'agent_result'
Error occurred: MofaAgent.send_output() missing 2 required positional arguments: 'agent_output_name' and 'agent_result'
2025-03-28 18:30:23,862 - 140473417803264 - base_agent.py-base_agent:78 - INFO: "deduction  output data : \u63a8\u65ad\u4fe1\u606f  type : <class 'str'>"
Error occurred: MofaAgent.send_output() missing 2 required positional arguments: 'agent_output_name' and 'agent_result'
2025-03-28 18:30:23,862 - 140473417803264 - base_agent.py-base_agent:78 - INFO: "web_page_content  output data : \u7f51\u9875\u5185\u5bb9  type : <class 'str'>"
Error occurred: MofaAgent.send_output() missing 2 required positional arguments: 'agent_output_name' and 'agent_result'
Traceback (most recent call last):
Error occurred: MofaAgent.send_output() missing 2 required positional arguments: 'agent_output_name' and 'agent_result'
  File "/home/kai/mofa/python/mofa/agent_build/base/base_agent.py", line 236, in wrapper
Error occurred: MofaAgent.send_output() missing 2 required positional arguments: 'agent_output_name' and 'agent_result'
    func(*args, **kwargs)
Error occurred: MofaAgent.send_output() missing 2 required positional arguments: 'agent_output_name' and 'agent_result'
  File "/home/kai/mofa_penetration/mofa/python/agent-hub/check_content/check_content/main.py", line 26, in run
Error occurred: MofaAgent.send_output() missing 2 required positional arguments: 'agent_output_name' and 'agent_result'
    agent.send_output()
Error occurred: MofaAgent.send_output() missing 2 required positional arguments: 'agent_output_name' and 'agent_result'
TypeError: MofaAgent.send_output() missing 2 required positional arguments: 'agent_output_name' and 'agent_result'
Error occurred: MofaAgent.send_output() missing 2 required positional arguments: 'agent_output_name' and 'agent_result'
2025-03-28 18:30:23,862 - 140473417803264 - base_agent.py-base_agent:78 - INFO: "deduction  output data : \u63a8\u65ad\u4fe1\u606f  type : <class 'str'>"
Error occurred: MofaAgent.send_output() missing 2 required positional arguments: 'agent_output_name' and 'agent_result'
2025-03-28 18:30:23,863 - 140473417803264 - base_agent.py-base_agent:78 - INFO: "web_page_content  output data : \u7f51\u9875\u5185\u5bb9  type : <class 'str'>"
Error occurred: MofaAgent.send_output() missing 2 required positional arguments: 'agent_output_name' and 'agent_result'
Traceback (most recent call last):
Error occurred: MofaAgent.send_output() missing 2 required positional arguments: 'agent_output_name' and 'agent_result'
  File "/home/kai/mofa/python/mofa/agent_build/base/base_agent.py", line 236, in wrapper
Error occurred: MofaAgent.send_output() missing 2 required positional arguments: 'agent_output_name' and 'agent_result'
    func(*args, **kwargs)
Error occurred: MofaAgent.send_output() missing 2 required positional arguments: 'agent_output_name' and 'agent_result'
  File "/home/kai/mofa_penetration/mofa/python/agent-hub/check_content/check_content/main.py", line 26, in run
Error occurred: MofaAgent.send_output() missing 2 required positional arguments: 'agent_output_name' and 'agent_result'
    agent.send_output()
Error occurred: MofaAgent.send_output() missing 2 required positional arguments: 'agent_output_name' and 'agent_result'
TypeError: MofaAgent.send_output() missing 2 required positional arguments: 'agent_output_name' and 'agent_result'
Error occurred: MofaAgent.send_output() missing 2 required positional arguments: 'agent_output_name' and 'agent_result'
2025-03-28 18:30:23,863 - 140473417803264 - base_agent.py-base_agent:78 - INFO: "deduction  output data : \u63a8\u65ad\u4fe1\u606f  type : <class 'str'>"
Error occurred: MofaAgent.send_output() missing 2 required positional arguments: 'agent_output_name' and 'agent_result'
2025-03-28 18:30:23,863 - 140473417803264 - base_agent.py-base_agent:78 - INFO: "web_page_content  output data : \u7f51\u9875\u5185\u5bb9  type : <class 'str'>"
Error occurred: MofaAgent.send_output() missing 2 required positional arguments: 'agent_output_name' and 'agent_result'
Traceback (most recent call last):
Error occurred: MofaAgent.send_output() missing 2 required positional arguments: 'agent_output_name' and 'agent_result'
  File "/home/kai/mofa/python/mofa/agent_build/base/base_agent.py", line 236, in wrapper
Error occurred: MofaAgent.send_output() missing 2 required positional arguments: 'agent_output_name' and 'agent_result'
    func(*args, **kwargs)
Error occurred: MofaAgent.send_output() missing 2 required positional arguments: 'agent_output_name' and 'agent_result'
  File "/home/kai/mofa_penetration/mofa/python/agent-hub/check_content/check_content/main.py", line 26, in run
Error occurred: MofaAgent.send_output() missing 2 required positional arguments: 'agent_output_name' and 'agent_result'
    agent.send_output()
Error occurred: MofaAgent.send_output() missing 2 required positional arguments: 'agent_output_name' and 'agent_result'
TypeError: MofaAgent.send_output() missing 2 required positional arguments: 'agent_output_name' and 'agent_result'
Error occurred: MofaAgent.send_output() missing 2 required positional arguments: 'agent_output_name' and 'agent_result'
2025-03-28 18:30:23,864 - 140473417803264 - base_agent.py-base_agent:78 - INFO: "deduction  output data : \u63a8\u65ad\u4fe1\u606f  type : <class 'str'>"
Error occurred: MofaAgent.send_output() missing 2 required positional arguments: 'agent_output_name' and 'agent_result'
2025-03-28 18:30:23,864 - 140473417803264 - base_agent.py-base_agent:78 - INFO: "web_page_content  output data : \u7f51\u9875\u5185\u5bb9  type : <class 'str'>"
Error occurred: MofaAgent.send_output() missing 2 required positional arguments: 'agent_output_name' and 'agent_result'
Traceback (most recent call last):
Error occurred: MofaAgent.send_output() missing 2 required positional arguments: 'agent_output_name' and 'agent_result'
  File "/home/kai/mofa/python/mofa/agent_build/base/base_agent.py", line 236, in wrapper
Error occurred: MofaAgent.send_output() missing 2 required positional arguments: 'agent_output_name' and 'agent_result'
    func(*args, **kwargs)
Error occurred: MofaAgent.send_output() missing 2 required positional arguments: 'agent_output_name' and 'agent_result'
  File "/home/kai/mofa_penetration/mofa/python/agent-hub/check_content/check_content/main.py", line 26, in run
Error occurred: MofaAgent.send_output() missing 2 required positional arguments: 'agent_output_name' and 'agent_result'
    agent.send_output()
Error occurred: MofaAgent.send_output() missing 2 required positional arguments: 'agent_output_name' and 'agent_result'
TypeError: MofaAgent.send_output() missing 2 required positional arguments: 'agent_output_name' and 'agent_result'
Error occurred: MofaAgent.send_output() missing 2 required positional arguments: 'agent_output_name' and 'agent_result'
2025-03-28 18:30:23,864 - 140473417803264 - base_agent.py-base_agent:78 - INFO: "deduction  output data : \u63a8\u65ad\u4fe1\u606f  type : <class 'str'>"
Error occurred: MofaAgent.send_output() missing 2 required positional arguments: 'agent_output_name' and 'agent_result'
2025-03-28 18:30:23,864 - 140473417803264 - base_agent.py-base_agent:78 - INFO: "web_page_content  output data : \u7f51\u9875\u5185\u5bb9  type : <class 'str'>"
Error occurred: MofaAgent.send_output() missing 2 required positional arguments: 'agent_output_name' and 'agent_result'
Traceback (most recent call last):
Error occurred: MofaAgent.send_output() missing 2 required positional arguments: 'agent_output_name' and 'agent_result'
  File "/home/kai/mofa/python/mofa/agent_build/base/base_agent.py", line 236, in wrapper
Error occurred: MofaAgent.send_output() missing 2 required positional arguments: 'agent_output_name' and 'agent_result'
    func(*args, **kwargs)
Error occurred: MofaAgent.send_output() missing 2 required positional arguments: 'agent_output_name' and 'agent_result'
  File "/home/kai/mofa_penetration/mofa/python/agent-hub/check_content/check_content/main.py", line 26, in run
Error occurred: MofaAgent.send_output() missing 2 required positional arguments: 'agent_output_name' and 'agent_result'
    agent.send_output()
Error occurred: MofaAgent.send_output() missing 2 required positional arguments: 'agent_output_name' and 'agent_result'
TypeError: MofaAgent.send_output() missing 2 required positional arguments: 'agent_output_name' and 'agent_result'
Error occurred: MofaAgent.send_output() missing 2 required positional arguments: 'agent_output_name' and 'agent_result'
2025-03-28 18:30:23,865 - 140473417803264 - base_agent.py-base_agent:78 - INFO: "deduction  output data : \u63a8\u65ad\u4fe1\u606f  type : <class 'str'>"
Error occurred: MofaAgent.send_output() missing 2 required positional arguments: 'agent_output_name' and 'agent_result'
2025-03-28 18:30:23,865 - 140473417803264 - base_agent.py-base_agent:78 - INFO: "web_page_content  output data : \u7f51\u9875\u5185\u5bb9  type : <class 'str'>"
Error occurred: MofaAgent.send_output() missing 2 required positional arguments: 'agent_output_name' and 'agent_result'
Traceback (most recent call last):
Error occurred: MofaAgent.send_output() missing 2 required positional arguments: 'agent_output_name' and 'agent_result'
  File "/home/kai/mofa/python/mofa/agent_build/base/base_agent.py", line 236, in wrapper
Error occurred: MofaAgent.send_output() missing 2 required positional arguments: 'agent_output_name' and 'agent_result'
    func(*args, **kwargs)
Error occurred: MofaAgent.send_output() missing 2 required positional arguments: 'agent_output_name' and 'agent_result'
  File "/home/kai/mofa_penetration/mofa/python/agent-hub/check_content/check_content/main.py", line 26, in run
Error occurred: MofaAgent.send_output() missing 2 required positional arguments: 'agent_output_name' and 'agent_result'
    agent.send_output()
Error occurred: MofaAgent.send_output() missing 2 required positional arguments: 'agent_output_name' and 'agent_result'
TypeError: MofaAgent.send_output() missing 2 required positional arguments: 'agent_output_name' and 'agent_result'
Error occurred: MofaAgent.send_output() missing 2 required positional arguments: 'agent_output_name' and 'agent_result'
2025-03-28 18:30:23,865 - 140473417803264 - base_agent.py-base_agent:78 - INFO: "deduction  output data : \u63a8\u65ad\u4fe1\u606f  type : <class 'str'>"
Error occurred: MofaAgent.send_output() missing 2 required positional arguments: 'agent_output_name' and 'agent_result'
2025-03-28 18:30:23,865 - 140473417803264 - base_agent.py-base_agent:78 - INFO: "web_page_content  output data : \u7f51\u9875\u5185\u5bb9  type : <class 'str'>"
Error occurred: MofaAgent.send_output() missing 2 required positional arguments: 'agent_output_name' and 'agent_result'
Traceback (most recent call last):
Error occurred: MofaAgent.send_output() missing 2 required positional arguments: 'agent_output_name' and 'agent_result'
  File "/home/kai/mofa/python/mofa/agent_build/base/base_agent.py", line 236, in wrapper
Error occurred: MofaAgent.send_output() missing 2 required positional arguments: 'agent_output_name' and 'agent_result'
    func(*args, **kwargs)
Error occurred: MofaAgent.send_output() missing 2 required positional arguments: 'agent_output_name' and 'agent_result'
  File "/home/kai/mofa_penetration/mofa/python/agent-hub/check_content/check_content/main.py", line 26, in run
Error occurred: MofaAgent.send_output() missing 2 required positional arguments: 'agent_output_name' and 'agent_result'
    agent.send_output()
Error occurred: MofaAgent.send_output() missing 2 required positional arguments: 'agent_output_name' and 'agent_result'
TypeError: MofaAgent.send_output() missing 2 required positional arguments: 'agent_output_name' and 'agent_result'
Error occurred: MofaAgent.send_output() missing 2 required positional arguments: 'agent_output_name' and 'agent_result'
2025-03-28 18:30:23,866 - 140473417803264 - base_agent.py-base_agent:78 - INFO: "deduction  output data : \u63a8\u65ad\u4fe1\u606f  type : <class 'str'>"
Error occurred: MofaAgent.send_output() missing 2 required positional arguments: 'agent_output_name' and 'agent_result'
2025-03-28 18:30:23,866 - 140473417803264 - base_agent.py-base_agent:78 - INFO: "web_page_content  output data : \u7f51\u9875\u5185\u5bb9  type : <class 'str'>"
Error occurred: MofaAgent.send_output() missing 2 required positional arguments: 'agent_output_name' and 'agent_result'
Traceback (most recent call last):
Error occurred: MofaAgent.send_output() missing 2 required positional arguments: 'agent_output_name' and 'agent_result'
  File "/home/kai/mofa/python/mofa/agent_build/base/base_agent.py", line 236, in wrapper
Error occurred: MofaAgent.send_output() missing 2 required positional arguments: 'agent_output_name' and 'agent_result'
    func(*args, **kwargs)
Error occurred: MofaAgent.send_output() missing 2 required positional arguments: 'agent_output_name' and 'agent_result'
  File "/home/kai/mofa_penetration/mofa/python/agent-hub/check_content/check_content/main.py", line 26, in run
Error occurred: MofaAgent.send_output() missing 2 required positional arguments: 'agent_output_name' and 'agent_result'
    agent.send_output()
Error occurred: MofaAgent.send_output() missing 2 required positional arguments: 'agent_output_name' and 'agent_result'
TypeError: MofaAgent.send_output() missing 2 required positional arguments: 'agent_output_name' and 'agent_result'
Error occurred: MofaAgent.send_output() missing 2 required positional arguments: 'agent_output_name' and 'agent_result'
2025-03-28 18:30:23,866 - 140473417803264 - base_agent.py-base_agent:78 - INFO: "deduction  output data : \u63a8\u65ad\u4fe1\u606f  type : <class 'str'>"
Error occurred: MofaAgent.send_output() missing 2 required positional arguments: 'agent_output_name' and 'agent_result'
2025-03-28 18:30:23,866 - 140473417803264 - base_agent.py-base_agent:78 - INFO: "web_page_content  output data : \u7f51\u9875\u5185\u5bb9  type : <class 'str'>"
Error occurred: MofaAgent.send_output() missing 2 required positional arguments: 'agent_output_name' and 'agent_result'
Traceback (most recent call last):
Error occurred: MofaAgent.send_output() missing 2 required positional arguments: 'agent_output_name' and 'agent_result'
  File "/home/kai/mofa/python/mofa/agent_build/base/base_agent.py", line 236, in wrapper
Error occurred: MofaAgent.send_output() missing 2 required positional arguments: 'agent_output_name' and 'agent_result'
    func(*args, **kwargs)
Error occurred: MofaAgent.send_output() missing 2 required positional arguments: 'agent_output_name' and 'agent_result'
  File "/home/kai/mofa_penetration/mofa/python/agent-hub/check_content/check_content/main.py", line 26, in run
Error occurred: MofaAgent.send_output() missing 2 required positional arguments: 'agent_output_name' and 'agent_result'
    agent.send_output()
Error occurred: MofaAgent.send_output() missing 2 required positional arguments: 'agent_output_name' and 'agent_result'
TypeError: MofaAgent.send_output() missing 2 required positional arguments: 'agent_output_name' and 'agent_result'
Error occurred: MofaAgent.send_output() missing 2 required positional arguments: 'agent_output_name' and 'agent_result'
2025-03-28 18:30:23,866 - 140473417803264 - base_agent.py-base_agent:78 - INFO: "deduction  output data : \u63a8\u65ad\u4fe1\u606f  type : <class 'str'>"
Error occurred: MofaAgent.send_output() missing 2 required positional arguments: 'agent_output_name' and 'agent_result'
2025-03-28 18:30:23,866 - 140473417803264 - base_agent.py-base_agent:78 - INFO: "web_page_content  output data : \u7f51\u9875\u5185\u5bb9  type : <class 'str'>"
Error occurred: MofaAgent.send_output() missing 2 required positional arguments: 'agent_output_name' and 'agent_result'
Traceback (most recent call last):
Error occurred: MofaAgent.send_output() missing 2 required positional arguments: 'agent_output_name' and 'agent_result'
  File "/home/kai/mofa/python/mofa/agent_build/base/base_agent.py", line 236, in wrapper
    func(*args, **kwargs)
  File "/home/kai/mofa_penetration/mofa/python/agent-hub/check_content/check_content/main.py", line 26, in run
    agent.send_output()
TypeError: MofaAgent.send_output() missing 2 required positional arguments: 'agent_output_name' and 'agent_result'
2025-03-28 18:30:23,867 - 140473417803264 - base_agent.py-base_agent:78 - INFO: "deduction  output data : \u63a8\u65ad\u4fe1\u606f  type : <class 'str'>"
2025-03-28 18:30:23,867 - 140473417803264 - base_agent.py-base_agent:78 - INFO: "web_page_content  output data : \u7f51\u9875\u5185\u5bb9  type : <class 'str'>"
Traceback (most recent call last):
  File "/home/kai/mofa/python/mofa/agent_build/base/base_agent.py", line 236, in wrapper
    func(*args, **kwargs)
  File "/home/kai/mofa_penetration/mofa/python/agent-hub/check_content/check_content/main.py", line 26, in run
    agent.send_output()
TypeError: MofaAgent.send_output() missing 2 required positional arguments: 'agent_output_name' and 'agent_result'
2025-03-28 18:30:23,868 - 140473417803264 - base_agent.py-base_agent:78 - INFO: "deduction  output data : \u63a8\u65ad\u4fe1\u606f  type : <class 'str'>"
2025-03-28 18:30:23,868 - 140473417803264 - base_agent.py-base_agent:78 - INFO: "web_page_content  output data : \u7f51\u9875\u5185\u5bb9  type : <class 'str'>"
Traceback (most recent call last):
  File "/home/kai/mofa/python/mofa/agent_build/base/base_agent.py", line 236, in wrapper
    func(*args, **kwargs)
  File "/home/kai/mofa_penetration/mofa/python/agent-hub/check_content/check_content/main.py", line 26, in run
    agent.send_output()
TypeError: MofaAgent.send_output() missing 2 required positional arguments: 'agent_output_name' and 'agent_result'
2025-03-28 18:30:23,868 - 140473417803264 - base_agent.py-base_agent:78 - INFO: "deduction  output data : \u63a8\u65ad\u4fe1\u606f  type : <class 'str'>"
2025-03-28 18:30:23,868 - 140473417803264 - base_agent.py-base_agent:78 - INFO: "web_page_content  output data : \u7f51\u9875\u5185\u5bb9  type : <class 'str'>"
Traceback (most recent call last):
  File "/home/kai/mofa/python/mofa/agent_build/base/base_agent.py", line 236, in wrapper
    func(*args, **kwargs)
  File "/home/kai/mofa_penetration/mofa/python/agent-hub/check_content/check_content/main.py", line 26, in run
    agent.send_output()
TypeError: MofaAgent.send_output() missing 2 required positional arguments: 'agent_output_name' and 'agent_result'
2025-03-28 18:30:23,869 - 140473417803264 - base_agent.py-base_agent:78 - INFO: "deduction  output data : \u63a8\u65ad\u4fe1\u606f  type : <class 'str'>"
2025-03-28 18:30:23,869 - 140473417803264 - base_agent.py-base_agent:78 - INFO: "web_page_content  output data : \u7f51\u9875\u5185\u5bb9  type : <class 'str'>"
Traceback (most recent call last):
  File "/home/kai/mofa/python/mofa/agent_build/base/base_agent.py", line 236, in wrapper
    func(*args, **kwargs)
  File "/home/kai/mofa_penetration/mofa/python/agent-hub/check_content/check_content/main.py", line 26, in run
    agent.send_output()
TypeError: MofaAgent.send_output() missing 2 required positional arguments: 'agent_output_name' and 'agent_result'
2025-03-28 18:30:23,869 - 140473417803264 - base_agent.py-base_agent:78 - INFO: "deduction  output data : \u63a8\u65ad\u4fe1\u606f  type : <class 'str'>"
2025-03-28 18:30:23,869 - 140473417803264 - base_agent.py-base_agent:78 - INFO: "web_page_content  output data : \u7f51\u9875\u5185\u5bb9  type : <class 'str'>"
Traceback (most recent call last):
  File "/home/kai/mofa/python/mofa/agent_build/base/base_agent.py", line 236, in wrapper
    func(*args, **kwargs)
  File "/home/kai/mofa_penetration/mofa/python/agent-hub/check_content/check_content/main.py", line 26, in run
    agent.send_output()
TypeError: MofaAgent.send_output() missing 2 required positional arguments: 'agent_output_name' and 'agent_result'
2025-03-28 18:30:23,870 - 140473417803264 - base_agent.py-base_agent:78 - INFO: "deduction  output data : \u63a8\u65ad\u4fe1\u606f  type : <class 'str'>"
2025-03-28 18:30:23,870 - 140473417803264 - base_agent.py-base_agent:78 - INFO: "web_page_content  output data : \u7f51\u9875\u5185\u5bb9  type : <class 'str'>"
Traceback (most recent call last):
  File "/home/kai/mofa/python/mofa/agent_build/base/base_agent.py", line 236, in wrapper
    func(*args, **kwargs)
  File "/home/kai/mofa_penetration/mofa/python/agent-hub/check_content/check_content/main.py", line 26, in run
    agent.send_output()
TypeError: MofaAgent.send_output() missing 2 required positional arguments: 'agent_output_name' and 'agent_result'
2025-03-28 18:30:23,870 - 140473417803264 - base_agent.py-base_agent:78 - INFO: "deduction  output data : \u63a8\u65ad\u4fe1\u606f  type : <class 'str'>"
2025-03-28 18:30:23,870 - 140473417803264 - base_agent.py-base_agent:78 - INFO: "web_page_content  output data : \u7f51\u9875\u5185\u5bb9  type : <class 'str'>"
Traceback (most recent call last):
  File "/home/kai/mofa/python/mofa/agent_build/base/base_agent.py", line 236, in wrapper
    func(*args, **kwargs)
  File "/home/kai/mofa_penetration/mofa/python/agent-hub/check_content/check_content/main.py", line 26, in run
    agent.send_output()
TypeError: MofaAgent.send_output() missing 2 required positional arguments: 'agent_output_name' and 'agent_result'
2025-03-28 18:30:23,871 - 140473417803264 - base_agent.py-base_agent:78 - INFO: "deduction  output data : \u63a8\u65ad\u4fe1\u606f  type : <class 'str'>"
2025-03-28 18:30:23,871 - 140473417803264 - base_agent.py-base_agent:78 - INFO: "web_page_content  output data : \u7f51\u9875\u5185\u5bb9  type : <class 'str'>"
Traceback (most recent call last):
  File "/home/kai/mofa/python/mofa/agent_build/base/base_agent.py", line 236, in wrapper
    func(*args, **kwargs)
  File "/home/kai/mofa_penetration/mofa/python/agent-hub/check_content/check_content/main.py", line 26, in run
    agent.send_output()
TypeError: MofaAgent.send_output() missing 2 required positional arguments: 'agent_output_name' and 'agent_result'
2025-03-28 18:30:23,871 - 140473417803264 - base_agent.py-base_agent:78 - INFO: "deduction  output data : \u63a8\u65ad\u4fe1\u606f  type : <class 'str'>"
2025-03-28 18:30:23,872 - 140473417803264 - base_agent.py-base_agent:78 - INFO: "web_page_content  output data : \u7f51\u9875\u5185\u5bb9  type : <class 'str'>"
Error occurred: MofaAgent.send_output() missing 2 required positional arguments: 'agent_output_name' and 'agent_result'
Traceback (most recent call last):
Error occurred: MofaAgent.send_output() missing 2 required positional arguments: 'agent_output_name' and 'agent_result'
  File "/home/kai/mofa/python/mofa/agent_build/base/base_agent.py", line 236, in wrapper
Error occurred: MofaAgent.send_output() missing 2 required positional arguments: 'agent_output_name' and 'agent_result'
    func(*args, **kwargs)
Error occurred: MofaAgent.send_output() missing 2 required positional arguments: 'agent_output_name' and 'agent_result'
  File "/home/kai/mofa_penetration/mofa/python/agent-hub/check_content/check_content/main.py", line 26, in run
Error occurred: MofaAgent.send_output() missing 2 required positional arguments: 'agent_output_name' and 'agent_result'
    agent.send_output()
Error occurred: MofaAgent.send_output() missing 2 required positional arguments: 'agent_output_name' and 'agent_result'
TypeError: MofaAgent.send_output() missing 2 required positional arguments: 'agent_output_name' and 'agent_result'
Error occurred: MofaAgent.send_output() missing 2 required positional arguments: 'agent_output_name' and 'agent_result'
2025-03-28 18:30:23,872 - 140473417803264 - base_agent.py-base_agent:78 - INFO: "deduction  output data : \u63a8\u65ad\u4fe1\u606f  type : <class 'str'>"
Error occurred: MofaAgent.send_output() missing 2 required positional arguments: 'agent_output_name' and 'agent_result'
2025-03-28 18:30:23,872 - 140473417803264 - base_agent.py-base_agent:78 - INFO: "web_page_content  output data : \u7f51\u9875\u5185\u5bb9  type : <class 'str'>"
Error occurred: MofaAgent.send_output() missing 2 required positional arguments: 'agent_output_name' and 'agent_result'
Traceback (most recent call last):
Error occurred: MofaAgent.send_output() missing 2 required positional arguments: 'agent_output_name' and 'agent_result'
  File "/home/kai/mofa/python/mofa/agent_build/base/base_agent.py", line 236, in wrapper
Error occurred: MofaAgent.send_output() missing 2 required positional arguments: 'agent_output_name' and 'agent_result'
    func(*args, **kwargs)
  File "/home/kai/mofa_penetration/mofa/python/agent-hub/check_content/check_content/main.py", line 26, in run
    agent.send_output()
TypeError: MofaAgent.send_output() missing 2 required positional arguments: 'agent_output_name' and 'agent_result'
2025-03-28 18:30:23,872 - 140473417803264 - base_agent.py-base_agent:78 - INFO: "deduction  output data : \u63a8\u65ad\u4fe1\u606f  type : <class 'str'>"
2025-03-28 18:30:23,872 - 140473417803264 - base_agent.py-base_agent:78 - INFO: "web_page_content  output data : \u7f51\u9875\u5185\u5bb9  type : <class 'str'>"
Traceback (most recent call last):
  File "/home/kai/mofa/python/mofa/agent_build/base/base_agent.py", line 236, in wrapper
    func(*args, **kwargs)
  File "/home/kai/mofa_penetration/mofa/python/agent-hub/check_content/check_content/main.py", line 26, in run
    agent.send_output()
TypeError: MofaAgent.send_output() missing 2 required positional arguments: 'agent_output_name' and 'agent_result'
2025-03-28 18:30:23,873 - 140473417803264 - base_agent.py-base_agent:78 - INFO: "deduction  output data : \u63a8\u65ad\u4fe1\u606f  type : <class 'str'>"
2025-03-28 18:30:23,873 - 140473417803264 - base_agent.py-base_agent:78 - INFO: "web_page_content  output data : \u7f51\u9875\u5185\u5bb9  type : <class 'str'>"
Traceback (most recent call last):
  File "/home/kai/mofa/python/mofa/agent_build/base/base_agent.py", line 236, in wrapper
    func(*args, **kwargs)
  File "/home/kai/mofa_penetration/mofa/python/agent-hub/check_content/check_content/main.py", line 26, in run
    agent.send_output()
TypeError: MofaAgent.send_output() missing 2 required positional arguments: 'agent_output_name' and 'agent_result'
2025-03-28 18:30:23,873 - 140473417803264 - base_agent.py-base_agent:78 - INFO: "deduction  output data : \u63a8\u65ad\u4fe1\u606f  type : <class 'str'>"
2025-03-28 18:30:23,873 - 140473417803264 - base_agent.py-base_agent:78 - INFO: "web_page_content  output data : \u7f51\u9875\u5185\u5bb9  type : <class 'str'>"
Traceback (most recent call last):
  File "/home/kai/mofa/python/mofa/agent_build/base/base_agent.py", line 236, in wrapper
    func(*args, **kwargs)
  File "/home/kai/mofa_penetration/mofa/python/agent-hub/check_content/check_content/main.py", line 26, in run
    agent.send_output()
TypeError: MofaAgent.send_output() missing 2 required positional arguments: 'agent_output_name' and 'agent_result'
2025-03-28 18:30:23,874 - 140473417803264 - base_agent.py-base_agent:78 - INFO: "deduction  output data : \u63a8\u65ad\u4fe1\u606f  type : <class 'str'>"
2025-03-28 18:30:23,874 - 140473417803264 - base_agent.py-base_agent:78 - INFO: "web_page_content  output data : \u7f51\u9875\u5185\u5bb9  type : <class 'str'>"
Traceback (most recent call last):
  File "/home/kai/mofa/python/mofa/agent_build/base/base_agent.py", line 236, in wrapper
    func(*args, **kwargs)
  File "/home/kai/mofa_penetration/mofa/python/agent-hub/check_content/check_content/main.py", line 26, in run
    agent.send_output()
TypeError: MofaAgent.send_output() missing 2 required positional arguments: 'agent_output_name' and 'agent_result'
2025-03-28 18:30:23,874 - 140473417803264 - base_agent.py-base_agent:78 - INFO: "deduction  output data : \u63a8\u65ad\u4fe1\u606f  type : <class 'str'>"
2025-03-28 18:30:23,874 - 140473417803264 - base_agent.py-base_agent:78 - INFO: "web_page_content  output data : \u7f51\u9875\u5185\u5bb9  type : <class 'str'>"
Traceback (most recent call last):
  File "/home/kai/mofa/python/mofa/agent_build/base/base_agent.py", line 236, in wrapper
    func(*args, **kwargs)
  File "/home/kai/mofa_penetration/mofa/python/agent-hub/check_content/check_content/main.py", line 26, in run
    agent.send_output()
TypeError: MofaAgent.send_output() missing 2 required positional arguments: 'agent_output_name' and 'agent_result'
2025-03-28 18:30:23,874 - 140473417803264 - base_agent.py-base_agent:78 - INFO: "deduction  output data : \u63a8\u65ad\u4fe1\u606f  type : <class 'str'>"
2025-03-28 18:30:23,875 - 140473417803264 - base_agent.py-base_agent:78 - INFO: "web_page_content  output data : \u7f51\u9875\u5185\u5bb9  type : <class 'str'>"
Traceback (most recent call last):
  File "/home/kai/mofa/python/mofa/agent_build/base/base_agent.py", line 236, in wrapper
    func(*args, **kwargs)
  File "/home/kai/mofa_penetration/mofa/python/agent-hub/check_content/check_content/main.py", line 26, in run
    agent.send_output()
TypeError: MofaAgent.send_output() missing 2 required positional arguments: 'agent_output_name' and 'agent_result'
2025-03-28 18:30:23,875 - 140473417803264 - base_agent.py-base_agent:78 - INFO: "deduction  output data : \u63a8\u65ad\u4fe1\u606f  type : <class 'str'>"
2025-03-28 18:30:23,875 - 140473417803264 - base_agent.py-base_agent:78 - INFO: "web_page_content  output data : \u7f51\u9875\u5185\u5bb9  type : <class 'str'>"
Traceback (most recent call last):
  File "/home/kai/mofa/python/mofa/agent_build/base/base_agent.py", line 236, in wrapper
    func(*args, **kwargs)
  File "/home/kai/mofa_penetration/mofa/python/agent-hub/check_content/check_content/main.py", line 26, in run
    agent.send_output()
TypeError: MofaAgent.send_output() missing 2 required positional arguments: 'agent_output_name' and 'agent_result'
2025-03-28 18:30:23,875 - 140473417803264 - base_agent.py-base_agent:78 - INFO: "deduction  output data : \u63a8\u65ad\u4fe1\u606f  type : <class 'str'>"
2025-03-28 18:30:23,876 - 140473417803264 - base_agent.py-base_agent:78 - INFO: "web_page_content  output data : \u7f51\u9875\u5185\u5bb9  type : <class 'str'>"
Traceback (most recent call last):
  File "/home/kai/mofa/python/mofa/agent_build/base/base_agent.py", line 236, in wrapper
    func(*args, **kwargs)
  File "/home/kai/mofa_penetration/mofa/python/agent-hub/check_content/check_content/main.py", line 26, in run
    agent.send_output()
TypeError: MofaAgent.send_output() missing 2 required positional arguments: 'agent_output_name' and 'agent_result'
2025-03-28 18:30:23,876 - 140473417803264 - base_agent.py-base_agent:78 - INFO: "deduction  output data : \u63a8\u65ad\u4fe1\u606f  type : <class 'str'>"
2025-03-28 18:30:23,876 - 140473417803264 - base_agent.py-base_agent:78 - INFO: "web_page_content  output data : \u7f51\u9875\u5185\u5bb9  type : <class 'str'>"
Traceback (most recent call last):
  File "/home/kai/mofa/python/mofa/agent_build/base/base_agent.py", line 236, in wrapper
    func(*args, **kwargs)
  File "/home/kai/mofa_penetration/mofa/python/agent-hub/check_content/check_content/main.py", line 26, in run
    agent.send_output()
TypeError: MofaAgent.send_output() missing 2 required positional arguments: 'agent_output_name' and 'agent_result'
2025-03-28 18:30:23,876 - 140473417803264 - base_agent.py-base_agent:78 - INFO: "deduction  output data : \u63a8\u65ad\u4fe1\u606f  type : <class 'str'>"
2025-03-28 18:30:23,877 - 140473417803264 - base_agent.py-base_agent:78 - INFO: "web_page_content  output data : \u7f51\u9875\u5185\u5bb9  type : <class 'str'>"
Traceback (most recent call last):
  File "/home/kai/mofa/python/mofa/agent_build/base/base_agent.py", line 236, in wrapper
    func(*args, **kwargs)
  File "/home/kai/mofa_penetration/mofa/python/agent-hub/check_content/check_content/main.py", line 26, in run
    agent.send_output()
TypeError: MofaAgent.send_output() missing 2 required positional arguments: 'agent_output_name' and 'agent_result'
Error occurred: MofaAgent.send_output() missing 2 required positional arguments: 'agent_output_name' and 'agent_result'
2025-03-28 18:30:23,877 - 140473417803264 - base_agent.py-base_agent:78 - INFO: "deduction  output data : \u63a8\u65ad\u4fe1\u606f  type : <class 'str'>"
Error occurred: MofaAgent.send_output() missing 2 required positional arguments: 'agent_output_name' and 'agent_result'
2025-03-28 18:30:23,877 - 140473417803264 - base_agent.py-base_agent:78 - INFO: "web_page_content  output data : \u7f51\u9875\u5185\u5bb9  type : <class 'str'>"
Error occurred: MofaAgent.send_output() missing 2 required positional arguments: 'agent_output_name' and 'agent_result'
Traceback (most recent call last):
Error occurred: MofaAgent.send_output() missing 2 required positional arguments: 'agent_output_name' and 'agent_result'
  File "/home/kai/mofa/python/mofa/agent_build/base/base_agent.py", line 236, in wrapper
Error occurred: MofaAgent.send_output() missing 2 required positional arguments: 'agent_output_name' and 'agent_result'
    func(*args, **kwargs)
Error occurred: MofaAgent.send_output() missing 2 required positional arguments: 'agent_output_name' and 'agent_result'
  File "/home/kai/mofa_penetration/mofa/python/agent-hub/check_content/check_content/main.py", line 26, in run
Error occurred: MofaAgent.send_output() missing 2 required positional arguments: 'agent_output_name' and 'agent_result'
    agent.send_output()
Error occurred: MofaAgent.send_output() missing 2 required positional arguments: 'agent_output_name' and 'agent_result'
TypeError: MofaAgent.send_output() missing 2 required positional arguments: 'agent_output_name' and 'agent_result'
Error occurred: MofaAgent.send_output() missing 2 required positional arguments: 'agent_output_name' and 'agent_result'
2025-03-28 18:30:23,877 - 140473417803264 - base_agent.py-base_agent:78 - INFO: "deduction  output data : \u63a8\u65ad\u4fe1\u606f  type : <class 'str'>"
Error occurred: MofaAgent.send_output() missing 2 required positional arguments: 'agent_output_name' and 'agent_result'
2025-03-28 18:30:23,878 - 140473417803264 - base_agent.py-base_agent:78 - INFO: "web_page_content  output data : \u7f51\u9875\u5185\u5bb9  type : <class 'str'>"
Error occurred: MofaAgent.send_output() missing 2 required positional arguments: 'agent_output_name' and 'agent_result'
Traceback (most recent call last):
Error occurred: MofaAgent.send_output() missing 2 required positional arguments: 'agent_output_name' and 'agent_result'
  File "/home/kai/mofa/python/mofa/agent_build/base/base_agent.py", line 236, in wrapper
    func(*args, **kwargs)
  File "/home/kai/mofa_penetration/mofa/python/agent-hub/check_content/check_content/main.py", line 26, in run
    agent.send_output()
TypeError: MofaAgent.send_output() missing 2 required positional arguments: 'agent_output_name' and 'agent_result'
2025-03-28 18:30:23,878 - 140473417803264 - base_agent.py-base_agent:78 - INFO: "deduction  output data : \u63a8\u65ad\u4fe1\u606f  type : <class 'str'>"
2025-03-28 18:30:23,878 - 140473417803264 - base_agent.py-base_agent:78 - INFO: "web_page_content  output data : \u7f51\u9875\u5185\u5bb9  type : <class 'str'>"
Traceback (most recent call last):
  File "/home/kai/mofa/python/mofa/agent_build/base/base_agent.py", line 236, in wrapper
    func(*args, **kwargs)
  File "/home/kai/mofa_penetration/mofa/python/agent-hub/check_content/check_content/main.py", line 26, in run
    agent.send_output()
TypeError: MofaAgent.send_output() missing 2 required positional arguments: 'agent_output_name' and 'agent_result'
2025-03-28 18:30:23,879 - 140473417803264 - base_agent.py-base_agent:78 - INFO: "deduction  output data : \u63a8\u65ad\u4fe1\u606f  type : <class 'str'>"
2025-03-28 18:30:23,879 - 140473417803264 - base_agent.py-base_agent:78 - INFO: "web_page_content  output data : \u7f51\u9875\u5185\u5bb9  type : <class 'str'>"
Traceback (most recent call last):
  File "/home/kai/mofa/python/mofa/agent_build/base/base_agent.py", line 236, in wrapper
    func(*args, **kwargs)
  File "/home/kai/mofa_penetration/mofa/python/agent-hub/check_content/check_content/main.py", line 26, in run
    agent.send_output()
TypeError: MofaAgent.send_output() missing 2 required positional arguments: 'agent_output_name' and 'agent_result'
2025-03-28 18:30:23,879 - 140473417803264 - base_agent.py-base_agent:78 - INFO: "deduction  output data : \u63a8\u65ad\u4fe1\u606f  type : <class 'str'>"
2025-03-28 18:30:23,879 - 140473417803264 - base_agent.py-base_agent:78 - INFO: "web_page_content  output data : \u7f51\u9875\u5185\u5bb9  type : <class 'str'>"
Traceback (most recent call last):
  File "/home/kai/mofa/python/mofa/agent_build/base/base_agent.py", line 236, in wrapper
    func(*args, **kwargs)
  File "/home/kai/mofa_penetration/mofa/python/agent-hub/check_content/check_content/main.py", line 26, in run
    agent.send_output()
TypeError: MofaAgent.send_output() missing 2 required positional arguments: 'agent_output_name' and 'agent_result'
2025-03-28 18:30:23,879 - 140473417803264 - base_agent.py-base_agent:78 - INFO: "deduction  output data : \u63a8\u65ad\u4fe1\u606f  type : <class 'str'>"
2025-03-28 18:30:23,880 - 140473417803264 - base_agent.py-base_agent:78 - INFO: "web_page_content  output data : \u7f51\u9875\u5185\u5bb9  type : <class 'str'>"
Traceback (most recent call last):
  File "/home/kai/mofa/python/mofa/agent_build/base/base_agent.py", line 236, in wrapper
    func(*args, **kwargs)
  File "/home/kai/mofa_penetration/mofa/python/agent-hub/check_content/check_content/main.py", line 26, in run
    agent.send_output()
TypeError: MofaAgent.send_output() missing 2 required positional arguments: 'agent_output_name' and 'agent_result'
2025-03-28 18:30:23,880 - 140473417803264 - base_agent.py-base_agent:78 - INFO: "deduction  output data : \u63a8\u65ad\u4fe1\u606f  type : <class 'str'>"
2025-03-28 18:30:23,880 - 140473417803264 - base_agent.py-base_agent:78 - INFO: "web_page_content  output data : \u7f51\u9875\u5185\u5bb9  type : <class 'str'>"
Traceback (most recent call last):
  File "/home/kai/mofa/python/mofa/agent_build/base/base_agent.py", line 236, in wrapper
    func(*args, **kwargs)
  File "/home/kai/mofa_penetration/mofa/python/agent-hub/check_content/check_content/main.py", line 26, in run
    agent.send_output()
TypeError: MofaAgent.send_output() missing 2 required positional arguments: 'agent_output_name' and 'agent_result'
2025-03-28 18:30:23,881 - 140473417803264 - base_agent.py-base_agent:78 - INFO: "deduction  output data : \u63a8\u65ad\u4fe1\u606f  type : <class 'str'>"
2025-03-28 18:30:23,881 - 140473417803264 - base_agent.py-base_agent:78 - INFO: "web_page_content  output data : \u7f51\u9875\u5185\u5bb9  type : <class 'str'>"
Traceback (most recent call last):
  File "/home/kai/mofa/python/mofa/agent_build/base/base_agent.py", line 236, in wrapper
    func(*args, **kwargs)
  File "/home/kai/mofa_penetration/mofa/python/agent-hub/check_content/check_content/main.py", line 26, in run
    agent.send_output()
TypeError: MofaAgent.send_output() missing 2 required positional arguments: 'agent_output_name' and 'agent_result'
2025-03-28 18:30:23,881 - 140473417803264 - base_agent.py-base_agent:78 - INFO: "deduction  output data : \u63a8\u65ad\u4fe1\u606f  type : <class 'str'>"
2025-03-28 18:30:23,881 - 140473417803264 - base_agent.py-base_agent:78 - INFO: "web_page_content  output data : \u7f51\u9875\u5185\u5bb9  type : <class 'str'>"
Traceback (most recent call last):
  File "/home/kai/mofa/python/mofa/agent_build/base/base_agent.py", line 236, in wrapper
    func(*args, **kwargs)
  File "/home/kai/mofa_penetration/mofa/python/agent-hub/check_content/check_content/main.py", line 26, in run
    agent.send_output()
TypeError: MofaAgent.send_output() missing 2 required positional arguments: 'agent_output_name' and 'agent_result'
2025-03-28 18:30:23,881 - 140473417803264 - base_agent.py-base_agent:78 - INFO: "deduction  output data : \u63a8\u65ad\u4fe1\u606f  type : <class 'str'>"
2025-03-28 18:30:23,882 - 140473417803264 - base_agent.py-base_agent:78 - INFO: "web_page_content  output data : \u7f51\u9875\u5185\u5bb9  type : <class 'str'>"
Traceback (most recent call last):
  File "/home/kai/mofa/python/mofa/agent_build/base/base_agent.py", line 236, in wrapper
    func(*args, **kwargs)
  File "/home/kai/mofa_penetration/mofa/python/agent-hub/check_content/check_content/main.py", line 26, in run
    agent.send_output()
TypeError: MofaAgent.send_output() missing 2 required positional arguments: 'agent_output_name' and 'agent_result'
2025-03-28 18:30:23,882 - 140473417803264 - base_agent.py-base_agent:78 - INFO: "deduction  output data : \u63a8\u65ad\u4fe1\u606f  type : <class 'str'>"
2025-03-28 18:30:23,882 - 140473417803264 - base_agent.py-base_agent:78 - INFO: "web_page_content  output data : \u7f51\u9875\u5185\u5bb9  type : <class 'str'>"
Traceback (most recent call last):
  File "/home/kai/mofa/python/mofa/agent_build/base/base_agent.py", line 236, in wrapper
    func(*args, **kwargs)
  File "/home/kai/mofa_penetration/mofa/python/agent-hub/check_content/check_content/main.py", line 26, in run
    agent.send_output()
TypeError: MofaAgent.send_output() missing 2 required positional arguments: 'agent_output_name' and 'agent_result'
2025-03-28 18:30:23,882 - 140473417803264 - base_agent.py-base_agent:78 - INFO: "deduction  output data : \u63a8\u65ad\u4fe1\u606f  type : <class 'str'>"
2025-03-28 18:30:23,882 - 140473417803264 - base_agent.py-base_agent:78 - INFO: "web_page_content  output data : \u7f51\u9875\u5185\u5bb9  type : <class 'str'>"
Error occurred: MofaAgent.send_output() missing 2 required positional arguments: 'agent_output_name' and 'agent_result'
Traceback (most recent call last):
Error occurred: MofaAgent.send_output() missing 2 required positional arguments: 'agent_output_name' and 'agent_result'
  File "/home/kai/mofa/python/mofa/agent_build/base/base_agent.py", line 236, in wrapper
Error occurred: MofaAgent.send_output() missing 2 required positional arguments: 'agent_output_name' and 'agent_result'
    func(*args, **kwargs)
Error occurred: MofaAgent.send_output() missing 2 required positional arguments: 'agent_output_name' and 'agent_result'
  File "/home/kai/mofa_penetration/mofa/python/agent-hub/check_content/check_content/main.py", line 26, in run
Error occurred: MofaAgent.send_output() missing 2 required positional arguments: 'agent_output_name' and 'agent_result'
    agent.send_output()
Error occurred: MofaAgent.send_output() missing 2 required positional arguments: 'agent_output_name' and 'agent_result'
TypeError: MofaAgent.send_output() missing 2 required positional arguments: 'agent_output_name' and 'agent_result'
Error occurred: MofaAgent.send_output() missing 2 required positional arguments: 'agent_output_name' and 'agent_result'
2025-03-28 18:30:23,883 - 140473417803264 - base_agent.py-base_agent:78 - INFO: "deduction  output data : \u63a8\u65ad\u4fe1\u606f  type : <class 'str'>"
Error occurred: MofaAgent.send_output() missing 2 required positional arguments: 'agent_output_name' and 'agent_result'
2025-03-28 18:30:23,883 - 140473417803264 - base_agent.py-base_agent:78 - INFO: "web_page_content  output data : \u7f51\u9875\u5185\u5bb9  type : <class 'str'>"
Error occurred: MofaAgent.send_output() missing 2 required positional arguments: 'agent_output_name' and 'agent_result'
Traceback (most recent call last):
Error occurred: MofaAgent.send_output() missing 2 required positional arguments: 'agent_output_name' and 'agent_result'
  File "/home/kai/mofa/python/mofa/agent_build/base/base_agent.py", line 236, in wrapper
Error occurred: MofaAgent.send_output() missing 2 required positional arguments: 'agent_output_name' and 'agent_result'
    func(*args, **kwargs)
  File "/home/kai/mofa_penetration/mofa/python/agent-hub/check_content/check_content/main.py", line 26, in run
    agent.send_output()
TypeError: MofaAgent.send_output() missing 2 required positional arguments: 'agent_output_name' and 'agent_result'
2025-03-28 18:30:23,883 - 140473417803264 - base_agent.py-base_agent:78 - INFO: "deduction  output data : \u63a8\u65ad\u4fe1\u606f  type : <class 'str'>"
2025-03-28 18:30:23,883 - 140473417803264 - base_agent.py-base_agent:78 - INFO: "web_page_content  output data : \u7f51\u9875\u5185\u5bb9  type : <class 'str'>"
Traceback (most recent call last):
  File "/home/kai/mofa/python/mofa/agent_build/base/base_agent.py", line 236, in wrapper
    func(*args, **kwargs)
  File "/home/kai/mofa_penetration/mofa/python/agent-hub/check_content/check_content/main.py", line 26, in run
    agent.send_output()
TypeError: MofaAgent.send_output() missing 2 required positional arguments: 'agent_output_name' and 'agent_result'
2025-03-28 18:30:23,883 - 140473417803264 - base_agent.py-base_agent:78 - INFO: "deduction  output data : \u63a8\u65ad\u4fe1\u606f  type : <class 'str'>"
2025-03-28 18:30:23,883 - 140473417803264 - base_agent.py-base_agent:78 - INFO: "web_page_content  output data : \u7f51\u9875\u5185\u5bb9  type : <class 'str'>"
Traceback (most recent call last):
  File "/home/kai/mofa/python/mofa/agent_build/base/base_agent.py", line 236, in wrapper
    func(*args, **kwargs)
  File "/home/kai/mofa_penetration/mofa/python/agent-hub/check_content/check_content/main.py", line 26, in run
    agent.send_output()
TypeError: MofaAgent.send_output() missing 2 required positional arguments: 'agent_output_name' and 'agent_result'
2025-03-28 18:30:23,884 - 140473417803264 - base_agent.py-base_agent:78 - INFO: "deduction  output data : \u63a8\u65ad\u4fe1\u606f  type : <class 'str'>"
2025-03-28 18:30:23,884 - 140473417803264 - base_agent.py-base_agent:78 - INFO: "web_page_content  output data : \u7f51\u9875\u5185\u5bb9  type : <class 'str'>"
Traceback (most recent call last):
  File "/home/kai/mofa/python/mofa/agent_build/base/base_agent.py", line 236, in wrapper
    func(*args, **kwargs)
  File "/home/kai/mofa_penetration/mofa/python/agent-hub/check_content/check_content/main.py", line 26, in run
    agent.send_output()
TypeError: MofaAgent.send_output() missing 2 required positional arguments: 'agent_output_name' and 'agent_result'
2025-03-28 18:30:23,884 - 140473417803264 - base_agent.py-base_agent:78 - INFO: "deduction  output data : \u63a8\u65ad\u4fe1\u606f  type : <class 'str'>"
2025-03-28 18:30:23,884 - 140473417803264 - base_agent.py-base_agent:78 - INFO: "web_page_content  output data : \u7f51\u9875\u5185\u5bb9  type : <class 'str'>"
Traceback (most recent call last):
  File "/home/kai/mofa/python/mofa/agent_build/base/base_agent.py", line 236, in wrapper
    func(*args, **kwargs)
  File "/home/kai/mofa_penetration/mofa/python/agent-hub/check_content/check_content/main.py", line 26, in run
    agent.send_output()
TypeError: MofaAgent.send_output() missing 2 required positional arguments: 'agent_output_name' and 'agent_result'
2025-03-28 18:30:23,884 - 140473417803264 - base_agent.py-base_agent:78 - INFO: "deduction  output data : \u63a8\u65ad\u4fe1\u606f  type : <class 'str'>"
2025-03-28 18:30:23,885 - 140473417803264 - base_agent.py-base_agent:78 - INFO: "web_page_content  output data : \u7f51\u9875\u5185\u5bb9  type : <class 'str'>"
Traceback (most recent call last):
  File "/home/kai/mofa/python/mofa/agent_build/base/base_agent.py", line 236, in wrapper
    func(*args, **kwargs)
  File "/home/kai/mofa_penetration/mofa/python/agent-hub/check_content/check_content/main.py", line 26, in run
    agent.send_output()
TypeError: MofaAgent.send_output() missing 2 required positional arguments: 'agent_output_name' and 'agent_result'
2025-03-28 18:30:23,885 - 140473417803264 - base_agent.py-base_agent:78 - INFO: "deduction  output data : \u63a8\u65ad\u4fe1\u606f  type : <class 'str'>"
2025-03-28 18:30:23,885 - 140473417803264 - base_agent.py-base_agent:78 - INFO: "web_page_content  output data : \u7f51\u9875\u5185\u5bb9  type : <class 'str'>"
Traceback (most recent call last):
  File "/home/kai/mofa/python/mofa/agent_build/base/base_agent.py", line 236, in wrapper
    func(*args, **kwargs)
  File "/home/kai/mofa_penetration/mofa/python/agent-hub/check_content/check_content/main.py", line 26, in run
    agent.send_output()
TypeError: MofaAgent.send_output() missing 2 required positional arguments: 'agent_output_name' and 'agent_result'
2025-03-28 18:30:23,885 - 140473417803264 - base_agent.py-base_agent:78 - INFO: "deduction  output data : \u63a8\u65ad\u4fe1\u606f  type : <class 'str'>"
2025-03-28 18:30:23,885 - 140473417803264 - base_agent.py-base_agent:78 - INFO: "web_page_content  output data : \u7f51\u9875\u5185\u5bb9  type : <class 'str'>"
Traceback (most recent call last):
  File "/home/kai/mofa/python/mofa/agent_build/base/base_agent.py", line 236, in wrapper
    func(*args, **kwargs)
  File "/home/kai/mofa_penetration/mofa/python/agent-hub/check_content/check_content/main.py", line 26, in run
    agent.send_output()
TypeError: MofaAgent.send_output() missing 2 required positional arguments: 'agent_output_name' and 'agent_result'
2025-03-28 18:30:23,886 - 140473417803264 - base_agent.py-base_agent:78 - INFO: "deduction  output data : \u63a8\u65ad\u4fe1\u606f  type : <class 'str'>"
2025-03-28 18:30:23,886 - 140473417803264 - base_agent.py-base_agent:78 - INFO: "web_page_content  output data : \u7f51\u9875\u5185\u5bb9  type : <class 'str'>"
Traceback (most recent call last):
  File "/home/kai/mofa/python/mofa/agent_build/base/base_agent.py", line 236, in wrapper
    func(*args, **kwargs)
  File "/home/kai/mofa_penetration/mofa/python/agent-hub/check_content/check_content/main.py", line 26, in run
    agent.send_output()
TypeError: MofaAgent.send_output() missing 2 required positional arguments: 'agent_output_name' and 'agent_result'
2025-03-28 18:30:23,886 - 140473417803264 - base_agent.py-base_agent:78 - INFO: "deduction  output data : \u63a8\u65ad\u4fe1\u606f  type : <class 'str'>"
2025-03-28 18:30:23,887 - 140473417803264 - base_agent.py-base_agent:78 - INFO: "web_page_content  output data : \u7f51\u9875\u5185\u5bb9  type : <class 'str'>"
Traceback (most recent call last):
  File "/home/kai/mofa/python/mofa/agent_build/base/base_agent.py", line 236, in wrapper
    func(*args, **kwargs)
  File "/home/kai/mofa_penetration/mofa/python/agent-hub/check_content/check_content/main.py", line 26, in run
    agent.send_output()
TypeError: MofaAgent.send_output() missing 2 required positional arguments: 'agent_output_name' and 'agent_result'
2025-03-28 18:30:23,887 - 140473417803264 - base_agent.py-base_agent:78 - INFO: "deduction  output data : \u63a8\u65ad\u4fe1\u606f  type : <class 'str'>"
2025-03-28 18:30:23,887 - 140473417803264 - base_agent.py-base_agent:78 - INFO: "web_page_content  output data : \u7f51\u9875\u5185\u5bb9  type : <class 'str'>"
Traceback (most recent call last):
  File "/home/kai/mofa/python/mofa/agent_build/base/base_agent.py", line 236, in wrapper
    func(*args, **kwargs)
  File "/home/kai/mofa_penetration/mofa/python/agent-hub/check_content/check_content/main.py", line 26, in run
Error occurred: MofaAgent.send_output() missing 2 required positional arguments: 'agent_output_name' and 'agent_result'
    agent.send_output()
Error occurred: MofaAgent.send_output() missing 2 required positional arguments: 'agent_output_name' and 'agent_result'
TypeError: MofaAgent.send_output() missing 2 required positional arguments: 'agent_output_name' and 'agent_result'
Error occurred: MofaAgent.send_output() missing 2 required positional arguments: 'agent_output_name' and 'agent_result'
2025-03-28 18:30:23,887 - 140473417803264 - base_agent.py-base_agent:78 - INFO: "deduction  output data : \u63a8\u65ad\u4fe1\u606f  type : <class 'str'>"
Error occurred: MofaAgent.send_output() missing 2 required positional arguments: 'agent_output_name' and 'agent_result'
2025-03-28 18:30:23,888 - 140473417803264 - base_agent.py-base_agent:78 - INFO: "web_page_content  output data : \u7f51\u9875\u5185\u5bb9  type : <class 'str'>"
Error occurred: MofaAgent.send_output() missing 2 required positional arguments: 'agent_output_name' and 'agent_result'
Traceback (most recent call last):
Error occurred: MofaAgent.send_output() missing 2 required positional arguments: 'agent_output_name' and 'agent_result'
  File "/home/kai/mofa/python/mofa/agent_build/base/base_agent.py", line 236, in wrapper
Error occurred: MofaAgent.send_output() missing 2 required positional arguments: 'agent_output_name' and 'agent_result'
    func(*args, **kwargs)
Error occurred: MofaAgent.send_output() missing 2 required positional arguments: 'agent_output_name' and 'agent_result'
  File "/home/kai/mofa_penetration/mofa/python/agent-hub/check_content/check_content/main.py", line 26, in run
Error occurred: MofaAgent.send_output() missing 2 required positional arguments: 'agent_output_name' and 'agent_result'
    agent.send_output()
Error occurred: MofaAgent.send_output() missing 2 required positional arguments: 'agent_output_name' and 'agent_result'
TypeError: MofaAgent.send_output() missing 2 required positional arguments: 'agent_output_name' and 'agent_result'
Error occurred: MofaAgent.send_output() missing 2 required positional arguments: 'agent_output_name' and 'agent_result'
2025-03-28 18:30:23,888 - 140473417803264 - base_agent.py-base_agent:78 - INFO: "deduction  output data : \u63a8\u65ad\u4fe1\u606f  type : <class 'str'>"
2025-03-28 18:30:23,888 - 140473417803264 - base_agent.py-base_agent:78 - INFO: "web_page_content  output data : \u7f51\u9875\u5185\u5bb9  type : <class 'str'>"
Traceback (most recent call last):
  File "/home/kai/mofa/python/mofa/agent_build/base/base_agent.py", line 236, in wrapper
    func(*args, **kwargs)
  File "/home/kai/mofa_penetration/mofa/python/agent-hub/check_content/check_content/main.py", line 26, in run
    agent.send_output()
TypeError: MofaAgent.send_output() missing 2 required positional arguments: 'agent_output_name' and 'agent_result'
2025-03-28 18:30:23,889 - 140473417803264 - base_agent.py-base_agent:78 - INFO: "deduction  output data : \u63a8\u65ad\u4fe1\u606f  type : <class 'str'>"
2025-03-28 18:30:23,889 - 140473417803264 - base_agent.py-base_agent:78 - INFO: "web_page_content  output data : \u7f51\u9875\u5185\u5bb9  type : <class 'str'>"
Traceback (most recent call last):
  File "/home/kai/mofa/python/mofa/agent_build/base/base_agent.py", line 236, in wrapper
    func(*args, **kwargs)
  File "/home/kai/mofa_penetration/mofa/python/agent-hub/check_content/check_content/main.py", line 26, in run
    agent.send_output()
TypeError: MofaAgent.send_output() missing 2 required positional arguments: 'agent_output_name' and 'agent_result'
2025-03-28 18:30:23,889 - 140473417803264 - base_agent.py-base_agent:78 - INFO: "deduction  output data : \u63a8\u65ad\u4fe1\u606f  type : <class 'str'>"
2025-03-28 18:30:23,889 - 140473417803264 - base_agent.py-base_agent:78 - INFO: "web_page_content  output data : \u7f51\u9875\u5185\u5bb9  type : <class 'str'>"
Traceback (most recent call last):
  File "/home/kai/mofa/python/mofa/agent_build/base/base_agent.py", line 236, in wrapper
    func(*args, **kwargs)
  File "/home/kai/mofa_penetration/mofa/python/agent-hub/check_content/check_content/main.py", line 26, in run
    agent.send_output()
TypeError: MofaAgent.send_output() missing 2 required positional arguments: 'agent_output_name' and 'agent_result'
2025-03-28 18:30:23,889 - 140473417803264 - base_agent.py-base_agent:78 - INFO: "deduction  output data : \u63a8\u65ad\u4fe1\u606f  type : <class 'str'>"
2025-03-28 18:30:23,889 - 140473417803264 - base_agent.py-base_agent:78 - INFO: "web_page_content  output data : \u7f51\u9875\u5185\u5bb9  type : <class 'str'>"
Traceback (most recent call last):
  File "/home/kai/mofa/python/mofa/agent_build/base/base_agent.py", line 236, in wrapper
    func(*args, **kwargs)
  File "/home/kai/mofa_penetration/mofa/python/agent-hub/check_content/check_content/main.py", line 26, in run
    agent.send_output()
TypeError: MofaAgent.send_output() missing 2 required positional arguments: 'agent_output_name' and 'agent_result'
2025-03-28 18:30:23,890 - 140473417803264 - base_agent.py-base_agent:78 - INFO: "deduction  output data : \u63a8\u65ad\u4fe1\u606f  type : <class 'str'>"
2025-03-28 18:30:23,890 - 140473417803264 - base_agent.py-base_agent:78 - INFO: "web_page_content  output data : \u7f51\u9875\u5185\u5bb9  type : <class 'str'>"
Traceback (most recent call last):
  File "/home/kai/mofa/python/mofa/agent_build/base/base_agent.py", line 236, in wrapper
    func(*args, **kwargs)
  File "/home/kai/mofa_penetration/mofa/python/agent-hub/check_content/check_content/main.py", line 26, in run
    agent.send_output()
TypeError: MofaAgent.send_output() missing 2 required positional arguments: 'agent_output_name' and 'agent_result'
2025-03-28 18:30:23,890 - 140473417803264 - base_agent.py-base_agent:78 - INFO: "deduction  output data : \u63a8\u65ad\u4fe1\u606f  type : <class 'str'>"
2025-03-28 18:30:23,890 - 140473417803264 - base_agent.py-base_agent:78 - INFO: "web_page_content  output data : \u7f51\u9875\u5185\u5bb9  type : <class 'str'>"
Traceback (most recent call last):
  File "/home/kai/mofa/python/mofa/agent_build/base/base_agent.py", line 236, in wrapper
    func(*args, **kwargs)
  File "/home/kai/mofa_penetration/mofa/python/agent-hub/check_content/check_content/main.py", line 26, in run
    agent.send_output()
TypeError: MofaAgent.send_output() missing 2 required positional arguments: 'agent_output_name' and 'agent_result'
2025-03-28 18:30:23,891 - 140473417803264 - base_agent.py-base_agent:78 - INFO: "deduction  output data : \u63a8\u65ad\u4fe1\u606f  type : <class 'str'>"
2025-03-28 18:30:23,891 - 140473417803264 - base_agent.py-base_agent:78 - INFO: "web_page_content  output data : \u7f51\u9875\u5185\u5bb9  type : <class 'str'>"
Traceback (most recent call last):
  File "/home/kai/mofa/python/mofa/agent_build/base/base_agent.py", line 236, in wrapper
    func(*args, **kwargs)
  File "/home/kai/mofa_penetration/mofa/python/agent-hub/check_content/check_content/main.py", line 26, in run
    agent.send_output()
TypeError: MofaAgent.send_output() missing 2 required positional arguments: 'agent_output_name' and 'agent_result'
2025-03-28 18:30:23,891 - 140473417803264 - base_agent.py-base_agent:78 - INFO: "deduction  output data : \u63a8\u65ad\u4fe1\u606f  type : <class 'str'>"
2025-03-28 18:30:23,891 - 140473417803264 - base_agent.py-base_agent:78 - INFO: "web_page_content  output data : \u7f51\u9875\u5185\u5bb9  type : <class 'str'>"
Traceback (most recent call last):
  File "/home/kai/mofa/python/mofa/agent_build/base/base_agent.py", line 236, in wrapper
    func(*args, **kwargs)
  File "/home/kai/mofa_penetration/mofa/python/agent-hub/check_content/check_content/main.py", line 26, in run
    agent.send_output()
TypeError: MofaAgent.send_output() missing 2 required positional arguments: 'agent_output_name' and 'agent_result'
2025-03-28 18:30:23,891 - 140473417803264 - base_agent.py-base_agent:78 - INFO: "deduction  output data : \u63a8\u65ad\u4fe1\u606f  type : <class 'str'>"
2025-03-28 18:30:23,892 - 140473417803264 - base_agent.py-base_agent:78 - INFO: "web_page_content  output data : \u7f51\u9875\u5185\u5bb9  type : <class 'str'>"
Traceback (most recent call last):
  File "/home/kai/mofa/python/mofa/agent_build/base/base_agent.py", line 236, in wrapper
    func(*args, **kwargs)
  File "/home/kai/mofa_penetration/mofa/python/agent-hub/check_content/check_content/main.py", line 26, in run
    agent.send_output()
TypeError: MofaAgent.send_output() missing 2 required positional arguments: 'agent_output_name' and 'agent_result'
2025-03-28 18:30:23,892 - 140473417803264 - base_agent.py-base_agent:78 - INFO: "deduction  output data : \u63a8\u65ad\u4fe1\u606f  type : <class 'str'>"
2025-03-28 18:30:23,892 - 140473417803264 - base_agent.py-base_agent:78 - INFO: "web_page_content  output data : \u7f51\u9875\u5185\u5bb9  type : <class 'str'>"
Traceback (most recent call last):
  File "/home/kai/mofa/python/mofa/agent_build/base/base_agent.py", line 236, in wrapper
    func(*args, **kwargs)
  File "/home/kai/mofa_penetration/mofa/python/agent-hub/check_content/check_content/main.py", line 26, in run
    agent.send_output()
TypeError: MofaAgent.send_output() missing 2 required positional arguments: 'agent_output_name' and 'agent_result'
2025-03-28 18:30:23,893 - 140473417803264 - base_agent.py-base_agent:78 - INFO: "deduction  output data : \u63a8\u65ad\u4fe1\u606f  type : <class 'str'>"
2025-03-28 18:30:23,893 - 140473417803264 - base_agent.py-base_agent:78 - INFO: "web_page_content  output data : \u7f51\u9875\u5185\u5bb9  type : <class 'str'>"
Error occurred: MofaAgent.send_output() missing 2 required positional arguments: 'agent_output_name' and 'agent_result'
Traceback (most recent call last):
Error occurred: MofaAgent.send_output() missing 2 required positional arguments: 'agent_output_name' and 'agent_result'
  File "/home/kai/mofa/python/mofa/agent_build/base/base_agent.py", line 236, in wrapper
Error occurred: MofaAgent.send_output() missing 2 required positional arguments: 'agent_output_name' and 'agent_result'
    func(*args, **kwargs)
Error occurred: MofaAgent.send_output() missing 2 required positional arguments: 'agent_output_name' and 'agent_result'
  File "/home/kai/mofa_penetration/mofa/python/agent-hub/check_content/check_content/main.py", line 26, in run
Error occurred: MofaAgent.send_output() missing 2 required positional arguments: 'agent_output_name' and 'agent_result'
    agent.send_output()
Error occurred: MofaAgent.send_output() missing 2 required positional arguments: 'agent_output_name' and 'agent_result'
TypeError: MofaAgent.send_output() missing 2 required positional arguments: 'agent_output_name' and 'agent_result'
Error occurred: MofaAgent.send_output() missing 2 required positional arguments: 'agent_output_name' and 'agent_result'
2025-03-28 18:30:23,893 - 140473417803264 - base_agent.py-base_agent:78 - INFO: "deduction  output data : \u63a8\u65ad\u4fe1\u606f  type : <class 'str'>"
Error occurred: MofaAgent.send_output() missing 2 required positional arguments: 'agent_output_name' and 'agent_result'
2025-03-28 18:30:23,893 - 140473417803264 - base_agent.py-base_agent:78 - INFO: "web_page_content  output data : \u7f51\u9875\u5185\u5bb9  type : <class 'str'>"
Error occurred: MofaAgent.send_output() missing 2 required positional arguments: 'agent_output_name' and 'agent_result'
Traceback (most recent call last):
Error occurred: MofaAgent.send_output() missing 2 required positional arguments: 'agent_output_name' and 'agent_result'
  File "/home/kai/mofa/python/mofa/agent_build/base/base_agent.py", line 236, in wrapper
Error occurred: MofaAgent.send_output() missing 2 required positional arguments: 'agent_output_name' and 'agent_result'
    func(*args, **kwargs)
Error occurred: MofaAgent.send_output() missing 2 required positional arguments: 'agent_output_name' and 'agent_result'
  File "/home/kai/mofa_penetration/mofa/python/agent-hub/check_content/check_content/main.py", line 26, in run
    agent.send_output()
TypeError: MofaAgent.send_output() missing 2 required positional arguments: 'agent_output_name' and 'agent_result'
2025-03-28 18:30:23,894 - 140473417803264 - base_agent.py-base_agent:78 - INFO: "deduction  output data : \u63a8\u65ad\u4fe1\u606f  type : <class 'str'>"
2025-03-28 18:30:23,894 - 140473417803264 - base_agent.py-base_agent:78 - INFO: "web_page_content  output data : \u7f51\u9875\u5185\u5bb9  type : <class 'str'>"
Traceback (most recent call last):
  File "/home/kai/mofa/python/mofa/agent_build/base/base_agent.py", line 236, in wrapper
    func(*args, **kwargs)
  File "/home/kai/mofa_penetration/mofa/python/agent-hub/check_content/check_content/main.py", line 26, in run
    agent.send_output()
TypeError: MofaAgent.send_output() missing 2 required positional arguments: 'agent_output_name' and 'agent_result'
2025-03-28 18:30:23,894 - 140473417803264 - base_agent.py-base_agent:78 - INFO: "deduction  output data : \u63a8\u65ad\u4fe1\u606f  type : <class 'str'>"
2025-03-28 18:30:23,894 - 140473417803264 - base_agent.py-base_agent:78 - INFO: "web_page_content  output data : \u7f51\u9875\u5185\u5bb9  type : <class 'str'>"
Traceback (most recent call last):
  File "/home/kai/mofa/python/mofa/agent_build/base/base_agent.py", line 236, in wrapper
    func(*args, **kwargs)
  File "/home/kai/mofa_penetration/mofa/python/agent-hub/check_content/check_content/main.py", line 26, in run
    agent.send_output()
TypeError: MofaAgent.send_output() missing 2 required positional arguments: 'agent_output_name' and 'agent_result'
2025-03-28 18:30:23,895 - 140473417803264 - base_agent.py-base_agent:78 - INFO: "deduction  output data : \u63a8\u65ad\u4fe1\u606f  type : <class 'str'>"
2025-03-28 18:30:23,895 - 140473417803264 - base_agent.py-base_agent:78 - INFO: "web_page_content  output data : \u7f51\u9875\u5185\u5bb9  type : <class 'str'>"
Traceback (most recent call last):
  File "/home/kai/mofa/python/mofa/agent_build/base/base_agent.py", line 236, in wrapper
    func(*args, **kwargs)
  File "/home/kai/mofa_penetration/mofa/python/agent-hub/check_content/check_content/main.py", line 26, in run
    agent.send_output()
TypeError: MofaAgent.send_output() missing 2 required positional arguments: 'agent_output_name' and 'agent_result'
2025-03-28 18:30:23,895 - 140473417803264 - base_agent.py-base_agent:78 - INFO: "deduction  output data : \u63a8\u65ad\u4fe1\u606f  type : <class 'str'>"
2025-03-28 18:30:23,895 - 140473417803264 - base_agent.py-base_agent:78 - INFO: "web_page_content  output data : \u7f51\u9875\u5185\u5bb9  type : <class 'str'>"
Traceback (most recent call last):
  File "/home/kai/mofa/python/mofa/agent_build/base/base_agent.py", line 236, in wrapper
    func(*args, **kwargs)
  File "/home/kai/mofa_penetration/mofa/python/agent-hub/check_content/check_content/main.py", line 26, in run
    agent.send_output()
TypeError: MofaAgent.send_output() missing 2 required positional arguments: 'agent_output_name' and 'agent_result'
2025-03-28 18:30:23,896 - 140473417803264 - base_agent.py-base_agent:78 - INFO: "deduction  output data : \u63a8\u65ad\u4fe1\u606f  type : <class 'str'>"
2025-03-28 18:30:23,896 - 140473417803264 - base_agent.py-base_agent:78 - INFO: "web_page_content  output data : \u7f51\u9875\u5185\u5bb9  type : <class 'str'>"
Traceback (most recent call last):
  File "/home/kai/mofa/python/mofa/agent_build/base/base_agent.py", line 236, in wrapper
    func(*args, **kwargs)
  File "/home/kai/mofa_penetration/mofa/python/agent-hub/check_content/check_content/main.py", line 26, in run
    agent.send_output()
TypeError: MofaAgent.send_output() missing 2 required positional arguments: 'agent_output_name' and 'agent_result'
2025-03-28 18:30:23,896 - 140473417803264 - base_agent.py-base_agent:78 - INFO: "deduction  output data : \u63a8\u65ad\u4fe1\u606f  type : <class 'str'>"
2025-03-28 18:30:23,897 - 140473417803264 - base_agent.py-base_agent:78 - INFO: "web_page_content  output data : \u7f51\u9875\u5185\u5bb9  type : <class 'str'>"
Traceback (most recent call last):
  File "/home/kai/mofa/python/mofa/agent_build/base/base_agent.py", line 236, in wrapper
    func(*args, **kwargs)
  File "/home/kai/mofa_penetration/mofa/python/agent-hub/check_content/check_content/main.py", line 26, in run
    agent.send_output()
TypeError: MofaAgent.send_output() missing 2 required positional arguments: 'agent_output_name' and 'agent_result'
2025-03-28 18:30:23,897 - 140473417803264 - base_agent.py-base_agent:78 - INFO: "deduction  output data : \u63a8\u65ad\u4fe1\u606f  type : <class 'str'>"
2025-03-28 18:30:23,897 - 140473417803264 - base_agent.py-base_agent:78 - INFO: "web_page_content  output data : \u7f51\u9875\u5185\u5bb9  type : <class 'str'>"
Traceback (most recent call last):
  File "/home/kai/mofa/python/mofa/agent_build/base/base_agent.py", line 236, in wrapper
    func(*args, **kwargs)
  File "/home/kai/mofa_penetration/mofa/python/agent-hub/check_content/check_content/main.py", line 26, in run
    agent.send_output()
TypeError: MofaAgent.send_output() missing 2 required positional arguments: 'agent_output_name' and 'agent_result'
2025-03-28 18:30:23,897 - 140473417803264 - base_agent.py-base_agent:78 - INFO: "deduction  output data : \u63a8\u65ad\u4fe1\u606f  type : <class 'str'>"
2025-03-28 18:30:23,898 - 140473417803264 - base_agent.py-base_agent:78 - INFO: "web_page_content  output data : \u7f51\u9875\u5185\u5bb9  type : <class 'str'>"
Traceback (most recent call last):
  File "/home/kai/mofa/python/mofa/agent_build/base/base_agent.py", line 236, in wrapper
    func(*args, **kwargs)
  File "/home/kai/mofa_penetration/mofa/python/agent-hub/check_content/check_content/main.py", line 26, in run
    agent.send_output()
TypeError: MofaAgent.send_output() missing 2 required positional arguments: 'agent_output_name' and 'agent_result'
2025-03-28 18:30:23,898 - 140473417803264 - base_agent.py-base_agent:78 - INFO: "deduction  output data : \u63a8\u65ad\u4fe1\u606f  type : <class 'str'>"
2025-03-28 18:30:23,898 - 140473417803264 - base_agent.py-base_agent:78 - INFO: "web_page_content  output data : \u7f51\u9875\u5185\u5bb9  type : <class 'str'>"
Traceback (most recent call last):
  File "/home/kai/mofa/python/mofa/agent_build/base/base_agent.py", line 236, in wrapper
    func(*args, **kwargs)
  File "/home/kai/mofa_penetration/mofa/python/agent-hub/check_content/check_content/main.py", line 26, in run
    agent.send_output()
TypeError: MofaAgent.send_output() missing 2 required positional arguments: 'agent_output_name' and 'agent_result'
2025-03-28 18:30:23,898 - 140473417803264 - base_agent.py-base_agent:78 - INFO: "deduction  output data : \u63a8\u65ad\u4fe1\u606f  type : <class 'str'>"
2025-03-28 18:30:23,898 - 140473417803264 - base_agent.py-base_agent:78 - INFO: "web_page_content  output data : \u7f51\u9875\u5185\u5bb9  type : <class 'str'>"
Traceback (most recent call last):
  File "/home/kai/mofa/python/mofa/agent_build/base/base_agent.py", line 236, in wrapper
    func(*args, **kwargs)
  File "/home/kai/mofa_penetration/mofa/python/agent-hub/check_content/check_content/main.py", line 26, in run
Error occurred: MofaAgent.send_output() missing 2 required positional arguments: 'agent_output_name' and 'agent_result'
    agent.send_output()
Error occurred: MofaAgent.send_output() missing 2 required positional arguments: 'agent_output_name' and 'agent_result'
TypeError: MofaAgent.send_output() missing 2 required positional arguments: 'agent_output_name' and 'agent_result'
Error occurred: MofaAgent.send_output() missing 2 required positional arguments: 'agent_output_name' and 'agent_result'
2025-03-28 18:30:23,899 - 140473417803264 - base_agent.py-base_agent:78 - INFO: "deduction  output data : \u63a8\u65ad\u4fe1\u606f  type : <class 'str'>"
Error occurred: MofaAgent.send_output() missing 2 required positional arguments: 'agent_output_name' and 'agent_result'
2025-03-28 18:30:23,899 - 140473417803264 - base_agent.py-base_agent:78 - INFO: "web_page_content  output data : \u7f51\u9875\u5185\u5bb9  type : <class 'str'>"
Error occurred: MofaAgent.send_output() missing 2 required positional arguments: 'agent_output_name' and 'agent_result'
Traceback (most recent call last):
Error occurred: MofaAgent.send_output() missing 2 required positional arguments: 'agent_output_name' and 'agent_result'
  File "/home/kai/mofa/python/mofa/agent_build/base/base_agent.py", line 236, in wrapper
Error occurred: MofaAgent.send_output() missing 2 required positional arguments: 'agent_output_name' and 'agent_result'
    func(*args, **kwargs)
Error occurred: MofaAgent.send_output() missing 2 required positional arguments: 'agent_output_name' and 'agent_result'
  File "/home/kai/mofa_penetration/mofa/python/agent-hub/check_content/check_content/main.py", line 26, in run
Error occurred: MofaAgent.send_output() missing 2 required positional arguments: 'agent_output_name' and 'agent_result'
    agent.send_output()
Error occurred: MofaAgent.send_output() missing 2 required positional arguments: 'agent_output_name' and 'agent_result'
TypeError: MofaAgent.send_output() missing 2 required positional arguments: 'agent_output_name' and 'agent_result'
Error occurred: MofaAgent.send_output() missing 2 required positional arguments: 'agent_output_name' and 'agent_result'
2025-03-28 18:30:23,899 - 140473417803264 - base_agent.py-base_agent:78 - INFO: "deduction  output data : \u63a8\u65ad\u4fe1\u606f  type : <class 'str'>"
2025-03-28 18:30:23,899 - 140473417803264 - base_agent.py-base_agent:78 - INFO: "web_page_content  output data : \u7f51\u9875\u5185\u5bb9  type : <class 'str'>"
Traceback (most recent call last):
  File "/home/kai/mofa/python/mofa/agent_build/base/base_agent.py", line 236, in wrapper
    func(*args, **kwargs)
  File "/home/kai/mofa_penetration/mofa/python/agent-hub/check_content/check_content/main.py", line 26, in run
    agent.send_output()
TypeError: MofaAgent.send_output() missing 2 required positional arguments: 'agent_output_name' and 'agent_result'
2025-03-28 18:30:23,899 - 140473417803264 - base_agent.py-base_agent:78 - INFO: "deduction  output data : \u63a8\u65ad\u4fe1\u606f  type : <class 'str'>"
2025-03-28 18:30:23,900 - 140473417803264 - base_agent.py-base_agent:78 - INFO: "web_page_content  output data : \u7f51\u9875\u5185\u5bb9  type : <class 'str'>"
Traceback (most recent call last):
  File "/home/kai/mofa/python/mofa/agent_build/base/base_agent.py", line 236, in wrapper
    func(*args, **kwargs)
  File "/home/kai/mofa_penetration/mofa/python/agent-hub/check_content/check_content/main.py", line 26, in run
    agent.send_output()
TypeError: MofaAgent.send_output() missing 2 required positional arguments: 'agent_output_name' and 'agent_result'
2025-03-28 18:30:23,900 - 140473417803264 - base_agent.py-base_agent:78 - INFO: "deduction  output data : \u63a8\u65ad\u4fe1\u606f  type : <class 'str'>"
2025-03-28 18:30:23,900 - 140473417803264 - base_agent.py-base_agent:78 - INFO: "web_page_content  output data : \u7f51\u9875\u5185\u5bb9  type : <class 'str'>"
Traceback (most recent call last):
  File "/home/kai/mofa/python/mofa/agent_build/base/base_agent.py", line 236, in wrapper
    func(*args, **kwargs)
  File "/home/kai/mofa_penetration/mofa/python/agent-hub/check_content/check_content/main.py", line 26, in run
    agent.send_output()
TypeError: MofaAgent.send_output() missing 2 required positional arguments: 'agent_output_name' and 'agent_result'
2025-03-28 18:30:23,900 - 140473417803264 - base_agent.py-base_agent:78 - INFO: "deduction  output data : \u63a8\u65ad\u4fe1\u606f  type : <class 'str'>"
2025-03-28 18:30:23,901 - 140473417803264 - base_agent.py-base_agent:78 - INFO: "web_page_content  output data : \u7f51\u9875\u5185\u5bb9  type : <class 'str'>"
Traceback (most recent call last):
  File "/home/kai/mofa/python/mofa/agent_build/base/base_agent.py", line 236, in wrapper
    func(*args, **kwargs)
  File "/home/kai/mofa_penetration/mofa/python/agent-hub/check_content/check_content/main.py", line 26, in run
    agent.send_output()
TypeError: MofaAgent.send_output() missing 2 required positional arguments: 'agent_output_name' and 'agent_result'
2025-03-28 18:30:23,901 - 140473417803264 - base_agent.py-base_agent:78 - INFO: "deduction  output data : \u63a8\u65ad\u4fe1\u606f  type : <class 'str'>"
2025-03-28 18:30:23,901 - 140473417803264 - base_agent.py-base_agent:78 - INFO: "web_page_content  output data : \u7f51\u9875\u5185\u5bb9  type : <class 'str'>"
Traceback (most recent call last):
  File "/home/kai/mofa/python/mofa/agent_build/base/base_agent.py", line 236, in wrapper
    func(*args, **kwargs)
  File "/home/kai/mofa_penetration/mofa/python/agent-hub/check_content/check_content/main.py", line 26, in run
    agent.send_output()
TypeError: MofaAgent.send_output() missing 2 required positional arguments: 'agent_output_name' and 'agent_result'
2025-03-28 18:30:23,901 - 140473417803264 - base_agent.py-base_agent:78 - INFO: "deduction  output data : \u63a8\u65ad\u4fe1\u606f  type : <class 'str'>"
2025-03-28 18:30:23,901 - 140473417803264 - base_agent.py-base_agent:78 - INFO: "web_page_content  output data : \u7f51\u9875\u5185\u5bb9  type : <class 'str'>"
Traceback (most recent call last):
  File "/home/kai/mofa/python/mofa/agent_build/base/base_agent.py", line 236, in wrapper
    func(*args, **kwargs)
  File "/home/kai/mofa_penetration/mofa/python/agent-hub/check_content/check_content/main.py", line 26, in run
    agent.send_output()
TypeError: MofaAgent.send_output() missing 2 required positional arguments: 'agent_output_name' and 'agent_result'
2025-03-28 18:30:23,902 - 140473417803264 - base_agent.py-base_agent:78 - INFO: "deduction  output data : \u63a8\u65ad\u4fe1\u606f  type : <class 'str'>"
2025-03-28 18:30:23,902 - 140473417803264 - base_agent.py-base_agent:78 - INFO: "web_page_content  output data : \u7f51\u9875\u5185\u5bb9  type : <class 'str'>"
Traceback (most recent call last):
  File "/home/kai/mofa/python/mofa/agent_build/base/base_agent.py", line 236, in wrapper
    func(*args, **kwargs)
  File "/home/kai/mofa_penetration/mofa/python/agent-hub/check_content/check_content/main.py", line 26, in run
    agent.send_output()
TypeError: MofaAgent.send_output() missing 2 required positional arguments: 'agent_output_name' and 'agent_result'
2025-03-28 18:30:23,902 - 140473417803264 - base_agent.py-base_agent:78 - INFO: "deduction  output data : \u63a8\u65ad\u4fe1\u606f  type : <class 'str'>"
2025-03-28 18:30:23,902 - 140473417803264 - base_agent.py-base_agent:78 - INFO: "web_page_content  output data : \u7f51\u9875\u5185\u5bb9  type : <class 'str'>"
Traceback (most recent call last):
  File "/home/kai/mofa/python/mofa/agent_build/base/base_agent.py", line 236, in wrapper
    func(*args, **kwargs)
  File "/home/kai/mofa_penetration/mofa/python/agent-hub/check_content/check_content/main.py", line 26, in run
    agent.send_output()
TypeError: MofaAgent.send_output() missing 2 required positional arguments: 'agent_output_name' and 'agent_result'
2025-03-28 18:30:23,903 - 140473417803264 - base_agent.py-base_agent:78 - INFO: "deduction  output data : \u63a8\u65ad\u4fe1\u606f  type : <class 'str'>"
2025-03-28 18:30:23,903 - 140473417803264 - base_agent.py-base_agent:78 - INFO: "web_page_content  output data : \u7f51\u9875\u5185\u5bb9  type : <class 'str'>"
Traceback (most recent call last):
  File "/home/kai/mofa/python/mofa/agent_build/base/base_agent.py", line 236, in wrapper
    func(*args, **kwargs)
  File "/home/kai/mofa_penetration/mofa/python/agent-hub/check_content/check_content/main.py", line 26, in run
    agent.send_output()
TypeError: MofaAgent.send_output() missing 2 required positional arguments: 'agent_output_name' and 'agent_result'
2025-03-28 18:30:23,903 - 140473417803264 - base_agent.py-base_agent:78 - INFO: "deduction  output data : \u63a8\u65ad\u4fe1\u606f  type : <class 'str'>"
2025-03-28 18:30:23,903 - 140473417803264 - base_agent.py-base_agent:78 - INFO: "web_page_content  output data : \u7f51\u9875\u5185\u5bb9  type : <class 'str'>"
Traceback (most recent call last):
  File "/home/kai/mofa/python/mofa/agent_build/base/base_agent.py", line 236, in wrapper
    func(*args, **kwargs)
  File "/home/kai/mofa_penetration/mofa/python/agent-hub/check_content/check_content/main.py", line 26, in run
    agent.send_output()
TypeError: MofaAgent.send_output() missing 2 required positional arguments: 'agent_output_name' and 'agent_result'
2025-03-28 18:30:23,903 - 140473417803264 - base_agent.py-base_agent:78 - INFO: "deduction  output data : \u63a8\u65ad\u4fe1\u606f  type : <class 'str'>"
Error occurred: MofaAgent.send_output() missing 2 required positional arguments: 'agent_output_name' and 'agent_result'
2025-03-28 18:30:23,903 - 140473417803264 - base_agent.py-base_agent:78 - INFO: "web_page_content  output data : \u7f51\u9875\u5185\u5bb9  type : <class 'str'>"
Error occurred: MofaAgent.send_output() missing 2 required positional arguments: 'agent_output_name' and 'agent_result'
Traceback (most recent call last):
Error occurred: MofaAgent.send_output() missing 2 required positional arguments: 'agent_output_name' and 'agent_result'
  File "/home/kai/mofa/python/mofa/agent_build/base/base_agent.py", line 236, in wrapper
Error occurred: MofaAgent.send_output() missing 2 required positional arguments: 'agent_output_name' and 'agent_result'
    func(*args, **kwargs)
Error occurred: MofaAgent.send_output() missing 2 required positional arguments: 'agent_output_name' and 'agent_result'
  File "/home/kai/mofa_penetration/mofa/python/agent-hub/check_content/check_content/main.py", line 26, in run
Error occurred: MofaAgent.send_output() missing 2 required positional arguments: 'agent_output_name' and 'agent_result'
    agent.send_output()
Error occurred: MofaAgent.send_output() missing 2 required positional arguments: 'agent_output_name' and 'agent_result'
TypeError: MofaAgent.send_output() missing 2 required positional arguments: 'agent_output_name' and 'agent_result'
Error occurred: MofaAgent.send_output() missing 2 required positional arguments: 'agent_output_name' and 'agent_result'
2025-03-28 18:30:23,904 - 140473417803264 - base_agent.py-base_agent:78 - INFO: "deduction  output data : \u63a8\u65ad\u4fe1\u606f  type : <class 'str'>"
Error occurred: MofaAgent.send_output() missing 2 required positional arguments: 'agent_output_name' and 'agent_result'
2025-03-28 18:30:23,904 - 140473417803264 - base_agent.py-base_agent:78 - INFO: "web_page_content  output data : \u7f51\u9875\u5185\u5bb9  type : <class 'str'>"
Error occurred: MofaAgent.send_output() missing 2 required positional arguments: 'agent_output_name' and 'agent_result'
Traceback (most recent call last):
Error occurred: MofaAgent.send_output() missing 2 required positional arguments: 'agent_output_name' and 'agent_result'
  File "/home/kai/mofa/python/mofa/agent_build/base/base_agent.py", line 236, in wrapper
    func(*args, **kwargs)
  File "/home/kai/mofa_penetration/mofa/python/agent-hub/check_content/check_content/main.py", line 26, in run
    agent.send_output()
TypeError: MofaAgent.send_output() missing 2 required positional arguments: 'agent_output_name' and 'agent_result'
2025-03-28 18:30:23,904 - 140473417803264 - base_agent.py-base_agent:78 - INFO: "deduction  output data : \u63a8\u65ad\u4fe1\u606f  type : <class 'str'>"
2025-03-28 18:30:23,905 - 140473417803264 - base_agent.py-base_agent:78 - INFO: "web_page_content  output data : \u7f51\u9875\u5185\u5bb9  type : <class 'str'>"
Traceback (most recent call last):
  File "/home/kai/mofa/python/mofa/agent_build/base/base_agent.py", line 236, in wrapper
    func(*args, **kwargs)
  File "/home/kai/mofa_penetration/mofa/python/agent-hub/check_content/check_content/main.py", line 26, in run
    agent.send_output()
TypeError: MofaAgent.send_output() missing 2 required positional arguments: 'agent_output_name' and 'agent_result'
2025-03-28 18:30:23,905 - 140473417803264 - base_agent.py-base_agent:78 - INFO: "deduction  output data : \u63a8\u65ad\u4fe1\u606f  type : <class 'str'>"
2025-03-28 18:30:23,905 - 140473417803264 - base_agent.py-base_agent:78 - INFO: "web_page_content  output data : \u7f51\u9875\u5185\u5bb9  type : <class 'str'>"
Traceback (most recent call last):
  File "/home/kai/mofa/python/mofa/agent_build/base/base_agent.py", line 236, in wrapper
    func(*args, **kwargs)
  File "/home/kai/mofa_penetration/mofa/python/agent-hub/check_content/check_content/main.py", line 26, in run
    agent.send_output()
TypeError: MofaAgent.send_output() missing 2 required positional arguments: 'agent_output_name' and 'agent_result'
2025-03-28 18:30:23,905 - 140473417803264 - base_agent.py-base_agent:78 - INFO: "deduction  output data : \u63a8\u65ad\u4fe1\u606f  type : <class 'str'>"
2025-03-28 18:30:23,905 - 140473417803264 - base_agent.py-base_agent:78 - INFO: "web_page_content  output data : \u7f51\u9875\u5185\u5bb9  type : <class 'str'>"
Traceback (most recent call last):
  File "/home/kai/mofa/python/mofa/agent_build/base/base_agent.py", line 236, in wrapper
    func(*args, **kwargs)
  File "/home/kai/mofa_penetration/mofa/python/agent-hub/check_content/check_content/main.py", line 26, in run
    agent.send_output()
TypeError: MofaAgent.send_output() missing 2 required positional arguments: 'agent_output_name' and 'agent_result'
2025-03-28 18:30:23,906 - 140473417803264 - base_agent.py-base_agent:78 - INFO: "deduction  output data : \u63a8\u65ad\u4fe1\u606f  type : <class 'str'>"
2025-03-28 18:30:23,906 - 140473417803264 - base_agent.py-base_agent:78 - INFO: "web_page_content  output data : \u7f51\u9875\u5185\u5bb9  type : <class 'str'>"
Traceback (most recent call last):
  File "/home/kai/mofa/python/mofa/agent_build/base/base_agent.py", line 236, in wrapper
    func(*args, **kwargs)
  File "/home/kai/mofa_penetration/mofa/python/agent-hub/check_content/check_content/main.py", line 26, in run
    agent.send_output()
TypeError: MofaAgent.send_output() missing 2 required positional arguments: 'agent_output_name' and 'agent_result'
2025-03-28 18:30:23,906 - 140473417803264 - base_agent.py-base_agent:78 - INFO: "deduction  output data : \u63a8\u65ad\u4fe1\u606f  type : <class 'str'>"
2025-03-28 18:30:23,906 - 140473417803264 - base_agent.py-base_agent:78 - INFO: "web_page_content  output data : \u7f51\u9875\u5185\u5bb9  type : <class 'str'>"
Traceback (most recent call last):
  File "/home/kai/mofa/python/mofa/agent_build/base/base_agent.py", line 236, in wrapper
    func(*args, **kwargs)
  File "/home/kai/mofa_penetration/mofa/python/agent-hub/check_content/check_content/main.py", line 26, in run
    agent.send_output()
TypeError: MofaAgent.send_output() missing 2 required positional arguments: 'agent_output_name' and 'agent_result'
2025-03-28 18:30:23,907 - 140473417803264 - base_agent.py-base_agent:78 - INFO: "deduction  output data : \u63a8\u65ad\u4fe1\u606f  type : <class 'str'>"
2025-03-28 18:30:23,907 - 140473417803264 - base_agent.py-base_agent:78 - INFO: "web_page_content  output data : \u7f51\u9875\u5185\u5bb9  type : <class 'str'>"
Traceback (most recent call last):
  File "/home/kai/mofa/python/mofa/agent_build/base/base_agent.py", line 236, in wrapper
    func(*args, **kwargs)
  File "/home/kai/mofa_penetration/mofa/python/agent-hub/check_content/check_content/main.py", line 26, in run
    agent.send_output()
TypeError: MofaAgent.send_output() missing 2 required positional arguments: 'agent_output_name' and 'agent_result'
2025-03-28 18:30:23,907 - 140473417803264 - base_agent.py-base_agent:78 - INFO: "deduction  output data : \u63a8\u65ad\u4fe1\u606f  type : <class 'str'>"
2025-03-28 18:30:23,907 - 140473417803264 - base_agent.py-base_agent:78 - INFO: "web_page_content  output data : \u7f51\u9875\u5185\u5bb9  type : <class 'str'>"
Traceback (most recent call last):
  File "/home/kai/mofa/python/mofa/agent_build/base/base_agent.py", line 236, in wrapper
    func(*args, **kwargs)
  File "/home/kai/mofa_penetration/mofa/python/agent-hub/check_content/check_content/main.py", line 26, in run
    agent.send_output()
TypeError: MofaAgent.send_output() missing 2 required positional arguments: 'agent_output_name' and 'agent_result'
2025-03-28 18:30:23,908 - 140473417803264 - base_agent.py-base_agent:78 - INFO: "deduction  output data : \u63a8\u65ad\u4fe1\u606f  type : <class 'str'>"
2025-03-28 18:30:23,908 - 140473417803264 - base_agent.py-base_agent:78 - INFO: "web_page_content  output data : \u7f51\u9875\u5185\u5bb9  type : <class 'str'>"
Traceback (most recent call last):
  File "/home/kai/mofa/python/mofa/agent_build/base/base_agent.py", line 236, in wrapper
    func(*args, **kwargs)
  File "/home/kai/mofa_penetration/mofa/python/agent-hub/check_content/check_content/main.py", line 26, in run
    agent.send_output()
TypeError: MofaAgent.send_output() missing 2 required positional arguments: 'agent_output_name' and 'agent_result'
2025-03-28 18:30:23,908 - 140473417803264 - base_agent.py-base_agent:78 - INFO: "deduction  output data : \u63a8\u65ad\u4fe1\u606f  type : <class 'str'>"
2025-03-28 18:30:23,908 - 140473417803264 - base_agent.py-base_agent:78 - INFO: "web_page_content  output data : \u7f51\u9875\u5185\u5bb9  type : <class 'str'>"
Traceback (most recent call last):
  File "/home/kai/mofa/python/mofa/agent_build/base/base_agent.py", line 236, in wrapper
    func(*args, **kwargs)
  File "/home/kai/mofa_penetration/mofa/python/agent-hub/check_content/check_content/main.py", line 26, in run
    agent.send_output()
TypeError: MofaAgent.send_output() missing 2 required positional arguments: 'agent_output_name' and 'agent_result'
2025-03-28 18:30:25,391 - 140473417803264 - base_agent.py-base_agent:78 - INFO: "deduction  output data : \u63a8\u65ad\u4fe1\u606f  type : <class 'str'>"
2025-03-28 18:30:25,391 - 140473417803264 - base_agent.py-base_agent:78 - INFO: "web_page_content  output data : \u7f51\u9875\u5185\u5bb9  type : <class 'str'>"
Traceback (most recent call last):
  File "/home/kai/mofa/python/mofa/agent_build/base/base_agent.py", line 236, in wrapper
Error occurred: MofaAgent.send_output() missing 2 required positional arguments: 'agent_output_name' and 'agent_result'
    func(*args, **kwargs)
Error occurred: MofaAgent.send_output() missing 2 required positional arguments: 'agent_output_name' and 'agent_result'
  File "/home/kai/mofa_penetration/mofa/python/agent-hub/check_content/check_content/main.py", line 26, in run
Error occurred: MofaAgent.send_output() missing 2 required positional arguments: 'agent_output_name' and 'agent_result'
    agent.send_output()
Error occurred: MofaAgent.send_output() missing 2 required positional arguments: 'agent_output_name' and 'agent_result'
TypeError: MofaAgent.send_output() missing 2 required positional arguments: 'agent_output_name' and 'agent_result'
Error occurred: MofaAgent.send_output() missing 2 required positional arguments: 'agent_output_name' and 'agent_result'
2025-03-28 18:30:25,392 - 140473417803264 - base_agent.py-base_agent:78 - INFO: "deduction  output data : \u63a8\u65ad\u4fe1\u606f  type : <class 'str'>"
Error occurred: MofaAgent.send_output() missing 2 required positional arguments: 'agent_output_name' and 'agent_result'
2025-03-28 18:30:25,392 - 140473417803264 - base_agent.py-base_agent:78 - INFO: "web_page_content  output data : \u7f51\u9875\u5185\u5bb9  type : <class 'str'>"
Error occurred: MofaAgent.send_output() missing 2 required positional arguments: 'agent_output_name' and 'agent_result'
Traceback (most recent call last):
Error occurred: MofaAgent.send_output() missing 2 required positional arguments: 'agent_output_name' and 'agent_result'
  File "/home/kai/mofa/python/mofa/agent_build/base/base_agent.py", line 236, in wrapper
Error occurred: MofaAgent.send_output() missing 2 required positional arguments: 'agent_output_name' and 'agent_result'
    func(*args, **kwargs)
Error occurred: MofaAgent.send_output() missing 2 required positional arguments: 'agent_output_name' and 'agent_result'
  File "/home/kai/mofa_penetration/mofa/python/agent-hub/check_content/check_content/main.py", line 26, in run
Error occurred: MofaAgent.send_output() missing 2 required positional arguments: 'agent_output_name' and 'agent_result'
    agent.send_output()
Error occurred: MofaAgent.send_output() missing 2 required positional arguments: 'agent_output_name' and 'agent_result'
TypeError: MofaAgent.send_output() missing 2 required positional arguments: 'agent_output_name' and 'agent_result'
2025-03-28 18:30:25,392 - 140473417803264 - base_agent.py-base_agent:78 - INFO: "deduction  output data : \u63a8\u65ad\u4fe1\u606f  type : <class 'str'>"
2025-03-28 18:30:25,393 - 140473417803264 - base_agent.py-base_agent:78 - INFO: "web_page_content  output data : \u7f51\u9875\u5185\u5bb9  type : <class 'str'>"
Traceback (most recent call last):
  File "/home/kai/mofa/python/mofa/agent_build/base/base_agent.py", line 236, in wrapper
    func(*args, **kwargs)
  File "/home/kai/mofa_penetration/mofa/python/agent-hub/check_content/check_content/main.py", line 26, in run
    agent.send_output()
TypeError: MofaAgent.send_output() missing 2 required positional arguments: 'agent_output_name' and 'agent_result'
2025-03-28 18:30:25,393 - 140473417803264 - base_agent.py-base_agent:78 - INFO: "deduction  output data : \u63a8\u65ad\u4fe1\u606f  type : <class 'str'>"
2025-03-28 18:30:25,393 - 140473417803264 - base_agent.py-base_agent:78 - INFO: "web_page_content  output data : \u7f51\u9875\u5185\u5bb9  type : <class 'str'>"
Traceback (most recent call last):
  File "/home/kai/mofa/python/mofa/agent_build/base/base_agent.py", line 236, in wrapper
    func(*args, **kwargs)
  File "/home/kai/mofa_penetration/mofa/python/agent-hub/check_content/check_content/main.py", line 26, in run
    agent.send_output()
TypeError: MofaAgent.send_output() missing 2 required positional arguments: 'agent_output_name' and 'agent_result'
2025-03-28 18:30:25,394 - 140473417803264 - base_agent.py-base_agent:78 - INFO: "deduction  output data : \u63a8\u65ad\u4fe1\u606f  type : <class 'str'>"
2025-03-28 18:30:25,394 - 140473417803264 - base_agent.py-base_agent:78 - INFO: "web_page_content  output data : \u7f51\u9875\u5185\u5bb9  type : <class 'str'>"
Traceback (most recent call last):
  File "/home/kai/mofa/python/mofa/agent_build/base/base_agent.py", line 236, in wrapper
    func(*args, **kwargs)
  File "/home/kai/mofa_penetration/mofa/python/agent-hub/check_content/check_content/main.py", line 26, in run
    agent.send_output()
TypeError: MofaAgent.send_output() missing 2 required positional arguments: 'agent_output_name' and 'agent_result'
2025-03-28 18:30:25,394 - 140473417803264 - base_agent.py-base_agent:78 - INFO: "deduction  output data : \u63a8\u65ad\u4fe1\u606f  type : <class 'str'>"
2025-03-28 18:30:25,394 - 140473417803264 - base_agent.py-base_agent:78 - INFO: "web_page_content  output data : \u7f51\u9875\u5185\u5bb9  type : <class 'str'>"
Traceback (most recent call last):
  File "/home/kai/mofa/python/mofa/agent_build/base/base_agent.py", line 236, in wrapper
    func(*args, **kwargs)
  File "/home/kai/mofa_penetration/mofa/python/agent-hub/check_content/check_content/main.py", line 26, in run
    agent.send_output()
TypeError: MofaAgent.send_output() missing 2 required positional arguments: 'agent_output_name' and 'agent_result'
2025-03-28 18:30:25,395 - 140473417803264 - base_agent.py-base_agent:78 - INFO: "deduction  output data : \u63a8\u65ad\u4fe1\u606f  type : <class 'str'>"
2025-03-28 18:30:25,395 - 140473417803264 - base_agent.py-base_agent:78 - INFO: "web_page_content  output data : \u7f51\u9875\u5185\u5bb9  type : <class 'str'>"
Traceback (most recent call last):
  File "/home/kai/mofa/python/mofa/agent_build/base/base_agent.py", line 236, in wrapper
    func(*args, **kwargs)
  File "/home/kai/mofa_penetration/mofa/python/agent-hub/check_content/check_content/main.py", line 26, in run
    agent.send_output()
TypeError: MofaAgent.send_output() missing 2 required positional arguments: 'agent_output_name' and 'agent_result'
2025-03-28 18:30:25,396 - 140473417803264 - base_agent.py-base_agent:78 - INFO: "deduction  output data : \u63a8\u65ad\u4fe1\u606f  type : <class 'str'>"
2025-03-28 18:30:25,396 - 140473417803264 - base_agent.py-base_agent:78 - INFO: "web_page_content  output data : \u7f51\u9875\u5185\u5bb9  type : <class 'str'>"
Traceback (most recent call last):
  File "/home/kai/mofa/python/mofa/agent_build/base/base_agent.py", line 236, in wrapper
    func(*args, **kwargs)
  File "/home/kai/mofa_penetration/mofa/python/agent-hub/check_content/check_content/main.py", line 26, in run
    agent.send_output()
TypeError: MofaAgent.send_output() missing 2 required positional arguments: 'agent_output_name' and 'agent_result'
2025-03-28 18:30:25,396 - 140473417803264 - base_agent.py-base_agent:78 - INFO: "deduction  output data : \u63a8\u65ad\u4fe1\u606f  type : <class 'str'>"
2025-03-28 18:30:25,397 - 140473417803264 - base_agent.py-base_agent:78 - INFO: "web_page_content  output data : \u7f51\u9875\u5185\u5bb9  type : <class 'str'>"
Traceback (most recent call last):
  File "/home/kai/mofa/python/mofa/agent_build/base/base_agent.py", line 236, in wrapper
    func(*args, **kwargs)
  File "/home/kai/mofa_penetration/mofa/python/agent-hub/check_content/check_content/main.py", line 26, in run
    agent.send_output()
TypeError: MofaAgent.send_output() missing 2 required positional arguments: 'agent_output_name' and 'agent_result'
2025-03-28 18:30:25,397 - 140473417803264 - base_agent.py-base_agent:78 - INFO: "deduction  output data : \u63a8\u65ad\u4fe1\u606f  type : <class 'str'>"
2025-03-28 18:30:25,397 - 140473417803264 - base_agent.py-base_agent:78 - INFO: "web_page_content  output data : \u7f51\u9875\u5185\u5bb9  type : <class 'str'>"
Traceback (most recent call last):
  File "/home/kai/mofa/python/mofa/agent_build/base/base_agent.py", line 236, in wrapper
    func(*args, **kwargs)
  File "/home/kai/mofa_penetration/mofa/python/agent-hub/check_content/check_content/main.py", line 26, in run
    agent.send_output()
TypeError: MofaAgent.send_output() missing 2 required positional arguments: 'agent_output_name' and 'agent_result'
2025-03-28 18:30:25,398 - 140473417803264 - base_agent.py-base_agent:78 - INFO: "deduction  output data : \u63a8\u65ad\u4fe1\u606f  type : <class 'str'>"
2025-03-28 18:30:25,398 - 140473417803264 - base_agent.py-base_agent:78 - INFO: "web_page_content  output data : \u7f51\u9875\u5185\u5bb9  type : <class 'str'>"
Traceback (most recent call last):
  File "/home/kai/mofa/python/mofa/agent_build/base/base_agent.py", line 236, in wrapper
    func(*args, **kwargs)
  File "/home/kai/mofa_penetration/mofa/python/agent-hub/check_content/check_content/main.py", line 26, in run
    agent.send_output()
TypeError: MofaAgent.send_output() missing 2 required positional arguments: 'agent_output_name' and 'agent_result'
2025-03-28 18:30:26,301 - 140473417803264 - base_agent.py-base_agent:78 - INFO: "deduction  output data : \u63a8\u65ad\u4fe1\u606f  type : <class 'str'>"
2025-03-28 18:30:26,301 - 140473417803264 - base_agent.py-base_agent:78 - INFO: "web_page_content  output data : \u7f51\u9875\u5185\u5bb9  type : <class 'str'>"
Traceback (most recent call last):
  File "/home/kai/mofa/python/mofa/agent_build/base/base_agent.py", line 236, in wrapper
    func(*args, **kwargs)
  File "/home/kai/mofa_penetration/mofa/python/agent-hub/check_content/check_content/main.py", line 26, in run
    agent.send_output()
TypeError: MofaAgent.send_output() missing 2 required positional arguments: 'agent_output_name' and 'agent_result'
2025-03-28 18:30:26,301 - 140473417803264 - base_agent.py-base_agent:78 - INFO: "deduction  output data : \u63a8\u65ad\u4fe1\u606f  type : <class 'str'>"
Error occurred: MofaAgent.send_output() missing 2 required positional arguments: 'agent_output_name' and 'agent_result'
2025-03-28 18:30:26,302 - 140473417803264 - base_agent.py-base_agent:78 - INFO: "web_page_content  output data : \u7f51\u9875\u5185\u5bb9  type : <class 'str'>"
Error occurred: MofaAgent.send_output() missing 2 required positional arguments: 'agent_output_name' and 'agent_result'
Traceback (most recent call last):
Error occurred: MofaAgent.send_output() missing 2 required positional arguments: 'agent_output_name' and 'agent_result'
  File "/home/kai/mofa/python/mofa/agent_build/base/base_agent.py", line 236, in wrapper
Error occurred: MofaAgent.send_output() missing 2 required positional arguments: 'agent_output_name' and 'agent_result'
    func(*args, **kwargs)
Error occurred: MofaAgent.send_output() missing 2 required positional arguments: 'agent_output_name' and 'agent_result'
  File "/home/kai/mofa_penetration/mofa/python/agent-hub/check_content/check_content/main.py", line 26, in run
Error occurred: MofaAgent.send_output() missing 2 required positional arguments: 'agent_output_name' and 'agent_result'
    agent.send_output()
Error occurred: MofaAgent.send_output() missing 2 required positional arguments: 'agent_output_name' and 'agent_result'
TypeError: MofaAgent.send_output() missing 2 required positional arguments: 'agent_output_name' and 'agent_result'
Error occurred: MofaAgent.send_output() missing 2 required positional arguments: 'agent_output_name' and 'agent_result'
2025-03-28 18:30:26,302 - 140473417803264 - base_agent.py-base_agent:78 - INFO: "deduction  output data : \u63a8\u65ad\u4fe1\u606f  type : <class 'str'>"
Error occurred: MofaAgent.send_output() missing 2 required positional arguments: 'agent_output_name' and 'agent_result'
2025-03-28 18:30:26,302 - 140473417803264 - base_agent.py-base_agent:78 - INFO: "web_page_content  output data : \u7f51\u9875\u5185\u5bb9  type : <class 'str'>"
Error occurred: MofaAgent.send_output() missing 2 required positional arguments: 'agent_output_name' and 'agent_result'
Traceback (most recent call last):
Error occurred: MofaAgent.send_output() missing 2 required positional arguments: 'agent_output_name' and 'agent_result'
  File "/home/kai/mofa/python/mofa/agent_build/base/base_agent.py", line 236, in wrapper
    func(*args, **kwargs)
  File "/home/kai/mofa_penetration/mofa/python/agent-hub/check_content/check_content/main.py", line 26, in run
    agent.send_output()
TypeError: MofaAgent.send_output() missing 2 required positional arguments: 'agent_output_name' and 'agent_result'
2025-03-28 18:30:26,303 - 140473417803264 - base_agent.py-base_agent:78 - INFO: "deduction  output data : \u63a8\u65ad\u4fe1\u606f  type : <class 'str'>"
2025-03-28 18:30:26,303 - 140473417803264 - base_agent.py-base_agent:78 - INFO: "web_page_content  output data : \u7f51\u9875\u5185\u5bb9  type : <class 'str'>"
Traceback (most recent call last):
  File "/home/kai/mofa/python/mofa/agent_build/base/base_agent.py", line 236, in wrapper
    func(*args, **kwargs)
  File "/home/kai/mofa_penetration/mofa/python/agent-hub/check_content/check_content/main.py", line 26, in run
    agent.send_output()
TypeError: MofaAgent.send_output() missing 2 required positional arguments: 'agent_output_name' and 'agent_result'
2025-03-28 18:30:26,303 - 140473417803264 - base_agent.py-base_agent:78 - INFO: "deduction  output data : \u63a8\u65ad\u4fe1\u606f  type : <class 'str'>"
2025-03-28 18:30:26,304 - 140473417803264 - base_agent.py-base_agent:78 - INFO: "web_page_content  output data : \u7f51\u9875\u5185\u5bb9  type : <class 'str'>"
Traceback (most recent call last):
  File "/home/kai/mofa/python/mofa/agent_build/base/base_agent.py", line 236, in wrapper
    func(*args, **kwargs)
  File "/home/kai/mofa_penetration/mofa/python/agent-hub/check_content/check_content/main.py", line 26, in run
    agent.send_output()
TypeError: MofaAgent.send_output() missing 2 required positional arguments: 'agent_output_name' and 'agent_result'
2025-03-28 18:30:26,304 - 140473417803264 - base_agent.py-base_agent:78 - INFO: "deduction  output data : \u63a8\u65ad\u4fe1\u606f  type : <class 'str'>"
2025-03-28 18:30:26,304 - 140473417803264 - base_agent.py-base_agent:78 - INFO: "web_page_content  output data : \u7f51\u9875\u5185\u5bb9  type : <class 'str'>"
Traceback (most recent call last):
  File "/home/kai/mofa/python/mofa/agent_build/base/base_agent.py", line 236, in wrapper
    func(*args, **kwargs)
  File "/home/kai/mofa_penetration/mofa/python/agent-hub/check_content/check_content/main.py", line 26, in run
    agent.send_output()
TypeError: MofaAgent.send_output() missing 2 required positional arguments: 'agent_output_name' and 'agent_result'
2025-03-28 18:30:26,305 - 140473417803264 - base_agent.py-base_agent:78 - INFO: "deduction  output data : \u63a8\u65ad\u4fe1\u606f  type : <class 'str'>"
2025-03-28 18:30:26,305 - 140473417803264 - base_agent.py-base_agent:78 - INFO: "web_page_content  output data : \u7f51\u9875\u5185\u5bb9  type : <class 'str'>"
Traceback (most recent call last):
  File "/home/kai/mofa/python/mofa/agent_build/base/base_agent.py", line 236, in wrapper
    func(*args, **kwargs)
  File "/home/kai/mofa_penetration/mofa/python/agent-hub/check_content/check_content/main.py", line 26, in run
    agent.send_output()
TypeError: MofaAgent.send_output() missing 2 required positional arguments: 'agent_output_name' and 'agent_result'
2025-03-28 18:30:26,305 - 140473417803264 - base_agent.py-base_agent:78 - INFO: "deduction  output data : \u63a8\u65ad\u4fe1\u606f  type : <class 'str'>"
2025-03-28 18:30:26,306 - 140473417803264 - base_agent.py-base_agent:78 - INFO: "web_page_content  output data : \u7f51\u9875\u5185\u5bb9  type : <class 'str'>"
Traceback (most recent call last):
  File "/home/kai/mofa/python/mofa/agent_build/base/base_agent.py", line 236, in wrapper
    func(*args, **kwargs)
  File "/home/kai/mofa_penetration/mofa/python/agent-hub/check_content/check_content/main.py", line 26, in run
    agent.send_output()
TypeError: MofaAgent.send_output() missing 2 required positional arguments: 'agent_output_name' and 'agent_result'
2025-03-28 18:30:26,306 - 140473417803264 - base_agent.py-base_agent:78 - INFO: "deduction  output data : \u63a8\u65ad\u4fe1\u606f  type : <class 'str'>"
2025-03-28 18:30:26,306 - 140473417803264 - base_agent.py-base_agent:78 - INFO: "web_page_content  output data : \u7f51\u9875\u5185\u5bb9  type : <class 'str'>"
Traceback (most recent call last):
  File "/home/kai/mofa/python/mofa/agent_build/base/base_agent.py", line 236, in wrapper
    func(*args, **kwargs)
  File "/home/kai/mofa_penetration/mofa/python/agent-hub/check_content/check_content/main.py", line 26, in run
    agent.send_output()
TypeError: MofaAgent.send_output() missing 2 required positional arguments: 'agent_output_name' and 'agent_result'
2025-03-28 18:30:26,307 - 140473417803264 - base_agent.py-base_agent:78 - INFO: "deduction  output data : \u63a8\u65ad\u4fe1\u606f  type : <class 'str'>"
2025-03-28 18:30:26,307 - 140473417803264 - base_agent.py-base_agent:78 - INFO: "web_page_content  output data : \u7f51\u9875\u5185\u5bb9  type : <class 'str'>"
Traceback (most recent call last):
  File "/home/kai/mofa/python/mofa/agent_build/base/base_agent.py", line 236, in wrapper
    func(*args, **kwargs)
  File "/home/kai/mofa_penetration/mofa/python/agent-hub/check_content/check_content/main.py", line 26, in run
    agent.send_output()
TypeError: MofaAgent.send_output() missing 2 required positional arguments: 'agent_output_name' and 'agent_result'
2025-03-28 18:30:26,307 - 140473417803264 - base_agent.py-base_agent:78 - INFO: "deduction  output data : \u63a8\u65ad\u4fe1\u606f  type : <class 'str'>"
2025-03-28 18:30:26,308 - 140473417803264 - base_agent.py-base_agent:78 - INFO: "web_page_content  output data : \u7f51\u9875\u5185\u5bb9  type : <class 'str'>"
Traceback (most recent call last):
  File "/home/kai/mofa/python/mofa/agent_build/base/base_agent.py", line 236, in wrapper
    func(*args, **kwargs)
  File "/home/kai/mofa_penetration/mofa/python/agent-hub/check_content/check_content/main.py", line 26, in run
    agent.send_output()
TypeError: MofaAgent.send_output() missing 2 required positional arguments: 'agent_output_name' and 'agent_result'
2025-03-28 18:30:26,308 - 140473417803264 - base_agent.py-base_agent:78 - INFO: "deduction  output data : \u63a8\u65ad\u4fe1\u606f  type : <class 'str'>"
2025-03-28 18:30:26,308 - 140473417803264 - base_agent.py-base_agent:78 - INFO: "web_page_content  output data : \u7f51\u9875\u5185\u5bb9  type : <class 'str'>"
Traceback (most recent call last):
  File "/home/kai/mofa/python/mofa/agent_build/base/base_agent.py", line 236, in wrapper
    func(*args, **kwargs)
  File "/home/kai/mofa_penetration/mofa/python/agent-hub/check_content/check_content/main.py", line 26, in run
    agent.send_output()
TypeError: MofaAgent.send_output() missing 2 required positional arguments: 'agent_output_name' and 'agent_result'
2025-03-28 18:30:27,653 - 140473417803264 - base_agent.py-base_agent:78 - INFO: "deduction  output data : \u63a8\u65ad\u4fe1\u606f  type : <class 'str'>"
2025-03-28 18:30:27,654 - 140473417803264 - base_agent.py-base_agent:78 - INFO: "web_page_content  output data : \u7f51\u9875\u5185\u5bb9  type : <class 'str'>"
Traceback (most recent call last):
  File "/home/kai/mofa/python/mofa/agent_build/base/base_agent.py", line 236, in wrapper
Error occurred: MofaAgent.send_output() missing 2 required positional arguments: 'agent_output_name' and 'agent_result'
    func(*args, **kwargs)
Error occurred: MofaAgent.send_output() missing 2 required positional arguments: 'agent_output_name' and 'agent_result'
  File "/home/kai/mofa_penetration/mofa/python/agent-hub/check_content/check_content/main.py", line 26, in run
Error occurred: MofaAgent.send_output() missing 2 required positional arguments: 'agent_output_name' and 'agent_result'
    agent.send_output()
Error occurred: MofaAgent.send_output() missing 2 required positional arguments: 'agent_output_name' and 'agent_result'
TypeError: MofaAgent.send_output() missing 2 required positional arguments: 'agent_output_name' and 'agent_result'
Error occurred: MofaAgent.send_output() missing 2 required positional arguments: 'agent_output_name' and 'agent_result'
2025-03-28 18:30:27,655 - 140473417803264 - base_agent.py-base_agent:78 - INFO: "deduction  output data : \u63a8\u65ad\u4fe1\u606f  type : <class 'str'>"
Error occurred: MofaAgent.send_output() missing 2 required positional arguments: 'agent_output_name' and 'agent_result'
2025-03-28 18:30:27,655 - 140473417803264 - base_agent.py-base_agent:78 - INFO: "web_page_content  output data : \u7f51\u9875\u5185\u5bb9  type : <class 'str'>"
Error occurred: MofaAgent.send_output() missing 2 required positional arguments: 'agent_output_name' and 'agent_result'
Traceback (most recent call last):
Error occurred: MofaAgent.send_output() missing 2 required positional arguments: 'agent_output_name' and 'agent_result'
  File "/home/kai/mofa/python/mofa/agent_build/base/base_agent.py", line 236, in wrapper
Error occurred: MofaAgent.send_output() missing 2 required positional arguments: 'agent_output_name' and 'agent_result'
    func(*args, **kwargs)
Error occurred: MofaAgent.send_output() missing 2 required positional arguments: 'agent_output_name' and 'agent_result'
  File "/home/kai/mofa_penetration/mofa/python/agent-hub/check_content/check_content/main.py", line 26, in run
Error occurred: MofaAgent.send_output() missing 2 required positional arguments: 'agent_output_name' and 'agent_result'
    agent.send_output()
TypeError: MofaAgent.send_output() missing 2 required positional arguments: 'agent_output_name' and 'agent_result'
2025-03-28 18:30:27,656 - 140473417803264 - base_agent.py-base_agent:78 - INFO: "deduction  output data : \u63a8\u65ad\u4fe1\u606f  type : <class 'str'>"
2025-03-28 18:30:27,656 - 140473417803264 - base_agent.py-base_agent:78 - INFO: "web_page_content  output data : \u7f51\u9875\u5185\u5bb9  type : <class 'str'>"
Traceback (most recent call last):
  File "/home/kai/mofa/python/mofa/agent_build/base/base_agent.py", line 236, in wrapper
    func(*args, **kwargs)
  File "/home/kai/mofa_penetration/mofa/python/agent-hub/check_content/check_content/main.py", line 26, in run
    agent.send_output()
TypeError: MofaAgent.send_output() missing 2 required positional arguments: 'agent_output_name' and 'agent_result'
2025-03-28 18:30:27,656 - 140473417803264 - base_agent.py-base_agent:78 - INFO: "deduction  output data : \u63a8\u65ad\u4fe1\u606f  type : <class 'str'>"
2025-03-28 18:30:27,657 - 140473417803264 - base_agent.py-base_agent:78 - INFO: "web_page_content  output data : \u7f51\u9875\u5185\u5bb9  type : <class 'str'>"
Traceback (most recent call last):
  File "/home/kai/mofa/python/mofa/agent_build/base/base_agent.py", line 236, in wrapper
    func(*args, **kwargs)
  File "/home/kai/mofa_penetration/mofa/python/agent-hub/check_content/check_content/main.py", line 26, in run
    agent.send_output()
TypeError: MofaAgent.send_output() missing 2 required positional arguments: 'agent_output_name' and 'agent_result'
2025-03-28 18:30:27,657 - 140473417803264 - base_agent.py-base_agent:78 - INFO: "deduction  output data : \u63a8\u65ad\u4fe1\u606f  type : <class 'str'>"
2025-03-28 18:30:27,658 - 140473417803264 - base_agent.py-base_agent:78 - INFO: "web_page_content  output data : \u7f51\u9875\u5185\u5bb9  type : <class 'str'>"
Traceback (most recent call last):
  File "/home/kai/mofa/python/mofa/agent_build/base/base_agent.py", line 236, in wrapper
    func(*args, **kwargs)
  File "/home/kai/mofa_penetration/mofa/python/agent-hub/check_content/check_content/main.py", line 26, in run
    agent.send_output()
TypeError: MofaAgent.send_output() missing 2 required positional arguments: 'agent_output_name' and 'agent_result'
2025-03-28 18:30:27,658 - 140473417803264 - base_agent.py-base_agent:78 - INFO: "deduction  output data : \u63a8\u65ad\u4fe1\u606f  type : <class 'str'>"
2025-03-28 18:30:27,658 - 140473417803264 - base_agent.py-base_agent:78 - INFO: "web_page_content  output data : \u7f51\u9875\u5185\u5bb9  type : <class 'str'>"
Traceback (most recent call last):
  File "/home/kai/mofa/python/mofa/agent_build/base/base_agent.py", line 236, in wrapper
    func(*args, **kwargs)
  File "/home/kai/mofa_penetration/mofa/python/agent-hub/check_content/check_content/main.py", line 26, in run
    agent.send_output()
TypeError: MofaAgent.send_output() missing 2 required positional arguments: 'agent_output_name' and 'agent_result'
2025-03-28 18:30:27,659 - 140473417803264 - base_agent.py-base_agent:78 - INFO: "deduction  output data : \u63a8\u65ad\u4fe1\u606f  type : <class 'str'>"
2025-03-28 18:30:27,659 - 140473417803264 - base_agent.py-base_agent:78 - INFO: "web_page_content  output data : \u7f51\u9875\u5185\u5bb9  type : <class 'str'>"
Traceback (most recent call last):
  File "/home/kai/mofa/python/mofa/agent_build/base/base_agent.py", line 236, in wrapper
    func(*args, **kwargs)
  File "/home/kai/mofa_penetration/mofa/python/agent-hub/check_content/check_content/main.py", line 26, in run
    agent.send_output()
TypeError: MofaAgent.send_output() missing 2 required positional arguments: 'agent_output_name' and 'agent_result'
2025-03-28 18:30:27,659 - 140473417803264 - base_agent.py-base_agent:78 - INFO: "deduction  output data : \u63a8\u65ad\u4fe1\u606f  type : <class 'str'>"
2025-03-28 18:30:27,659 - 140473417803264 - base_agent.py-base_agent:78 - INFO: "web_page_content  output data : \u7f51\u9875\u5185\u5bb9  type : <class 'str'>"
Traceback (most recent call last):
  File "/home/kai/mofa/python/mofa/agent_build/base/base_agent.py", line 236, in wrapper
    func(*args, **kwargs)
  File "/home/kai/mofa_penetration/mofa/python/agent-hub/check_content/check_content/main.py", line 26, in run
    agent.send_output()
TypeError: MofaAgent.send_output() missing 2 required positional arguments: 'agent_output_name' and 'agent_result'
2025-03-28 18:30:27,660 - 140473417803264 - base_agent.py-base_agent:78 - INFO: "deduction  output data : \u63a8\u65ad\u4fe1\u606f  type : <class 'str'>"
2025-03-28 18:30:27,660 - 140473417803264 - base_agent.py-base_agent:78 - INFO: "web_page_content  output data : \u7f51\u9875\u5185\u5bb9  type : <class 'str'>"
Traceback (most recent call last):
  File "/home/kai/mofa/python/mofa/agent_build/base/base_agent.py", line 236, in wrapper
    func(*args, **kwargs)
  File "/home/kai/mofa_penetration/mofa/python/agent-hub/check_content/check_content/main.py", line 26, in run
    agent.send_output()
TypeError: MofaAgent.send_output() missing 2 required positional arguments: 'agent_output_name' and 'agent_result'
2025-03-28 18:30:27,660 - 140473417803264 - base_agent.py-base_agent:78 - INFO: "deduction  output data : \u63a8\u65ad\u4fe1\u606f  type : <class 'str'>"
2025-03-28 18:30:27,661 - 140473417803264 - base_agent.py-base_agent:78 - INFO: "web_page_content  output data : \u7f51\u9875\u5185\u5bb9  type : <class 'str'>"
Traceback (most recent call last):
  File "/home/kai/mofa/python/mofa/agent_build/base/base_agent.py", line 236, in wrapper
    func(*args, **kwargs)
  File "/home/kai/mofa_penetration/mofa/python/agent-hub/check_content/check_content/main.py", line 26, in run
    agent.send_output()
TypeError: MofaAgent.send_output() missing 2 required positional arguments: 'agent_output_name' and 'agent_result'
2025-03-28 18:30:27,661 - 140473417803264 - base_agent.py-base_agent:78 - INFO: "deduction  output data : \u63a8\u65ad\u4fe1\u606f  type : <class 'str'>"
2025-03-28 18:30:27,661 - 140473417803264 - base_agent.py-base_agent:78 - INFO: "web_page_content  output data : \u7f51\u9875\u5185\u5bb9  type : <class 'str'>"
Traceback (most recent call last):
  File "/home/kai/mofa/python/mofa/agent_build/base/base_agent.py", line 236, in wrapper
    func(*args, **kwargs)
  File "/home/kai/mofa_penetration/mofa/python/agent-hub/check_content/check_content/main.py", line 26, in run
    agent.send_output()
TypeError: MofaAgent.send_output() missing 2 required positional arguments: 'agent_output_name' and 'agent_result'
2025-03-28 18:30:28,544 - 140473417803264 - base_agent.py-base_agent:78 - INFO: "deduction  output data : \u63a8\u65ad\u4fe1\u606f  type : <class 'str'>"
2025-03-28 18:30:28,545 - 140473417803264 - base_agent.py-base_agent:78 - INFO: "web_page_content  output data : \u7f51\u9875\u5185\u5bb9  type : <class 'str'>"
Traceback (most recent call last):
  File "/home/kai/mofa/python/mofa/agent_build/base/base_agent.py", line 236, in wrapper
    func(*args, **kwargs)
  File "/home/kai/mofa_penetration/mofa/python/agent-hub/check_content/check_content/main.py", line 26, in run
    agent.send_output()
TypeError: MofaAgent.send_output() missing 2 required positional arguments: 'agent_output_name' and 'agent_result'
Error occurred: MofaAgent.send_output() missing 2 required positional arguments: 'agent_output_name' and 'agent_result'
2025-03-28 18:30:28,545 - 140473417803264 - base_agent.py-base_agent:78 - INFO: "deduction  output data : \u63a8\u65ad\u4fe1\u606f  type : <class 'str'>"
Error occurred: MofaAgent.send_output() missing 2 required positional arguments: 'agent_output_name' and 'agent_result'
2025-03-28 18:30:28,545 - 140473417803264 - base_agent.py-base_agent:78 - INFO: "web_page_content  output data : \u7f51\u9875\u5185\u5bb9  type : <class 'str'>"
Error occurred: MofaAgent.send_output() missing 2 required positional arguments: 'agent_output_name' and 'agent_result'
Traceback (most recent call last):
Error occurred: MofaAgent.send_output() missing 2 required positional arguments: 'agent_output_name' and 'agent_result'
  File "/home/kai/mofa/python/mofa/agent_build/base/base_agent.py", line 236, in wrapper
Error occurred: MofaAgent.send_output() missing 2 required positional arguments: 'agent_output_name' and 'agent_result'
    func(*args, **kwargs)
Error occurred: MofaAgent.send_output() missing 2 required positional arguments: 'agent_output_name' and 'agent_result'
  File "/home/kai/mofa_penetration/mofa/python/agent-hub/check_content/check_content/main.py", line 26, in run
Error occurred: MofaAgent.send_output() missing 2 required positional arguments: 'agent_output_name' and 'agent_result'
    agent.send_output()
Error occurred: MofaAgent.send_output() missing 2 required positional arguments: 'agent_output_name' and 'agent_result'
TypeError: MofaAgent.send_output() missing 2 required positional arguments: 'agent_output_name' and 'agent_result'
Error occurred: MofaAgent.send_output() missing 2 required positional arguments: 'agent_output_name' and 'agent_result'
2025-03-28 18:30:28,546 - 140473417803264 - base_agent.py-base_agent:78 - INFO: "deduction  output data : \u63a8\u65ad\u4fe1\u606f  type : <class 'str'>"
Error occurred: MofaAgent.send_output() missing 2 required positional arguments: 'agent_output_name' and 'agent_result'
2025-03-28 18:30:28,546 - 140473417803264 - base_agent.py-base_agent:78 - INFO: "web_page_content  output data : \u7f51\u9875\u5185\u5bb9  type : <class 'str'>"
Error occurred: MofaAgent.send_output() missing 2 required positional arguments: 'agent_output_name' and 'agent_result'
Traceback (most recent call last):
Error occurred: MofaAgent.send_output() missing 2 required positional arguments: 'agent_output_name' and 'agent_result'
  File "/home/kai/mofa/python/mofa/agent_build/base/base_agent.py", line 236, in wrapper
    func(*args, **kwargs)
  File "/home/kai/mofa_penetration/mofa/python/agent-hub/check_content/check_content/main.py", line 26, in run
    agent.send_output()
TypeError: MofaAgent.send_output() missing 2 required positional arguments: 'agent_output_name' and 'agent_result'
2025-03-28 18:30:28,546 - 140473417803264 - base_agent.py-base_agent:78 - INFO: "deduction  output data : \u63a8\u65ad\u4fe1\u606f  type : <class 'str'>"
2025-03-28 18:30:28,547 - 140473417803264 - base_agent.py-base_agent:78 - INFO: "web_page_content  output data : \u7f51\u9875\u5185\u5bb9  type : <class 'str'>"
Traceback (most recent call last):
  File "/home/kai/mofa/python/mofa/agent_build/base/base_agent.py", line 236, in wrapper
    func(*args, **kwargs)
  File "/home/kai/mofa_penetration/mofa/python/agent-hub/check_content/check_content/main.py", line 26, in run
    agent.send_output()
TypeError: MofaAgent.send_output() missing 2 required positional arguments: 'agent_output_name' and 'agent_result'
2025-03-28 18:30:28,547 - 140473417803264 - base_agent.py-base_agent:78 - INFO: "deduction  output data : \u63a8\u65ad\u4fe1\u606f  type : <class 'str'>"
2025-03-28 18:30:28,547 - 140473417803264 - base_agent.py-base_agent:78 - INFO: "web_page_content  output data : \u7f51\u9875\u5185\u5bb9  type : <class 'str'>"
Traceback (most recent call last):
  File "/home/kai/mofa/python/mofa/agent_build/base/base_agent.py", line 236, in wrapper
    func(*args, **kwargs)
  File "/home/kai/mofa_penetration/mofa/python/agent-hub/check_content/check_content/main.py", line 26, in run
    agent.send_output()
TypeError: MofaAgent.send_output() missing 2 required positional arguments: 'agent_output_name' and 'agent_result'
2025-03-28 18:30:28,547 - 140473417803264 - base_agent.py-base_agent:78 - INFO: "deduction  output data : \u63a8\u65ad\u4fe1\u606f  type : <class 'str'>"
2025-03-28 18:30:28,548 - 140473417803264 - base_agent.py-base_agent:78 - INFO: "web_page_content  output data : \u7f51\u9875\u5185\u5bb9  type : <class 'str'>"
Traceback (most recent call last):
  File "/home/kai/mofa/python/mofa/agent_build/base/base_agent.py", line 236, in wrapper
    func(*args, **kwargs)
  File "/home/kai/mofa_penetration/mofa/python/agent-hub/check_content/check_content/main.py", line 26, in run
    agent.send_output()
TypeError: MofaAgent.send_output() missing 2 required positional arguments: 'agent_output_name' and 'agent_result'
2025-03-28 18:30:28,548 - 140473417803264 - base_agent.py-base_agent:78 - INFO: "deduction  output data : \u63a8\u65ad\u4fe1\u606f  type : <class 'str'>"
2025-03-28 18:30:28,548 - 140473417803264 - base_agent.py-base_agent:78 - INFO: "web_page_content  output data : \u7f51\u9875\u5185\u5bb9  type : <class 'str'>"
Traceback (most recent call last):
  File "/home/kai/mofa/python/mofa/agent_build/base/base_agent.py", line 236, in wrapper
    func(*args, **kwargs)
  File "/home/kai/mofa_penetration/mofa/python/agent-hub/check_content/check_content/main.py", line 26, in run
    agent.send_output()
TypeError: MofaAgent.send_output() missing 2 required positional arguments: 'agent_output_name' and 'agent_result'
2025-03-28 18:30:28,549 - 140473417803264 - base_agent.py-base_agent:78 - INFO: "deduction  output data : \u63a8\u65ad\u4fe1\u606f  type : <class 'str'>"
2025-03-28 18:30:28,549 - 140473417803264 - base_agent.py-base_agent:78 - INFO: "web_page_content  output data : \u7f51\u9875\u5185\u5bb9  type : <class 'str'>"
Traceback (most recent call last):
  File "/home/kai/mofa/python/mofa/agent_build/base/base_agent.py", line 236, in wrapper
    func(*args, **kwargs)
  File "/home/kai/mofa_penetration/mofa/python/agent-hub/check_content/check_content/main.py", line 26, in run
    agent.send_output()
TypeError: MofaAgent.send_output() missing 2 required positional arguments: 'agent_output_name' and 'agent_result'
2025-03-28 18:30:28,549 - 140473417803264 - base_agent.py-base_agent:78 - INFO: "deduction  output data : \u63a8\u65ad\u4fe1\u606f  type : <class 'str'>"
2025-03-28 18:30:28,550 - 140473417803264 - base_agent.py-base_agent:78 - INFO: "web_page_content  output data : \u7f51\u9875\u5185\u5bb9  type : <class 'str'>"
Traceback (most recent call last):
  File "/home/kai/mofa/python/mofa/agent_build/base/base_agent.py", line 236, in wrapper
    func(*args, **kwargs)
  File "/home/kai/mofa_penetration/mofa/python/agent-hub/check_content/check_content/main.py", line 26, in run
    agent.send_output()
TypeError: MofaAgent.send_output() missing 2 required positional arguments: 'agent_output_name' and 'agent_result'
2025-03-28 18:30:28,550 - 140473417803264 - base_agent.py-base_agent:78 - INFO: "deduction  output data : \u63a8\u65ad\u4fe1\u606f  type : <class 'str'>"
2025-03-28 18:30:28,550 - 140473417803264 - base_agent.py-base_agent:78 - INFO: "web_page_content  output data : \u7f51\u9875\u5185\u5bb9  type : <class 'str'>"
Traceback (most recent call last):
  File "/home/kai/mofa/python/mofa/agent_build/base/base_agent.py", line 236, in wrapper
    func(*args, **kwargs)
  File "/home/kai/mofa_penetration/mofa/python/agent-hub/check_content/check_content/main.py", line 26, in run
    agent.send_output()
TypeError: MofaAgent.send_output() missing 2 required positional arguments: 'agent_output_name' and 'agent_result'
2025-03-28 18:30:28,551 - 140473417803264 - base_agent.py-base_agent:78 - INFO: "deduction  output data : \u63a8\u65ad\u4fe1\u606f  type : <class 'str'>"
2025-03-28 18:30:28,551 - 140473417803264 - base_agent.py-base_agent:78 - INFO: "web_page_content  output data : \u7f51\u9875\u5185\u5bb9  type : <class 'str'>"
Traceback (most recent call last):
  File "/home/kai/mofa/python/mofa/agent_build/base/base_agent.py", line 236, in wrapper
    func(*args, **kwargs)
  File "/home/kai/mofa_penetration/mofa/python/agent-hub/check_content/check_content/main.py", line 26, in run
    agent.send_output()
TypeError: MofaAgent.send_output() missing 2 required positional arguments: 'agent_output_name' and 'agent_result'
2025-03-28 18:30:29,450 - 140473417803264 - base_agent.py-base_agent:78 - INFO: "deduction  output data : \u63a8\u65ad\u4fe1\u606f  type : <class 'str'>"
2025-03-28 18:30:29,451 - 140473417803264 - base_agent.py-base_agent:78 - INFO: "web_page_content  output data : \u7f51\u9875\u5185\u5bb9  type : <class 'str'>"
Traceback (most recent call last):
  File "/home/kai/mofa/python/mofa/agent_build/base/base_agent.py", line 236, in wrapper
    func(*args, **kwargs)
  File "/home/kai/mofa_penetration/mofa/python/agent-hub/check_content/check_content/main.py", line 26, in run
    agent.send_output()
TypeError: MofaAgent.send_output() missing 2 required positional arguments: 'agent_output_name' and 'agent_result'
2025-03-28 18:30:29,451 - 140473417803264 - base_agent.py-base_agent:78 - INFO: "deduction  output data : \u63a8\u65ad\u4fe1\u606f  type : <class 'str'>"
2025-03-28 18:30:29,451 - 140473417803264 - base_agent.py-base_agent:78 - INFO: "web_page_content  output data : \u7f51\u9875\u5185\u5bb9  type : <class 'str'>"
Error occurred: MofaAgent.send_output() missing 2 required positional arguments: 'agent_output_name' and 'agent_result'
Traceback (most recent call last):
Error occurred: MofaAgent.send_output() missing 2 required positional arguments: 'agent_output_name' and 'agent_result'
  File "/home/kai/mofa/python/mofa/agent_build/base/base_agent.py", line 236, in wrapper
Error occurred: MofaAgent.send_output() missing 2 required positional arguments: 'agent_output_name' and 'agent_result'
    func(*args, **kwargs)
Error occurred: MofaAgent.send_output() missing 2 required positional arguments: 'agent_output_name' and 'agent_result'
  File "/home/kai/mofa_penetration/mofa/python/agent-hub/check_content/check_content/main.py", line 26, in run
Error occurred: MofaAgent.send_output() missing 2 required positional arguments: 'agent_output_name' and 'agent_result'
    agent.send_output()
Error occurred: MofaAgent.send_output() missing 2 required positional arguments: 'agent_output_name' and 'agent_result'
TypeError: MofaAgent.send_output() missing 2 required positional arguments: 'agent_output_name' and 'agent_result'
Error occurred: MofaAgent.send_output() missing 2 required positional arguments: 'agent_output_name' and 'agent_result'
2025-03-28 18:30:29,452 - 140473417803264 - base_agent.py-base_agent:78 - INFO: "deduction  output data : \u63a8\u65ad\u4fe1\u606f  type : <class 'str'>"
Error occurred: MofaAgent.send_output() missing 2 required positional arguments: 'agent_output_name' and 'agent_result'
2025-03-28 18:30:29,452 - 140473417803264 - base_agent.py-base_agent:78 - INFO: "web_page_content  output data : \u7f51\u9875\u5185\u5bb9  type : <class 'str'>"
Error occurred: MofaAgent.send_output() missing 2 required positional arguments: 'agent_output_name' and 'agent_result'
Traceback (most recent call last):
Error occurred: MofaAgent.send_output() missing 2 required positional arguments: 'agent_output_name' and 'agent_result'
  File "/home/kai/mofa/python/mofa/agent_build/base/base_agent.py", line 236, in wrapper
Error occurred: MofaAgent.send_output() missing 2 required positional arguments: 'agent_output_name' and 'agent_result'
    func(*args, **kwargs)
  File "/home/kai/mofa_penetration/mofa/python/agent-hub/check_content/check_content/main.py", line 26, in run
    agent.send_output()
TypeError: MofaAgent.send_output() missing 2 required positional arguments: 'agent_output_name' and 'agent_result'
2025-03-28 18:30:29,452 - 140473417803264 - base_agent.py-base_agent:78 - INFO: "deduction  output data : \u63a8\u65ad\u4fe1\u606f  type : <class 'str'>"
2025-03-28 18:30:29,453 - 140473417803264 - base_agent.py-base_agent:78 - INFO: "web_page_content  output data : \u7f51\u9875\u5185\u5bb9  type : <class 'str'>"
Traceback (most recent call last):
  File "/home/kai/mofa/python/mofa/agent_build/base/base_agent.py", line 236, in wrapper
    func(*args, **kwargs)
  File "/home/kai/mofa_penetration/mofa/python/agent-hub/check_content/check_content/main.py", line 26, in run
    agent.send_output()
TypeError: MofaAgent.send_output() missing 2 required positional arguments: 'agent_output_name' and 'agent_result'
2025-03-28 18:30:29,453 - 140473417803264 - base_agent.py-base_agent:78 - INFO: "deduction  output data : \u63a8\u65ad\u4fe1\u606f  type : <class 'str'>"
2025-03-28 18:30:29,453 - 140473417803264 - base_agent.py-base_agent:78 - INFO: "web_page_content  output data : \u7f51\u9875\u5185\u5bb9  type : <class 'str'>"
Traceback (most recent call last):
  File "/home/kai/mofa/python/mofa/agent_build/base/base_agent.py", line 236, in wrapper
    func(*args, **kwargs)
  File "/home/kai/mofa_penetration/mofa/python/agent-hub/check_content/check_content/main.py", line 26, in run
    agent.send_output()
TypeError: MofaAgent.send_output() missing 2 required positional arguments: 'agent_output_name' and 'agent_result'
2025-03-28 18:30:29,454 - 140473417803264 - base_agent.py-base_agent:78 - INFO: "deduction  output data : \u63a8\u65ad\u4fe1\u606f  type : <class 'str'>"
2025-03-28 18:30:29,454 - 140473417803264 - base_agent.py-base_agent:78 - INFO: "web_page_content  output data : \u7f51\u9875\u5185\u5bb9  type : <class 'str'>"
Traceback (most recent call last):
  File "/home/kai/mofa/python/mofa/agent_build/base/base_agent.py", line 236, in wrapper
    func(*args, **kwargs)
  File "/home/kai/mofa_penetration/mofa/python/agent-hub/check_content/check_content/main.py", line 26, in run
    agent.send_output()
TypeError: MofaAgent.send_output() missing 2 required positional arguments: 'agent_output_name' and 'agent_result'
2025-03-28 18:30:29,455 - 140473417803264 - base_agent.py-base_agent:78 - INFO: "deduction  output data : \u63a8\u65ad\u4fe1\u606f  type : <class 'str'>"
2025-03-28 18:30:29,455 - 140473417803264 - base_agent.py-base_agent:78 - INFO: "web_page_content  output data : \u7f51\u9875\u5185\u5bb9  type : <class 'str'>"
Traceback (most recent call last):
  File "/home/kai/mofa/python/mofa/agent_build/base/base_agent.py", line 236, in wrapper
    func(*args, **kwargs)
  File "/home/kai/mofa_penetration/mofa/python/agent-hub/check_content/check_content/main.py", line 26, in run
    agent.send_output()
TypeError: MofaAgent.send_output() missing 2 required positional arguments: 'agent_output_name' and 'agent_result'
2025-03-28 18:30:29,455 - 140473417803264 - base_agent.py-base_agent:78 - INFO: "deduction  output data : \u63a8\u65ad\u4fe1\u606f  type : <class 'str'>"
2025-03-28 18:30:29,455 - 140473417803264 - base_agent.py-base_agent:78 - INFO: "web_page_content  output data : \u7f51\u9875\u5185\u5bb9  type : <class 'str'>"
Traceback (most recent call last):
  File "/home/kai/mofa/python/mofa/agent_build/base/base_agent.py", line 236, in wrapper
    func(*args, **kwargs)
  File "/home/kai/mofa_penetration/mofa/python/agent-hub/check_content/check_content/main.py", line 26, in run
    agent.send_output()
TypeError: MofaAgent.send_output() missing 2 required positional arguments: 'agent_output_name' and 'agent_result'
2025-03-28 18:30:29,456 - 140473417803264 - base_agent.py-base_agent:78 - INFO: "deduction  output data : \u63a8\u65ad\u4fe1\u606f  type : <class 'str'>"
2025-03-28 18:30:29,456 - 140473417803264 - base_agent.py-base_agent:78 - INFO: "web_page_content  output data : \u7f51\u9875\u5185\u5bb9  type : <class 'str'>"
Traceback (most recent call last):
  File "/home/kai/mofa/python/mofa/agent_build/base/base_agent.py", line 236, in wrapper
    func(*args, **kwargs)
  File "/home/kai/mofa_penetration/mofa/python/agent-hub/check_content/check_content/main.py", line 26, in run
    agent.send_output()
TypeError: MofaAgent.send_output() missing 2 required positional arguments: 'agent_output_name' and 'agent_result'
2025-03-28 18:30:29,456 - 140473417803264 - base_agent.py-base_agent:78 - INFO: "deduction  output data : \u63a8\u65ad\u4fe1\u606f  type : <class 'str'>"
2025-03-28 18:30:29,457 - 140473417803264 - base_agent.py-base_agent:78 - INFO: "web_page_content  output data : \u7f51\u9875\u5185\u5bb9  type : <class 'str'>"
Traceback (most recent call last):
  File "/home/kai/mofa/python/mofa/agent_build/base/base_agent.py", line 236, in wrapper
    func(*args, **kwargs)
  File "/home/kai/mofa_penetration/mofa/python/agent-hub/check_content/check_content/main.py", line 26, in run
    agent.send_output()
TypeError: MofaAgent.send_output() missing 2 required positional arguments: 'agent_output_name' and 'agent_result'
2025-03-28 18:30:29,457 - 140473417803264 - base_agent.py-base_agent:78 - INFO: "deduction  output data : \u63a8\u65ad\u4fe1\u606f  type : <class 'str'>"
2025-03-28 18:30:29,457 - 140473417803264 - base_agent.py-base_agent:78 - INFO: "web_page_content  output data : \u7f51\u9875\u5185\u5bb9  type : <class 'str'>"
Traceback (most recent call last):
  File "/home/kai/mofa/python/mofa/agent_build/base/base_agent.py", line 236, in wrapper
    func(*args, **kwargs)
  File "/home/kai/mofa_penetration/mofa/python/agent-hub/check_content/check_content/main.py", line 26, in run
    agent.send_output()
TypeError: MofaAgent.send_output() missing 2 required positional arguments: 'agent_output_name' and 'agent_result'
2025-03-28 18:30:29,458 - 140473417803264 - base_agent.py-base_agent:78 - INFO: "deduction  output data : \u63a8\u65ad\u4fe1\u606f  type : <class 'str'>"
2025-03-28 18:30:29,458 - 140473417803264 - base_agent.py-base_agent:78 - INFO: "web_page_content  output data : \u7f51\u9875\u5185\u5bb9  type : <class 'str'>"
Traceback (most recent call last):
  File "/home/kai/mofa/python/mofa/agent_build/base/base_agent.py", line 236, in wrapper
    func(*args, **kwargs)
  File "/home/kai/mofa_penetration/mofa/python/agent-hub/check_content/check_content/main.py", line 26, in run
    agent.send_output()
TypeError: MofaAgent.send_output() missing 2 required positional arguments: 'agent_output_name' and 'agent_result'
2025-03-28 18:30:30,309 - 140473417803264 - base_agent.py-base_agent:78 - INFO: "deduction  output data : \u63a8\u65ad\u4fe1\u606f  type : <class 'str'>"
2025-03-28 18:30:30,310 - 140473417803264 - base_agent.py-base_agent:78 - INFO: "web_page_content  output data : \u7f51\u9875\u5185\u5bb9  type : <class 'str'>"
Traceback (most recent call last):
  File "/home/kai/mofa/python/mofa/agent_build/base/base_agent.py", line 236, in wrapper
    func(*args, **kwargs)
  File "/home/kai/mofa_penetration/mofa/python/agent-hub/check_content/check_content/main.py", line 26, in run
    agent.send_output()
TypeError: MofaAgent.send_output() missing 2 required positional arguments: 'agent_output_name' and 'agent_result'
Error occurred: MofaAgent.send_output() missing 2 required positional arguments: 'agent_output_name' and 'agent_result'
2025-03-28 18:30:30,310 - 140473417803264 - base_agent.py-base_agent:78 - INFO: "deduction  output data : \u63a8\u65ad\u4fe1\u606f  type : <class 'str'>"
Error occurred: MofaAgent.send_output() missing 2 required positional arguments: 'agent_output_name' and 'agent_result'
2025-03-28 18:30:30,310 - 140473417803264 - base_agent.py-base_agent:78 - INFO: "web_page_content  output data : \u7f51\u9875\u5185\u5bb9  type : <class 'str'>"
Error occurred: MofaAgent.send_output() missing 2 required positional arguments: 'agent_output_name' and 'agent_result'
Traceback (most recent call last):
Error occurred: MofaAgent.send_output() missing 2 required positional arguments: 'agent_output_name' and 'agent_result'
  File "/home/kai/mofa/python/mofa/agent_build/base/base_agent.py", line 236, in wrapper
Error occurred: MofaAgent.send_output() missing 2 required positional arguments: 'agent_output_name' and 'agent_result'
    func(*args, **kwargs)
Error occurred: MofaAgent.send_output() missing 2 required positional arguments: 'agent_output_name' and 'agent_result'
  File "/home/kai/mofa_penetration/mofa/python/agent-hub/check_content/check_content/main.py", line 26, in run
Error occurred: MofaAgent.send_output() missing 2 required positional arguments: 'agent_output_name' and 'agent_result'
    agent.send_output()
Error occurred: MofaAgent.send_output() missing 2 required positional arguments: 'agent_output_name' and 'agent_result'
TypeError: MofaAgent.send_output() missing 2 required positional arguments: 'agent_output_name' and 'agent_result'
Error occurred: MofaAgent.send_output() missing 2 required positional arguments: 'agent_output_name' and 'agent_result'
2025-03-28 18:30:30,311 - 140473417803264 - base_agent.py-base_agent:78 - INFO: "deduction  output data : \u63a8\u65ad\u4fe1\u606f  type : <class 'str'>"
Error occurred: MofaAgent.send_output() missing 2 required positional arguments: 'agent_output_name' and 'agent_result'
2025-03-28 18:30:30,311 - 140473417803264 - base_agent.py-base_agent:78 - INFO: "web_page_content  output data : \u7f51\u9875\u5185\u5bb9  type : <class 'str'>"
Error occurred: MofaAgent.send_output() missing 2 required positional arguments: 'agent_output_name' and 'agent_result'
Traceback (most recent call last):
  File "/home/kai/mofa/python/mofa/agent_build/base/base_agent.py", line 236, in wrapper
    func(*args, **kwargs)
  File "/home/kai/mofa_penetration/mofa/python/agent-hub/check_content/check_content/main.py", line 26, in run
    agent.send_output()
TypeError: MofaAgent.send_output() missing 2 required positional arguments: 'agent_output_name' and 'agent_result'
2025-03-28 18:30:30,311 - 140473417803264 - base_agent.py-base_agent:78 - INFO: "deduction  output data : \u63a8\u65ad\u4fe1\u606f  type : <class 'str'>"
2025-03-28 18:30:30,312 - 140473417803264 - base_agent.py-base_agent:78 - INFO: "web_page_content  output data : \u7f51\u9875\u5185\u5bb9  type : <class 'str'>"
Traceback (most recent call last):
  File "/home/kai/mofa/python/mofa/agent_build/base/base_agent.py", line 236, in wrapper
    func(*args, **kwargs)
  File "/home/kai/mofa_penetration/mofa/python/agent-hub/check_content/check_content/main.py", line 26, in run
    agent.send_output()
TypeError: MofaAgent.send_output() missing 2 required positional arguments: 'agent_output_name' and 'agent_result'
2025-03-28 18:30:30,312 - 140473417803264 - base_agent.py-base_agent:78 - INFO: "deduction  output data : \u63a8\u65ad\u4fe1\u606f  type : <class 'str'>"
2025-03-28 18:30:30,312 - 140473417803264 - base_agent.py-base_agent:78 - INFO: "web_page_content  output data : \u7f51\u9875\u5185\u5bb9  type : <class 'str'>"
Traceback (most recent call last):
  File "/home/kai/mofa/python/mofa/agent_build/base/base_agent.py", line 236, in wrapper
    func(*args, **kwargs)
  File "/home/kai/mofa_penetration/mofa/python/agent-hub/check_content/check_content/main.py", line 26, in run
    agent.send_output()
TypeError: MofaAgent.send_output() missing 2 required positional arguments: 'agent_output_name' and 'agent_result'
2025-03-28 18:30:30,313 - 140473417803264 - base_agent.py-base_agent:78 - INFO: "deduction  output data : \u63a8\u65ad\u4fe1\u606f  type : <class 'str'>"
2025-03-28 18:30:30,313 - 140473417803264 - base_agent.py-base_agent:78 - INFO: "web_page_content  output data : \u7f51\u9875\u5185\u5bb9  type : <class 'str'>"
Traceback (most recent call last):
  File "/home/kai/mofa/python/mofa/agent_build/base/base_agent.py", line 236, in wrapper
    func(*args, **kwargs)
  File "/home/kai/mofa_penetration/mofa/python/agent-hub/check_content/check_content/main.py", line 26, in run
    agent.send_output()
TypeError: MofaAgent.send_output() missing 2 required positional arguments: 'agent_output_name' and 'agent_result'
2025-03-28 18:30:30,313 - 140473417803264 - base_agent.py-base_agent:78 - INFO: "deduction  output data : \u63a8\u65ad\u4fe1\u606f  type : <class 'str'>"
2025-03-28 18:30:30,313 - 140473417803264 - base_agent.py-base_agent:78 - INFO: "web_page_content  output data : \u7f51\u9875\u5185\u5bb9  type : <class 'str'>"
Traceback (most recent call last):
  File "/home/kai/mofa/python/mofa/agent_build/base/base_agent.py", line 236, in wrapper
    func(*args, **kwargs)
  File "/home/kai/mofa_penetration/mofa/python/agent-hub/check_content/check_content/main.py", line 26, in run
    agent.send_output()
TypeError: MofaAgent.send_output() missing 2 required positional arguments: 'agent_output_name' and 'agent_result'
2025-03-28 18:30:30,314 - 140473417803264 - base_agent.py-base_agent:78 - INFO: "deduction  output data : \u63a8\u65ad\u4fe1\u606f  type : <class 'str'>"
2025-03-28 18:30:30,314 - 140473417803264 - base_agent.py-base_agent:78 - INFO: "web_page_content  output data : \u7f51\u9875\u5185\u5bb9  type : <class 'str'>"
Traceback (most recent call last):
  File "/home/kai/mofa/python/mofa/agent_build/base/base_agent.py", line 236, in wrapper
    func(*args, **kwargs)
  File "/home/kai/mofa_penetration/mofa/python/agent-hub/check_content/check_content/main.py", line 26, in run
    agent.send_output()
TypeError: MofaAgent.send_output() missing 2 required positional arguments: 'agent_output_name' and 'agent_result'
2025-03-28 18:30:30,314 - 140473417803264 - base_agent.py-base_agent:78 - INFO: "deduction  output data : \u63a8\u65ad\u4fe1\u606f  type : <class 'str'>"
2025-03-28 18:30:30,314 - 140473417803264 - base_agent.py-base_agent:78 - INFO: "web_page_content  output data : \u7f51\u9875\u5185\u5bb9  type : <class 'str'>"
Traceback (most recent call last):
  File "/home/kai/mofa/python/mofa/agent_build/base/base_agent.py", line 236, in wrapper
    func(*args, **kwargs)
  File "/home/kai/mofa_penetration/mofa/python/agent-hub/check_content/check_content/main.py", line 26, in run
    agent.send_output()
TypeError: MofaAgent.send_output() missing 2 required positional arguments: 'agent_output_name' and 'agent_result'
2025-03-28 18:30:30,315 - 140473417803264 - base_agent.py-base_agent:78 - INFO: "deduction  output data : \u63a8\u65ad\u4fe1\u606f  type : <class 'str'>"
2025-03-28 18:30:30,315 - 140473417803264 - base_agent.py-base_agent:78 - INFO: "web_page_content  output data : \u7f51\u9875\u5185\u5bb9  type : <class 'str'>"
Traceback (most recent call last):
  File "/home/kai/mofa/python/mofa/agent_build/base/base_agent.py", line 236, in wrapper
    func(*args, **kwargs)
  File "/home/kai/mofa_penetration/mofa/python/agent-hub/check_content/check_content/main.py", line 26, in run
    agent.send_output()
TypeError: MofaAgent.send_output() missing 2 required positional arguments: 'agent_output_name' and 'agent_result'
2025-03-28 18:30:30,315 - 140473417803264 - base_agent.py-base_agent:78 - INFO: "deduction  output data : \u63a8\u65ad\u4fe1\u606f  type : <class 'str'>"
2025-03-28 18:30:30,315 - 140473417803264 - base_agent.py-base_agent:78 - INFO: "web_page_content  output data : \u7f51\u9875\u5185\u5bb9  type : <class 'str'>"
Traceback (most recent call last):
  File "/home/kai/mofa/python/mofa/agent_build/base/base_agent.py", line 236, in wrapper
    func(*args, **kwargs)
  File "/home/kai/mofa_penetration/mofa/python/agent-hub/check_content/check_content/main.py", line 26, in run
    agent.send_output()
TypeError: MofaAgent.send_output() missing 2 required positional arguments: 'agent_output_name' and 'agent_result'
2025-03-28 18:30:31,164 - 140473417803264 - base_agent.py-base_agent:78 - INFO: "deduction  output data : \u63a8\u65ad\u4fe1\u606f  type : <class 'str'>"
2025-03-28 18:30:31,164 - 140473417803264 - base_agent.py-base_agent:78 - INFO: "web_page_content  output data : \u7f51\u9875\u5185\u5bb9  type : <class 'str'>"
Traceback (most recent call last):
  File "/home/kai/mofa/python/mofa/agent_build/base/base_agent.py", line 236, in wrapper
    func(*args, **kwargs)
  File "/home/kai/mofa_penetration/mofa/python/agent-hub/check_content/check_content/main.py", line 26, in run
    agent.send_output()
TypeError: MofaAgent.send_output() missing 2 required positional arguments: 'agent_output_name' and 'agent_result'
2025-03-28 18:30:31,164 - 140473417803264 - base_agent.py-base_agent:78 - INFO: "deduction  output data : \u63a8\u65ad\u4fe1\u606f  type : <class 'str'>"
2025-03-28 18:30:31,165 - 140473417803264 - base_agent.py-base_agent:78 - INFO: "web_page_content  output data : \u7f51\u9875\u5185\u5bb9  type : <class 'str'>"
Error occurred: MofaAgent.send_output() missing 2 required positional arguments: 'agent_output_name' and 'agent_result'
Traceback (most recent call last):
Error occurred: MofaAgent.send_output() missing 2 required positional arguments: 'agent_output_name' and 'agent_result'
  File "/home/kai/mofa/python/mofa/agent_build/base/base_agent.py", line 236, in wrapper
Error occurred: MofaAgent.send_output() missing 2 required positional arguments: 'agent_output_name' and 'agent_result'
    func(*args, **kwargs)
Error occurred: MofaAgent.send_output() missing 2 required positional arguments: 'agent_output_name' and 'agent_result'
  File "/home/kai/mofa_penetration/mofa/python/agent-hub/check_content/check_content/main.py", line 26, in run
Error occurred: MofaAgent.send_output() missing 2 required positional arguments: 'agent_output_name' and 'agent_result'
    agent.send_output()
Error occurred: MofaAgent.send_output() missing 2 required positional arguments: 'agent_output_name' and 'agent_result'
TypeError: MofaAgent.send_output() missing 2 required positional arguments: 'agent_output_name' and 'agent_result'
Error occurred: MofaAgent.send_output() missing 2 required positional arguments: 'agent_output_name' and 'agent_result'
2025-03-28 18:30:31,165 - 140473417803264 - base_agent.py-base_agent:78 - INFO: "deduction  output data : \u63a8\u65ad\u4fe1\u606f  type : <class 'str'>"
Error occurred: MofaAgent.send_output() missing 2 required positional arguments: 'agent_output_name' and 'agent_result'
2025-03-28 18:30:31,165 - 140473417803264 - base_agent.py-base_agent:78 - INFO: "web_page_content  output data : \u7f51\u9875\u5185\u5bb9  type : <class 'str'>"
Error occurred: MofaAgent.send_output() missing 2 required positional arguments: 'agent_output_name' and 'agent_result'
Traceback (most recent call last):
Error occurred: MofaAgent.send_output() missing 2 required positional arguments: 'agent_output_name' and 'agent_result'
  File "/home/kai/mofa/python/mofa/agent_build/base/base_agent.py", line 236, in wrapper
Error occurred: MofaAgent.send_output() missing 2 required positional arguments: 'agent_output_name' and 'agent_result'
    func(*args, **kwargs)
Error occurred: MofaAgent.send_output() missing 2 required positional arguments: 'agent_output_name' and 'agent_result'
  File "/home/kai/mofa_penetration/mofa/python/agent-hub/check_content/check_content/main.py", line 26, in run
    agent.send_output()
TypeError: MofaAgent.send_output() missing 2 required positional arguments: 'agent_output_name' and 'agent_result'
2025-03-28 18:30:31,166 - 140473417803264 - base_agent.py-base_agent:78 - INFO: "deduction  output data : \u63a8\u65ad\u4fe1\u606f  type : <class 'str'>"
2025-03-28 18:30:31,166 - 140473417803264 - base_agent.py-base_agent:78 - INFO: "web_page_content  output data : \u7f51\u9875\u5185\u5bb9  type : <class 'str'>"
Traceback (most recent call last):
  File "/home/kai/mofa/python/mofa/agent_build/base/base_agent.py", line 236, in wrapper
    func(*args, **kwargs)
  File "/home/kai/mofa_penetration/mofa/python/agent-hub/check_content/check_content/main.py", line 26, in run
    agent.send_output()
TypeError: MofaAgent.send_output() missing 2 required positional arguments: 'agent_output_name' and 'agent_result'
2025-03-28 18:30:31,166 - 140473417803264 - base_agent.py-base_agent:78 - INFO: "deduction  output data : \u63a8\u65ad\u4fe1\u606f  type : <class 'str'>"
2025-03-28 18:30:31,166 - 140473417803264 - base_agent.py-base_agent:78 - INFO: "web_page_content  output data : \u7f51\u9875\u5185\u5bb9  type : <class 'str'>"
Traceback (most recent call last):
  File "/home/kai/mofa/python/mofa/agent_build/base/base_agent.py", line 236, in wrapper
    func(*args, **kwargs)
  File "/home/kai/mofa_penetration/mofa/python/agent-hub/check_content/check_content/main.py", line 26, in run
    agent.send_output()
TypeError: MofaAgent.send_output() missing 2 required positional arguments: 'agent_output_name' and 'agent_result'
2025-03-28 18:30:31,167 - 140473417803264 - base_agent.py-base_agent:78 - INFO: "deduction  output data : \u63a8\u65ad\u4fe1\u606f  type : <class 'str'>"
2025-03-28 18:30:31,167 - 140473417803264 - base_agent.py-base_agent:78 - INFO: "web_page_content  output data : \u7f51\u9875\u5185\u5bb9  type : <class 'str'>"
Traceback (most recent call last):
  File "/home/kai/mofa/python/mofa/agent_build/base/base_agent.py", line 236, in wrapper
    func(*args, **kwargs)
  File "/home/kai/mofa_penetration/mofa/python/agent-hub/check_content/check_content/main.py", line 26, in run
    agent.send_output()
TypeError: MofaAgent.send_output() missing 2 required positional arguments: 'agent_output_name' and 'agent_result'
2025-03-28 18:30:31,167 - 140473417803264 - base_agent.py-base_agent:78 - INFO: "deduction  output data : \u63a8\u65ad\u4fe1\u606f  type : <class 'str'>"
2025-03-28 18:30:31,168 - 140473417803264 - base_agent.py-base_agent:78 - INFO: "web_page_content  output data : \u7f51\u9875\u5185\u5bb9  type : <class 'str'>"
Traceback (most recent call last):
  File "/home/kai/mofa/python/mofa/agent_build/base/base_agent.py", line 236, in wrapper
    func(*args, **kwargs)
  File "/home/kai/mofa_penetration/mofa/python/agent-hub/check_content/check_content/main.py", line 26, in run
    agent.send_output()
TypeError: MofaAgent.send_output() missing 2 required positional arguments: 'agent_output_name' and 'agent_result'
2025-03-28 18:30:31,168 - 140473417803264 - base_agent.py-base_agent:78 - INFO: "deduction  output data : \u63a8\u65ad\u4fe1\u606f  type : <class 'str'>"
2025-03-28 18:30:31,168 - 140473417803264 - base_agent.py-base_agent:78 - INFO: "web_page_content  output data : \u7f51\u9875\u5185\u5bb9  type : <class 'str'>"
Traceback (most recent call last):
  File "/home/kai/mofa/python/mofa/agent_build/base/base_agent.py", line 236, in wrapper
    func(*args, **kwargs)
  File "/home/kai/mofa_penetration/mofa/python/agent-hub/check_content/check_content/main.py", line 26, in run
    agent.send_output()
TypeError: MofaAgent.send_output() missing 2 required positional arguments: 'agent_output_name' and 'agent_result'
2025-03-28 18:30:31,169 - 140473417803264 - base_agent.py-base_agent:78 - INFO: "deduction  output data : \u63a8\u65ad\u4fe1\u606f  type : <class 'str'>"
2025-03-28 18:30:31,169 - 140473417803264 - base_agent.py-base_agent:78 - INFO: "web_page_content  output data : \u7f51\u9875\u5185\u5bb9  type : <class 'str'>"
Traceback (most recent call last):
  File "/home/kai/mofa/python/mofa/agent_build/base/base_agent.py", line 236, in wrapper
    func(*args, **kwargs)
  File "/home/kai/mofa_penetration/mofa/python/agent-hub/check_content/check_content/main.py", line 26, in run
    agent.send_output()
TypeError: MofaAgent.send_output() missing 2 required positional arguments: 'agent_output_name' and 'agent_result'
2025-03-28 18:30:31,169 - 140473417803264 - base_agent.py-base_agent:78 - INFO: "deduction  output data : \u63a8\u65ad\u4fe1\u606f  type : <class 'str'>"
2025-03-28 18:30:31,169 - 140473417803264 - base_agent.py-base_agent:78 - INFO: "web_page_content  output data : \u7f51\u9875\u5185\u5bb9  type : <class 'str'>"
Traceback (most recent call last):
  File "/home/kai/mofa/python/mofa/agent_build/base/base_agent.py", line 236, in wrapper
    func(*args, **kwargs)
  File "/home/kai/mofa_penetration/mofa/python/agent-hub/check_content/check_content/main.py", line 26, in run
    agent.send_output()
TypeError: MofaAgent.send_output() missing 2 required positional arguments: 'agent_output_name' and 'agent_result'
2025-03-28 18:30:31,170 - 140473417803264 - base_agent.py-base_agent:78 - INFO: "deduction  output data : \u63a8\u65ad\u4fe1\u606f  type : <class 'str'>"
2025-03-28 18:30:31,170 - 140473417803264 - base_agent.py-base_agent:78 - INFO: "web_page_content  output data : \u7f51\u9875\u5185\u5bb9  type : <class 'str'>"
Traceback (most recent call last):
  File "/home/kai/mofa/python/mofa/agent_build/base/base_agent.py", line 236, in wrapper
    func(*args, **kwargs)
  File "/home/kai/mofa_penetration/mofa/python/agent-hub/check_content/check_content/main.py", line 26, in run
    agent.send_output()
TypeError: MofaAgent.send_output() missing 2 required positional arguments: 'agent_output_name' and 'agent_result'
2025-03-28 18:30:32,070 - 140473417803264 - base_agent.py-base_agent:78 - INFO: "deduction  output data : \u63a8\u65ad\u4fe1\u606f  type : <class 'str'>"
2025-03-28 18:30:32,071 - 140473417803264 - base_agent.py-base_agent:78 - INFO: "web_page_content  output data : \u7f51\u9875\u5185\u5bb9  type : <class 'str'>"
Traceback (most recent call last):
  File "/home/kai/mofa/python/mofa/agent_build/base/base_agent.py", line 236, in wrapper
    func(*args, **kwargs)
  File "/home/kai/mofa_penetration/mofa/python/agent-hub/check_content/check_content/main.py", line 26, in run
    agent.send_output()
TypeError: MofaAgent.send_output() missing 2 required positional arguments: 'agent_output_name' and 'agent_result'
2025-03-28 18:30:32,071 - 140473417803264 - base_agent.py-base_agent:78 - INFO: "deduction  output data : \u63a8\u65ad\u4fe1\u606f  type : <class 'str'>"
2025-03-28 18:30:32,071 - 140473417803264 - base_agent.py-base_agent:78 - INFO: "web_page_content  output data : \u7f51\u9875\u5185\u5bb9  type : <class 'str'>"
Traceback (most recent call last):
  File "/home/kai/mofa/python/mofa/agent_build/base/base_agent.py", line 236, in wrapper
    func(*args, **kwargs)
  File "/home/kai/mofa_penetration/mofa/python/agent-hub/check_content/check_content/main.py", line 26, in run
    agent.send_output()
Error occurred: MofaAgent.send_output() missing 2 required positional arguments: 'agent_output_name' and 'agent_result'
TypeError: MofaAgent.send_output() missing 2 required positional arguments: 'agent_output_name' and 'agent_result'
Error occurred: MofaAgent.send_output() missing 2 required positional arguments: 'agent_output_name' and 'agent_result'
2025-03-28 18:30:32,072 - 140473417803264 - base_agent.py-base_agent:78 - INFO: "deduction  output data : \u63a8\u65ad\u4fe1\u606f  type : <class 'str'>"
Error occurred: MofaAgent.send_output() missing 2 required positional arguments: 'agent_output_name' and 'agent_result'
2025-03-28 18:30:32,072 - 140473417803264 - base_agent.py-base_agent:78 - INFO: "web_page_content  output data : \u7f51\u9875\u5185\u5bb9  type : <class 'str'>"
Error occurred: MofaAgent.send_output() missing 2 required positional arguments: 'agent_output_name' and 'agent_result'
Traceback (most recent call last):
Error occurred: MofaAgent.send_output() missing 2 required positional arguments: 'agent_output_name' and 'agent_result'
  File "/home/kai/mofa/python/mofa/agent_build/base/base_agent.py", line 236, in wrapper
Error occurred: MofaAgent.send_output() missing 2 required positional arguments: 'agent_output_name' and 'agent_result'
    func(*args, **kwargs)
Error occurred: MofaAgent.send_output() missing 2 required positional arguments: 'agent_output_name' and 'agent_result'
  File "/home/kai/mofa_penetration/mofa/python/agent-hub/check_content/check_content/main.py", line 26, in run
Error occurred: MofaAgent.send_output() missing 2 required positional arguments: 'agent_output_name' and 'agent_result'
    agent.send_output()
Error occurred: MofaAgent.send_output() missing 2 required positional arguments: 'agent_output_name' and 'agent_result'
TypeError: MofaAgent.send_output() missing 2 required positional arguments: 'agent_output_name' and 'agent_result'
Error occurred: MofaAgent.send_output() missing 2 required positional arguments: 'agent_output_name' and 'agent_result'
2025-03-28 18:30:32,072 - 140473417803264 - base_agent.py-base_agent:78 - INFO: "deduction  output data : \u63a8\u65ad\u4fe1\u606f  type : <class 'str'>"
Error occurred: MofaAgent.send_output() missing 2 required positional arguments: 'agent_output_name' and 'agent_result'
2025-03-28 18:30:32,073 - 140473417803264 - base_agent.py-base_agent:78 - INFO: "web_page_content  output data : \u7f51\u9875\u5185\u5bb9  type : <class 'str'>"
Traceback (most recent call last):
  File "/home/kai/mofa/python/mofa/agent_build/base/base_agent.py", line 236, in wrapper
    func(*args, **kwargs)
  File "/home/kai/mofa_penetration/mofa/python/agent-hub/check_content/check_content/main.py", line 26, in run
    agent.send_output()
TypeError: MofaAgent.send_output() missing 2 required positional arguments: 'agent_output_name' and 'agent_result'
2025-03-28 18:30:32,073 - 140473417803264 - base_agent.py-base_agent:78 - INFO: "deduction  output data : \u63a8\u65ad\u4fe1\u606f  type : <class 'str'>"
2025-03-28 18:30:32,073 - 140473417803264 - base_agent.py-base_agent:78 - INFO: "web_page_content  output data : \u7f51\u9875\u5185\u5bb9  type : <class 'str'>"
Traceback (most recent call last):
  File "/home/kai/mofa/python/mofa/agent_build/base/base_agent.py", line 236, in wrapper
    func(*args, **kwargs)
  File "/home/kai/mofa_penetration/mofa/python/agent-hub/check_content/check_content/main.py", line 26, in run
    agent.send_output()
TypeError: MofaAgent.send_output() missing 2 required positional arguments: 'agent_output_name' and 'agent_result'
2025-03-28 18:30:32,073 - 140473417803264 - base_agent.py-base_agent:78 - INFO: "deduction  output data : \u63a8\u65ad\u4fe1\u606f  type : <class 'str'>"
2025-03-28 18:30:32,074 - 140473417803264 - base_agent.py-base_agent:78 - INFO: "web_page_content  output data : \u7f51\u9875\u5185\u5bb9  type : <class 'str'>"
Traceback (most recent call last):
  File "/home/kai/mofa/python/mofa/agent_build/base/base_agent.py", line 236, in wrapper
    func(*args, **kwargs)
  File "/home/kai/mofa_penetration/mofa/python/agent-hub/check_content/check_content/main.py", line 26, in run
    agent.send_output()
TypeError: MofaAgent.send_output() missing 2 required positional arguments: 'agent_output_name' and 'agent_result'
2025-03-28 18:30:32,074 - 140473417803264 - base_agent.py-base_agent:78 - INFO: "deduction  output data : \u63a8\u65ad\u4fe1\u606f  type : <class 'str'>"
2025-03-28 18:30:32,074 - 140473417803264 - base_agent.py-base_agent:78 - INFO: "web_page_content  output data : \u7f51\u9875\u5185\u5bb9  type : <class 'str'>"
Traceback (most recent call last):
  File "/home/kai/mofa/python/mofa/agent_build/base/base_agent.py", line 236, in wrapper
    func(*args, **kwargs)
  File "/home/kai/mofa_penetration/mofa/python/agent-hub/check_content/check_content/main.py", line 26, in run
    agent.send_output()
TypeError: MofaAgent.send_output() missing 2 required positional arguments: 'agent_output_name' and 'agent_result'
2025-03-28 18:30:32,075 - 140473417803264 - base_agent.py-base_agent:78 - INFO: "deduction  output data : \u63a8\u65ad\u4fe1\u606f  type : <class 'str'>"
2025-03-28 18:30:32,075 - 140473417803264 - base_agent.py-base_agent:78 - INFO: "web_page_content  output data : \u7f51\u9875\u5185\u5bb9  type : <class 'str'>"
Traceback (most recent call last):
  File "/home/kai/mofa/python/mofa/agent_build/base/base_agent.py", line 236, in wrapper
    func(*args, **kwargs)
  File "/home/kai/mofa_penetration/mofa/python/agent-hub/check_content/check_content/main.py", line 26, in run
    agent.send_output()
TypeError: MofaAgent.send_output() missing 2 required positional arguments: 'agent_output_name' and 'agent_result'
2025-03-28 18:30:32,076 - 140473417803264 - base_agent.py-base_agent:78 - INFO: "deduction  output data : \u63a8\u65ad\u4fe1\u606f  type : <class 'str'>"
2025-03-28 18:30:32,076 - 140473417803264 - base_agent.py-base_agent:78 - INFO: "web_page_content  output data : \u7f51\u9875\u5185\u5bb9  type : <class 'str'>"
Traceback (most recent call last):
  File "/home/kai/mofa/python/mofa/agent_build/base/base_agent.py", line 236, in wrapper
    func(*args, **kwargs)
  File "/home/kai/mofa_penetration/mofa/python/agent-hub/check_content/check_content/main.py", line 26, in run
    agent.send_output()
TypeError: MofaAgent.send_output() missing 2 required positional arguments: 'agent_output_name' and 'agent_result'
2025-03-28 18:30:32,076 - 140473417803264 - base_agent.py-base_agent:78 - INFO: "deduction  output data : \u63a8\u65ad\u4fe1\u606f  type : <class 'str'>"
2025-03-28 18:30:32,076 - 140473417803264 - base_agent.py-base_agent:78 - INFO: "web_page_content  output data : \u7f51\u9875\u5185\u5bb9  type : <class 'str'>"
Traceback (most recent call last):
  File "/home/kai/mofa/python/mofa/agent_build/base/base_agent.py", line 236, in wrapper
    func(*args, **kwargs)
  File "/home/kai/mofa_penetration/mofa/python/agent-hub/check_content/check_content/main.py", line 26, in run
    agent.send_output()
TypeError: MofaAgent.send_output() missing 2 required positional arguments: 'agent_output_name' and 'agent_result'
2025-03-28 18:30:32,077 - 140473417803264 - base_agent.py-base_agent:78 - INFO: "deduction  output data : \u63a8\u65ad\u4fe1\u606f  type : <class 'str'>"
2025-03-28 18:30:32,077 - 140473417803264 - base_agent.py-base_agent:78 - INFO: "web_page_content  output data : \u7f51\u9875\u5185\u5bb9  type : <class 'str'>"
Traceback (most recent call last):
  File "/home/kai/mofa/python/mofa/agent_build/base/base_agent.py", line 236, in wrapper
    func(*args, **kwargs)
  File "/home/kai/mofa_penetration/mofa/python/agent-hub/check_content/check_content/main.py", line 26, in run
    agent.send_output()
TypeError: MofaAgent.send_output() missing 2 required positional arguments: 'agent_output_name' and 'agent_result'
2025-03-28 18:30:32,077 - 140473417803264 - base_agent.py-base_agent:78 - INFO: "deduction  output data : \u63a8\u65ad\u4fe1\u606f  type : <class 'str'>"
2025-03-28 18:30:32,077 - 140473417803264 - base_agent.py-base_agent:78 - INFO: "web_page_content  output data : \u7f51\u9875\u5185\u5bb9  type : <class 'str'>"
Traceback (most recent call last):
  File "/home/kai/mofa/python/mofa/agent_build/base/base_agent.py", line 236, in wrapper
    func(*args, **kwargs)
  File "/home/kai/mofa_penetration/mofa/python/agent-hub/check_content/check_content/main.py", line 26, in run
    agent.send_output()
TypeError: MofaAgent.send_output() missing 2 required positional arguments: 'agent_output_name' and 'agent_result'
2025-03-28 18:30:32,987 - 140473417803264 - base_agent.py-base_agent:78 - INFO: "deduction  output data : \u63a8\u65ad\u4fe1\u606f  type : <class 'str'>"
2025-03-28 18:30:32,987 - 140473417803264 - base_agent.py-base_agent:78 - INFO: "web_page_content  output data : \u7f51\u9875\u5185\u5bb9  type : <class 'str'>"
Traceback (most recent call last):
  File "/home/kai/mofa/python/mofa/agent_build/base/base_agent.py", line 236, in wrapper
    func(*args, **kwargs)
  File "/home/kai/mofa_penetration/mofa/python/agent-hub/check_content/check_content/main.py", line 26, in run
    agent.send_output()
TypeError: MofaAgent.send_output() missing 2 required positional arguments: 'agent_output_name' and 'agent_result'
2025-03-28 18:30:32,987 - 140473417803264 - base_agent.py-base_agent:78 - INFO: "deduction  output data : \u63a8\u65ad\u4fe1\u606f  type : <class 'str'>"
2025-03-28 18:30:32,988 - 140473417803264 - base_agent.py-base_agent:78 - INFO: "web_page_content  output data : \u7f51\u9875\u5185\u5bb9  type : <class 'str'>"
Traceback (most recent call last):
  File "/home/kai/mofa/python/mofa/agent_build/base/base_agent.py", line 236, in wrapper
    func(*args, **kwargs)
  File "/home/kai/mofa_penetration/mofa/python/agent-hub/check_content/check_content/main.py", line 26, in run
    agent.send_output()
TypeError: MofaAgent.send_output() missing 2 required positional arguments: 'agent_output_name' and 'agent_result'
2025-03-28 18:30:32,988 - 140473417803264 - base_agent.py-base_agent:78 - INFO: "deduction  output data : \u63a8\u65ad\u4fe1\u606f  type : <class 'str'>"
2025-03-28 18:30:32,988 - 140473417803264 - base_agent.py-base_agent:78 - INFO: "web_page_content  output data : \u7f51\u9875\u5185\u5bb9  type : <class 'str'>"
Traceback (most recent call last):
  File "/home/kai/mofa/python/mofa/agent_build/base/base_agent.py", line 236, in wrapper
    func(*args, **kwargs)
  File "/home/kai/mofa_penetration/mofa/python/agent-hub/check_content/check_content/main.py", line 26, in run
    agent.send_output()
TypeError: MofaAgent.send_output() missing 2 required positional arguments: 'agent_output_name' and 'agent_result'
2025-03-28 18:30:32,989 - 140473417803264 - base_agent.py-base_agent:78 - INFO: "deduction  output data : \u63a8\u65ad\u4fe1\u606f  type : <class 'str'>"
2025-03-28 18:30:32,989 - 140473417803264 - base_agent.py-base_agent:78 - INFO: "web_page_content  output data : \u7f51\u9875\u5185\u5bb9  type : <class 'str'>"
Traceback (most recent call last):
  File "/home/kai/mofa/python/mofa/agent_build/base/base_agent.py", line 236, in wrapper
    func(*args, **kwargs)
  File "/home/kai/mofa_penetration/mofa/python/agent-hub/check_content/check_content/main.py", line 26, in run
    agent.send_output()
TypeError: MofaAgent.send_output() missing 2 required positional arguments: 'agent_output_name' and 'agent_result'
2025-03-28 18:30:32,989 - 140473417803264 - base_agent.py-base_agent:78 - INFO: "deduction  output data : \u63a8\u65ad\u4fe1\u606f  type : <class 'str'>"
2025-03-28 18:30:32,989 - 140473417803264 - base_agent.py-base_agent:78 - INFO: "web_page_content  output data : \u7f51\u9875\u5185\u5bb9  type : <class 'str'>"
Traceback (most recent call last):
  File "/home/kai/mofa/python/mofa/agent_build/base/base_agent.py", line 236, in wrapper
    func(*args, **kwargs)
  File "/home/kai/mofa_penetration/mofa/python/agent-hub/check_content/check_content/main.py", line 26, in run
    agent.send_output()
TypeError: MofaAgent.send_output() missing 2 required positional arguments: 'agent_output_name' and 'agent_result'
2025-03-28 18:30:32,990 - 140473417803264 - base_agent.py-base_agent:78 - INFO: "deduction  output data : \u63a8\u65ad\u4fe1\u606f  type : <class 'str'>"
2025-03-28 18:30:32,990 - 140473417803264 - base_agent.py-base_agent:78 - INFO: "web_page_content  output data : \u7f51\u9875\u5185\u5bb9  type : <class 'str'>"
Traceback (most recent call last):
  File "/home/kai/mofa/python/mofa/agent_build/base/base_agent.py", line 236, in wrapper
    func(*args, **kwargs)
  File "/home/kai/mofa_penetration/mofa/python/agent-hub/check_content/check_content/main.py", line 26, in run
    agent.send_output()
TypeError: MofaAgent.send_output() missing 2 required positional arguments: 'agent_output_name' and 'agent_result'
2025-03-28 18:30:32,990 - 140473417803264 - base_agent.py-base_agent:78 - INFO: "deduction  output data : \u63a8\u65ad\u4fe1\u606f  type : <class 'str'>"
2025-03-28 18:30:32,990 - 140473417803264 - base_agent.py-base_agent:78 - INFO: "web_page_content  output data : \u7f51\u9875\u5185\u5bb9  type : <class 'str'>"
Traceback (most recent call last):
  File "/home/kai/mofa/python/mofa/agent_build/base/base_agent.py", line 236, in wrapper
    func(*args, **kwargs)
  File "/home/kai/mofa_penetration/mofa/python/agent-hub/check_content/check_content/main.py", line 26, in run
    agent.send_output()
TypeError: MofaAgent.send_output() missing 2 required positional arguments: 'agent_output_name' and 'agent_result'
2025-03-28 18:30:32,991 - 140473417803264 - base_agent.py-base_agent:78 - INFO: "deduction  output data : \u63a8\u65ad\u4fe1\u606f  type : <class 'str'>"
2025-03-28 18:30:32,991 - 140473417803264 - base_agent.py-base_agent:78 - INFO: "web_page_content  output data : \u7f51\u9875\u5185\u5bb9  type : <class 'str'>"
Traceback (most recent call last):
  File "/home/kai/mofa/python/mofa/agent_build/base/base_agent.py", line 236, in wrapper
    func(*args, **kwargs)
  File "/home/kai/mofa_penetration/mofa/python/agent-hub/check_content/check_content/main.py", line 26, in run
    agent.send_output()
TypeError: MofaAgent.send_output() missing 2 required positional arguments: 'agent_output_name' and 'agent_result'
2025-03-28 18:30:32,991 - 140473417803264 - base_agent.py-base_agent:78 - INFO: "deduction  output data : \u63a8\u65ad\u4fe1\u606f  type : <class 'str'>"
2025-03-28 18:30:32,992 - 140473417803264 - base_agent.py-base_agent:78 - INFO: "web_page_content  output data : \u7f51\u9875\u5185\u5bb9  type : <class 'str'>"
Traceback (most recent call last):
  File "/home/kai/mofa/python/mofa/agent_build/base/base_agent.py", line 236, in wrapper
    func(*args, **kwargs)
  File "/home/kai/mofa_penetration/mofa/python/agent-hub/check_content/check_content/main.py", line 26, in run
    agent.send_output()
TypeError: MofaAgent.send_output() missing 2 required positional arguments: 'agent_output_name' and 'agent_result'
2025-03-28 18:30:32,992 - 140473417803264 - base_agent.py-base_agent:78 - INFO: "deduction  output data : \u63a8\u65ad\u4fe1\u606f  type : <class 'str'>"
2025-03-28 18:30:32,992 - 140473417803264 - base_agent.py-base_agent:78 - INFO: "web_page_content  output data : \u7f51\u9875\u5185\u5bb9  type : <class 'str'>"
Traceback (most recent call last):
  File "/home/kai/mofa/python/mofa/agent_build/base/base_agent.py", line 236, in wrapper
    func(*args, **kwargs)
  File "/home/kai/mofa_penetration/mofa/python/agent-hub/check_content/check_content/main.py", line 26, in run
    agent.send_output()
TypeError: MofaAgent.send_output() missing 2 required positional arguments: 'agent_output_name' and 'agent_result'
2025-03-28 18:30:32,992 - 140473417803264 - base_agent.py-base_agent:78 - INFO: "deduction  output data : \u63a8\u65ad\u4fe1\u606f  type : <class 'str'>"
2025-03-28 18:30:32,993 - 140473417803264 - base_agent.py-base_agent:78 - INFO: "web_page_content  output data : \u7f51\u9875\u5185\u5bb9  type : <class 'str'>"
Traceback (most recent call last):
  File "/home/kai/mofa/python/mofa/agent_build/base/base_agent.py", line 236, in wrapper
    func(*args, **kwargs)
  File "/home/kai/mofa_penetration/mofa/python/agent-hub/check_content/check_content/main.py", line 26, in run
    agent.send_output()
TypeError: MofaAgent.send_output() missing 2 required positional arguments: 'agent_output_name' and 'agent_result'
2025-03-28 18:30:33,841 - 140473417803264 - base_agent.py-base_agent:78 - INFO: "deduction  output data : \u63a8\u65ad\u4fe1\u606f  type : <class 'str'>"
2025-03-28 18:30:33,842 - 140473417803264 - base_agent.py-base_agent:78 - INFO: "web_page_content  output data : \u7f51\u9875\u5185\u5bb9  type : <class 'str'>"
Traceback (most recent call last):
  File "/home/kai/mofa/python/mofa/agent_build/base/base_agent.py", line 236, in wrapper
    func(*args, **kwargs)
  File "/home/kai/mofa_penetration/mofa/python/agent-hub/check_content/check_content/main.py", line 26, in run
    agent.send_output()
TypeError: MofaAgent.send_output() missing 2 required positional arguments: 'agent_output_name' and 'agent_result'
2025-03-28 18:30:33,842 - 140473417803264 - base_agent.py-base_agent:78 - INFO: "deduction  output data : \u63a8\u65ad\u4fe1\u606f  type : <class 'str'>"
2025-03-28 18:30:33,842 - 140473417803264 - base_agent.py-base_agent:78 - INFO: "web_page_content  output data : \u7f51\u9875\u5185\u5bb9  type : <class 'str'>"
Traceback (most recent call last):
  File "/home/kai/mofa/python/mofa/agent_build/base/base_agent.py", line 236, in wrapper
    func(*args, **kwargs)
  File "/home/kai/mofa_penetration/mofa/python/agent-hub/check_content/check_content/main.py", line 26, in run
    agent.send_output()
TypeError: MofaAgent.send_output() missing 2 required positional arguments: 'agent_output_name' and 'agent_result'
2025-03-28 18:30:33,843 - 140473417803264 - base_agent.py-base_agent:78 - INFO: "deduction  output data : \u63a8\u65ad\u4fe1\u606f  type : <class 'str'>"
2025-03-28 18:30:33,843 - 140473417803264 - base_agent.py-base_agent:78 - INFO: "web_page_content  output data : \u7f51\u9875\u5185\u5bb9  type : <class 'str'>"
Traceback (most recent call last):
  File "/home/kai/mofa/python/mofa/agent_build/base/base_agent.py", line 236, in wrapper
    func(*args, **kwargs)
  File "/home/kai/mofa_penetration/mofa/python/agent-hub/check_content/check_content/main.py", line 26, in run
    agent.send_output()
TypeError: MofaAgent.send_output() missing 2 required positional arguments: 'agent_output_name' and 'agent_result'
2025-03-28 18:30:33,843 - 140473417803264 - base_agent.py-base_agent:78 - INFO: "deduction  output data : \u63a8\u65ad\u4fe1\u606f  type : <class 'str'>"
2025-03-28 18:30:33,844 - 140473417803264 - base_agent.py-base_agent:78 - INFO: "web_page_content  output data : \u7f51\u9875\u5185\u5bb9  type : <class 'str'>"
Traceback (most recent call last):
  File "/home/kai/mofa/python/mofa/agent_build/base/base_agent.py", line 236, in wrapper
    func(*args, **kwargs)
  File "/home/kai/mofa_penetration/mofa/python/agent-hub/check_content/check_content/main.py", line 26, in run
    agent.send_output()
TypeError: MofaAgent.send_output() missing 2 required positional arguments: 'agent_output_name' and 'agent_result'
2025-03-28 18:30:33,844 - 140473417803264 - base_agent.py-base_agent:78 - INFO: "deduction  output data : \u63a8\u65ad\u4fe1\u606f  type : <class 'str'>"
2025-03-28 18:30:33,844 - 140473417803264 - base_agent.py-base_agent:78 - INFO: "web_page_content  output data : \u7f51\u9875\u5185\u5bb9  type : <class 'str'>"
Traceback (most recent call last):
  File "/home/kai/mofa/python/mofa/agent_build/base/base_agent.py", line 236, in wrapper
    func(*args, **kwargs)
  File "/home/kai/mofa_penetration/mofa/python/agent-hub/check_content/check_content/main.py", line 26, in run
    agent.send_output()
TypeError: MofaAgent.send_output() missing 2 required positional arguments: 'agent_output_name' and 'agent_result'
2025-03-28 18:30:33,845 - 140473417803264 - base_agent.py-base_agent:78 - INFO: "deduction  output data : \u63a8\u65ad\u4fe1\u606f  type : <class 'str'>"
2025-03-28 18:30:33,845 - 140473417803264 - base_agent.py-base_agent:78 - INFO: "web_page_content  output data : \u7f51\u9875\u5185\u5bb9  type : <class 'str'>"
Traceback (most recent call last):
  File "/home/kai/mofa/python/mofa/agent_build/base/base_agent.py", line 236, in wrapper
    func(*args, **kwargs)
  File "/home/kai/mofa_penetration/mofa/python/agent-hub/check_content/check_content/main.py", line 26, in run
    agent.send_output()
TypeError: MofaAgent.send_output() missing 2 required positional arguments: 'agent_output_name' and 'agent_result'
2025-03-28 18:30:33,845 - 140473417803264 - base_agent.py-base_agent:78 - INFO: "deduction  output data : \u63a8\u65ad\u4fe1\u606f  type : <class 'str'>"
2025-03-28 18:30:33,846 - 140473417803264 - base_agent.py-base_agent:78 - INFO: "web_page_content  output data : \u7f51\u9875\u5185\u5bb9  type : <class 'str'>"
Traceback (most recent call last):
  File "/home/kai/mofa/python/mofa/agent_build/base/base_agent.py", line 236, in wrapper
    func(*args, **kwargs)
  File "/home/kai/mofa_penetration/mofa/python/agent-hub/check_content/check_content/main.py", line 26, in run
    agent.send_output()
TypeError: MofaAgent.send_output() missing 2 required positional arguments: 'agent_output_name' and 'agent_result'
2025-03-28 18:30:33,846 - 140473417803264 - base_agent.py-base_agent:78 - INFO: "deduction  output data : \u63a8\u65ad\u4fe1\u606f  type : <class 'str'>"
2025-03-28 18:30:33,846 - 140473417803264 - base_agent.py-base_agent:78 - INFO: "web_page_content  output data : \u7f51\u9875\u5185\u5bb9  type : <class 'str'>"
Traceback (most recent call last):
  File "/home/kai/mofa/python/mofa/agent_build/base/base_agent.py", line 236, in wrapper
    func(*args, **kwargs)
  File "/home/kai/mofa_penetration/mofa/python/agent-hub/check_content/check_content/main.py", line 26, in run
    agent.send_output()
TypeError: MofaAgent.send_output() missing 2 required positional arguments: 'agent_output_name' and 'agent_result'
2025-03-28 18:30:33,847 - 140473417803264 - base_agent.py-base_agent:78 - INFO: "deduction  output data : \u63a8\u65ad\u4fe1\u606f  type : <class 'str'>"
2025-03-28 18:30:33,847 - 140473417803264 - base_agent.py-base_agent:78 - INFO: "web_page_content  output data : \u7f51\u9875\u5185\u5bb9  type : <class 'str'>"
Traceback (most recent call last):
  File "/home/kai/mofa/python/mofa/agent_build/base/base_agent.py", line 236, in wrapper
    func(*args, **kwargs)
  File "/home/kai/mofa_penetration/mofa/python/agent-hub/check_content/check_content/main.py", line 26, in run
    agent.send_output()
TypeError: MofaAgent.send_output() missing 2 required positional arguments: 'agent_output_name' and 'agent_result'
2025-03-28 18:30:33,847 - 140473417803264 - base_agent.py-base_agent:78 - INFO: "deduction  output data : \u63a8\u65ad\u4fe1\u606f  type : <class 'str'>"
2025-03-28 18:30:33,847 - 140473417803264 - base_agent.py-base_agent:78 - INFO: "web_page_content  output data : \u7f51\u9875\u5185\u5bb9  type : <class 'str'>"
Traceback (most recent call last):
  File "/home/kai/mofa/python/mofa/agent_build/base/base_agent.py", line 236, in wrapper
    func(*args, **kwargs)
  File "/home/kai/mofa_penetration/mofa/python/agent-hub/check_content/check_content/main.py", line 26, in run
    agent.send_output()
TypeError: MofaAgent.send_output() missing 2 required positional arguments: 'agent_output_name' and 'agent_result'
2025-03-28 18:30:33,848 - 140473417803264 - base_agent.py-base_agent:78 - INFO: "deduction  output data : \u63a8\u65ad\u4fe1\u606f  type : <class 'str'>"
2025-03-28 18:30:33,848 - 140473417803264 - base_agent.py-base_agent:78 - INFO: "web_page_content  output data : \u7f51\u9875\u5185\u5bb9  type : <class 'str'>"
Traceback (most recent call last):
  File "/home/kai/mofa/python/mofa/agent_build/base/base_agent.py", line 236, in wrapper
    func(*args, **kwargs)
  File "/home/kai/mofa_penetration/mofa/python/agent-hub/check_content/check_content/main.py", line 26, in run
    agent.send_output()
TypeError: MofaAgent.send_output() missing 2 required positional arguments: 'agent_output_name' and 'agent_result'
2025-03-28 18:30:34,614 - 140473417803264 - base_agent.py-base_agent:78 - INFO: "deduction  output data : \u63a8\u65ad\u4fe1\u606f  type : <class 'str'>"
2025-03-28 18:30:34,614 - 140473417803264 - base_agent.py-base_agent:78 - INFO: "web_page_content  output data : \u7f51\u9875\u5185\u5bb9  type : <class 'str'>"
Traceback (most recent call last):
  File "/home/kai/mofa/python/mofa/agent_build/base/base_agent.py", line 236, in wrapper
    func(*args, **kwargs)
  File "/home/kai/mofa_penetration/mofa/python/agent-hub/check_content/check_content/main.py", line 26, in run
    agent.send_output()
TypeError: MofaAgent.send_output() missing 2 required positional arguments: 'agent_output_name' and 'agent_result'
2025-03-28 18:30:34,615 - 140473417803264 - base_agent.py-base_agent:78 - INFO: "deduction  output data : \u63a8\u65ad\u4fe1\u606f  type : <class 'str'>"
2025-03-28 18:30:34,615 - 140473417803264 - base_agent.py-base_agent:78 - INFO: "web_page_content  output data : \u7f51\u9875\u5185\u5bb9  type : <class 'str'>"
Traceback (most recent call last):
  File "/home/kai/mofa/python/mofa/agent_build/base/base_agent.py", line 236, in wrapper
    func(*args, **kwargs)
  File "/home/kai/mofa_penetration/mofa/python/agent-hub/check_content/check_content/main.py", line 26, in run
    agent.send_output()
TypeError: MofaAgent.send_output() missing 2 required positional arguments: 'agent_output_name' and 'agent_result'
2025-03-28 18:30:34,615 - 140473417803264 - base_agent.py-base_agent:78 - INFO: "deduction  output data : \u63a8\u65ad\u4fe1\u606f  type : <class 'str'>"
2025-03-28 18:30:34,615 - 140473417803264 - base_agent.py-base_agent:78 - INFO: "web_page_content  output data : \u7f51\u9875\u5185\u5bb9  type : <class 'str'>"
Traceback (most recent call last):
  File "/home/kai/mofa/python/mofa/agent_build/base/base_agent.py", line 236, in wrapper
    func(*args, **kwargs)
  File "/home/kai/mofa_penetration/mofa/python/agent-hub/check_content/check_content/main.py", line 26, in run
    agent.send_output()
TypeError: MofaAgent.send_output() missing 2 required positional arguments: 'agent_output_name' and 'agent_result'
2025-03-28 18:30:34,616 - 140473417803264 - base_agent.py-base_agent:78 - INFO: "deduction  output data : \u63a8\u65ad\u4fe1\u606f  type : <class 'str'>"
2025-03-28 18:30:34,616 - 140473417803264 - base_agent.py-base_agent:78 - INFO: "web_page_content  output data : \u7f51\u9875\u5185\u5bb9  type : <class 'str'>"
Traceback (most recent call last):
  File "/home/kai/mofa/python/mofa/agent_build/base/base_agent.py", line 236, in wrapper
    func(*args, **kwargs)
  File "/home/kai/mofa_penetration/mofa/python/agent-hub/check_content/check_content/main.py", line 26, in run
    agent.send_output()
TypeError: MofaAgent.send_output() missing 2 required positional arguments: 'agent_output_name' and 'agent_result'
2025-03-28 18:30:34,616 - 140473417803264 - base_agent.py-base_agent:78 - INFO: "deduction  output data : \u63a8\u65ad\u4fe1\u606f  type : <class 'str'>"
2025-03-28 18:30:34,617 - 140473417803264 - base_agent.py-base_agent:78 - INFO: "web_page_content  output data : \u7f51\u9875\u5185\u5bb9  type : <class 'str'>"
Traceback (most recent call last):
  File "/home/kai/mofa/python/mofa/agent_build/base/base_agent.py", line 236, in wrapper
    func(*args, **kwargs)
  File "/home/kai/mofa_penetration/mofa/python/agent-hub/check_content/check_content/main.py", line 26, in run
    agent.send_output()
TypeError: MofaAgent.send_output() missing 2 required positional arguments: 'agent_output_name' and 'agent_result'
2025-03-28 18:30:34,617 - 140473417803264 - base_agent.py-base_agent:78 - INFO: "deduction  output data : \u63a8\u65ad\u4fe1\u606f  type : <class 'str'>"
2025-03-28 18:30:34,617 - 140473417803264 - base_agent.py-base_agent:78 - INFO: "web_page_content  output data : \u7f51\u9875\u5185\u5bb9  type : <class 'str'>"
Traceback (most recent call last):
  File "/home/kai/mofa/python/mofa/agent_build/base/base_agent.py", line 236, in wrapper
    func(*args, **kwargs)
  File "/home/kai/mofa_penetration/mofa/python/agent-hub/check_content/check_content/main.py", line 26, in run
    agent.send_output()
TypeError: MofaAgent.send_output() missing 2 required positional arguments: 'agent_output_name' and 'agent_result'
2025-03-28 18:30:34,618 - 140473417803264 - base_agent.py-base_agent:78 - INFO: "deduction  output data : \u63a8\u65ad\u4fe1\u606f  type : <class 'str'>"
2025-03-28 18:30:34,618 - 140473417803264 - base_agent.py-base_agent:78 - INFO: "web_page_content  output data : \u7f51\u9875\u5185\u5bb9  type : <class 'str'>"
Traceback (most recent call last):
  File "/home/kai/mofa/python/mofa/agent_build/base/base_agent.py", line 236, in wrapper
    func(*args, **kwargs)
  File "/home/kai/mofa_penetration/mofa/python/agent-hub/check_content/check_content/main.py", line 26, in run
    agent.send_output()
TypeError: MofaAgent.send_output() missing 2 required positional arguments: 'agent_output_name' and 'agent_result'
2025-03-28 18:30:34,618 - 140473417803264 - base_agent.py-base_agent:78 - INFO: "deduction  output data : \u63a8\u65ad\u4fe1\u606f  type : <class 'str'>"
2025-03-28 18:30:34,619 - 140473417803264 - base_agent.py-base_agent:78 - INFO: "web_page_content  output data : \u7f51\u9875\u5185\u5bb9  type : <class 'str'>"
Traceback (most recent call last):
  File "/home/kai/mofa/python/mofa/agent_build/base/base_agent.py", line 236, in wrapper
    func(*args, **kwargs)
  File "/home/kai/mofa_penetration/mofa/python/agent-hub/check_content/check_content/main.py", line 26, in run
    agent.send_output()
TypeError: MofaAgent.send_output() missing 2 required positional arguments: 'agent_output_name' and 'agent_result'
2025-03-28 18:30:34,619 - 140473417803264 - base_agent.py-base_agent:78 - INFO: "deduction  output data : \u63a8\u65ad\u4fe1\u606f  type : <class 'str'>"
2025-03-28 18:30:34,619 - 140473417803264 - base_agent.py-base_agent:78 - INFO: "web_page_content  output data : \u7f51\u9875\u5185\u5bb9  type : <class 'str'>"
Traceback (most recent call last):
  File "/home/kai/mofa/python/mofa/agent_build/base/base_agent.py", line 236, in wrapper
    func(*args, **kwargs)
  File "/home/kai/mofa_penetration/mofa/python/agent-hub/check_content/check_content/main.py", line 26, in run
    agent.send_output()
TypeError: MofaAgent.send_output() missing 2 required positional arguments: 'agent_output_name' and 'agent_result'
2025-03-28 18:30:34,620 - 140473417803264 - base_agent.py-base_agent:78 - INFO: "deduction  output data : \u63a8\u65ad\u4fe1\u606f  type : <class 'str'>"
2025-03-28 18:30:34,620 - 140473417803264 - base_agent.py-base_agent:78 - INFO: "web_page_content  output data : \u7f51\u9875\u5185\u5bb9  type : <class 'str'>"
Traceback (most recent call last):
  File "/home/kai/mofa/python/mofa/agent_build/base/base_agent.py", line 236, in wrapper
    func(*args, **kwargs)
  File "/home/kai/mofa_penetration/mofa/python/agent-hub/check_content/check_content/main.py", line 26, in run
    agent.send_output()
TypeError: MofaAgent.send_output() missing 2 required positional arguments: 'agent_output_name' and 'agent_result'
2025-03-28 18:30:34,620 - 140473417803264 - base_agent.py-base_agent:78 - INFO: "deduction  output data : \u63a8\u65ad\u4fe1\u606f  type : <class 'str'>"
2025-03-28 18:30:34,620 - 140473417803264 - base_agent.py-base_agent:78 - INFO: "web_page_content  output data : \u7f51\u9875\u5185\u5bb9  type : <class 'str'>"
Traceback (most recent call last):
  File "/home/kai/mofa/python/mofa/agent_build/base/base_agent.py", line 236, in wrapper
    func(*args, **kwargs)
  File "/home/kai/mofa_penetration/mofa/python/agent-hub/check_content/check_content/main.py", line 26, in run
    agent.send_output()
TypeError: MofaAgent.send_output() missing 2 required positional arguments: 'agent_output_name' and 'agent_result'
2025-03-28 18:30:34,621 - 140473417803264 - base_agent.py-base_agent:78 - INFO: "deduction  output data : \u63a8\u65ad\u4fe1\u606f  type : <class 'str'>"
2025-03-28 18:30:34,621 - 140473417803264 - base_agent.py-base_agent:78 - INFO: "web_page_content  output data : \u7f51\u9875\u5185\u5bb9  type : <class 'str'>"
Traceback (most recent call last):
  File "/home/kai/mofa/python/mofa/agent_build/base/base_agent.py", line 236, in wrapper
    func(*args, **kwargs)
  File "/home/kai/mofa_penetration/mofa/python/agent-hub/check_content/check_content/main.py", line 26, in run
    agent.send_output()
TypeError: MofaAgent.send_output() missing 2 required positional arguments: 'agent_output_name' and 'agent_result'
2025-03-28 18:30:35,380 - 140473417803264 - base_agent.py-base_agent:78 - INFO: "deduction  output data : \u63a8\u65ad\u4fe1\u606f  type : <class 'str'>"
2025-03-28 18:30:35,381 - 140473417803264 - base_agent.py-base_agent:78 - INFO: "web_page_content  output data : \u7f51\u9875\u5185\u5bb9  type : <class 'str'>"
Traceback (most recent call last):
  File "/home/kai/mofa/python/mofa/agent_build/base/base_agent.py", line 236, in wrapper
    func(*args, **kwargs)
  File "/home/kai/mofa_penetration/mofa/python/agent-hub/check_content/check_content/main.py", line 26, in run
    agent.send_output()
TypeError: MofaAgent.send_output() missing 2 required positional arguments: 'agent_output_name' and 'agent_result'
2025-03-28 18:30:35,381 - 140473417803264 - base_agent.py-base_agent:78 - INFO: "deduction  output data : \u63a8\u65ad\u4fe1\u606f  type : <class 'str'>"
2025-03-28 18:30:35,381 - 140473417803264 - base_agent.py-base_agent:78 - INFO: "web_page_content  output data : \u7f51\u9875\u5185\u5bb9  type : <class 'str'>"
Traceback (most recent call last):
  File "/home/kai/mofa/python/mofa/agent_build/base/base_agent.py", line 236, in wrapper
    func(*args, **kwargs)
  File "/home/kai/mofa_penetration/mofa/python/agent-hub/check_content/check_content/main.py", line 26, in run
    agent.send_output()
TypeError: MofaAgent.send_output() missing 2 required positional arguments: 'agent_output_name' and 'agent_result'
2025-03-28 18:30:35,382 - 140473417803264 - base_agent.py-base_agent:78 - INFO: "deduction  output data : \u63a8\u65ad\u4fe1\u606f  type : <class 'str'>"
2025-03-28 18:30:35,382 - 140473417803264 - base_agent.py-base_agent:78 - INFO: "web_page_content  output data : \u7f51\u9875\u5185\u5bb9  type : <class 'str'>"
Traceback (most recent call last):
  File "/home/kai/mofa/python/mofa/agent_build/base/base_agent.py", line 236, in wrapper
    func(*args, **kwargs)
  File "/home/kai/mofa_penetration/mofa/python/agent-hub/check_content/check_content/main.py", line 26, in run
    agent.send_output()
TypeError: MofaAgent.send_output() missing 2 required positional arguments: 'agent_output_name' and 'agent_result'
2025-03-28 18:30:35,382 - 140473417803264 - base_agent.py-base_agent:78 - INFO: "deduction  output data : \u63a8\u65ad\u4fe1\u606f  type : <class 'str'>"
2025-03-28 18:30:35,382 - 140473417803264 - base_agent.py-base_agent:78 - INFO: "web_page_content  output data : \u7f51\u9875\u5185\u5bb9  type : <class 'str'>"
Traceback (most recent call last):
  File "/home/kai/mofa/python/mofa/agent_build/base/base_agent.py", line 236, in wrapper
    func(*args, **kwargs)
  File "/home/kai/mofa_penetration/mofa/python/agent-hub/check_content/check_content/main.py", line 26, in run
    agent.send_output()
TypeError: MofaAgent.send_output() missing 2 required positional arguments: 'agent_output_name' and 'agent_result'
2025-03-28 18:30:35,383 - 140473417803264 - base_agent.py-base_agent:78 - INFO: "deduction  output data : \u63a8\u65ad\u4fe1\u606f  type : <class 'str'>"
2025-03-28 18:30:35,383 - 140473417803264 - base_agent.py-base_agent:78 - INFO: "web_page_content  output data : \u7f51\u9875\u5185\u5bb9  type : <class 'str'>"
Traceback (most recent call last):
  File "/home/kai/mofa/python/mofa/agent_build/base/base_agent.py", line 236, in wrapper
    func(*args, **kwargs)
  File "/home/kai/mofa_penetration/mofa/python/agent-hub/check_content/check_content/main.py", line 26, in run
    agent.send_output()
TypeError: MofaAgent.send_output() missing 2 required positional arguments: 'agent_output_name' and 'agent_result'
2025-03-28 18:30:35,383 - 140473417803264 - base_agent.py-base_agent:78 - INFO: "deduction  output data : \u63a8\u65ad\u4fe1\u606f  type : <class 'str'>"
2025-03-28 18:30:35,383 - 140473417803264 - base_agent.py-base_agent:78 - INFO: "web_page_content  output data : \u7f51\u9875\u5185\u5bb9  type : <class 'str'>"
Traceback (most recent call last):
  File "/home/kai/mofa/python/mofa/agent_build/base/base_agent.py", line 236, in wrapper
    func(*args, **kwargs)
  File "/home/kai/mofa_penetration/mofa/python/agent-hub/check_content/check_content/main.py", line 26, in run
    agent.send_output()
TypeError: MofaAgent.send_output() missing 2 required positional arguments: 'agent_output_name' and 'agent_result'
2025-03-28 18:30:35,384 - 140473417803264 - base_agent.py-base_agent:78 - INFO: "deduction  output data : \u63a8\u65ad\u4fe1\u606f  type : <class 'str'>"
2025-03-28 18:30:35,384 - 140473417803264 - base_agent.py-base_agent:78 - INFO: "web_page_content  output data : \u7f51\u9875\u5185\u5bb9  type : <class 'str'>"
Traceback (most recent call last):
  File "/home/kai/mofa/python/mofa/agent_build/base/base_agent.py", line 236, in wrapper
    func(*args, **kwargs)
  File "/home/kai/mofa_penetration/mofa/python/agent-hub/check_content/check_content/main.py", line 26, in run
    agent.send_output()
TypeError: MofaAgent.send_output() missing 2 required positional arguments: 'agent_output_name' and 'agent_result'
2025-03-28 18:30:35,384 - 140473417803264 - base_agent.py-base_agent:78 - INFO: "deduction  output data : \u63a8\u65ad\u4fe1\u606f  type : <class 'str'>"
2025-03-28 18:30:35,384 - 140473417803264 - base_agent.py-base_agent:78 - INFO: "web_page_content  output data : \u7f51\u9875\u5185\u5bb9  type : <class 'str'>"
Traceback (most recent call last):
  File "/home/kai/mofa/python/mofa/agent_build/base/base_agent.py", line 236, in wrapper
    func(*args, **kwargs)
  File "/home/kai/mofa_penetration/mofa/python/agent-hub/check_content/check_content/main.py", line 26, in run
    agent.send_output()
TypeError: MofaAgent.send_output() missing 2 required positional arguments: 'agent_output_name' and 'agent_result'
2025-03-28 18:30:35,385 - 140473417803264 - base_agent.py-base_agent:78 - INFO: "deduction  output data : \u63a8\u65ad\u4fe1\u606f  type : <class 'str'>"
2025-03-28 18:30:35,385 - 140473417803264 - base_agent.py-base_agent:78 - INFO: "web_page_content  output data : \u7f51\u9875\u5185\u5bb9  type : <class 'str'>"
Traceback (most recent call last):
  File "/home/kai/mofa/python/mofa/agent_build/base/base_agent.py", line 236, in wrapper
    func(*args, **kwargs)
  File "/home/kai/mofa_penetration/mofa/python/agent-hub/check_content/check_content/main.py", line 26, in run
    agent.send_output()
TypeError: MofaAgent.send_output() missing 2 required positional arguments: 'agent_output_name' and 'agent_result'
2025-03-28 18:30:35,385 - 140473417803264 - base_agent.py-base_agent:78 - INFO: "deduction  output data : \u63a8\u65ad\u4fe1\u606f  type : <class 'str'>"
2025-03-28 18:30:35,385 - 140473417803264 - base_agent.py-base_agent:78 - INFO: "web_page_content  output data : \u7f51\u9875\u5185\u5bb9  type : <class 'str'>"
Traceback (most recent call last):
  File "/home/kai/mofa/python/mofa/agent_build/base/base_agent.py", line 236, in wrapper
    func(*args, **kwargs)
  File "/home/kai/mofa_penetration/mofa/python/agent-hub/check_content/check_content/main.py", line 26, in run
    agent.send_output()
TypeError: MofaAgent.send_output() missing 2 required positional arguments: 'agent_output_name' and 'agent_result'
2025-03-28 18:30:35,386 - 140473417803264 - base_agent.py-base_agent:78 - INFO: "deduction  output data : \u63a8\u65ad\u4fe1\u606f  type : <class 'str'>"
2025-03-28 18:30:35,386 - 140473417803264 - base_agent.py-base_agent:78 - INFO: "web_page_content  output data : \u7f51\u9875\u5185\u5bb9  type : <class 'str'>"
Traceback (most recent call last):
  File "/home/kai/mofa/python/mofa/agent_build/base/base_agent.py", line 236, in wrapper
    func(*args, **kwargs)
  File "/home/kai/mofa_penetration/mofa/python/agent-hub/check_content/check_content/main.py", line 26, in run
    agent.send_output()
TypeError: MofaAgent.send_output() missing 2 required positional arguments: 'agent_output_name' and 'agent_result'
2025-03-28 18:30:36,145 - 140473417803264 - base_agent.py-base_agent:78 - INFO: "deduction  output data : \u63a8\u65ad\u4fe1\u606f  type : <class 'str'>"
2025-03-28 18:30:36,145 - 140473417803264 - base_agent.py-base_agent:78 - INFO: "web_page_content  output data : \u7f51\u9875\u5185\u5bb9  type : <class 'str'>"
Traceback (most recent call last):
  File "/home/kai/mofa/python/mofa/agent_build/base/base_agent.py", line 236, in wrapper
    func(*args, **kwargs)
  File "/home/kai/mofa_penetration/mofa/python/agent-hub/check_content/check_content/main.py", line 26, in run
    agent.send_output()
TypeError: MofaAgent.send_output() missing 2 required positional arguments: 'agent_output_name' and 'agent_result'
2025-03-28 18:30:36,146 - 140473417803264 - base_agent.py-base_agent:78 - INFO: "deduction  output data : \u63a8\u65ad\u4fe1\u606f  type : <class 'str'>"
2025-03-28 18:30:36,146 - 140473417803264 - base_agent.py-base_agent:78 - INFO: "web_page_content  output data : \u7f51\u9875\u5185\u5bb9  type : <class 'str'>"
Traceback (most recent call last):
  File "/home/kai/mofa/python/mofa/agent_build/base/base_agent.py", line 236, in wrapper
    func(*args, **kwargs)
  File "/home/kai/mofa_penetration/mofa/python/agent-hub/check_content/check_content/main.py", line 26, in run
    agent.send_output()
TypeError: MofaAgent.send_output() missing 2 required positional arguments: 'agent_output_name' and 'agent_result'
2025-03-28 18:30:36,146 - 140473417803264 - base_agent.py-base_agent:78 - INFO: "deduction  output data : \u63a8\u65ad\u4fe1\u606f  type : <class 'str'>"
2025-03-28 18:30:36,147 - 140473417803264 - base_agent.py-base_agent:78 - INFO: "web_page_content  output data : \u7f51\u9875\u5185\u5bb9  type : <class 'str'>"
Traceback (most recent call last):
  File "/home/kai/mofa/python/mofa/agent_build/base/base_agent.py", line 236, in wrapper
    func(*args, **kwargs)
  File "/home/kai/mofa_penetration/mofa/python/agent-hub/check_content/check_content/main.py", line 26, in run
    agent.send_output()
TypeError: MofaAgent.send_output() missing 2 required positional arguments: 'agent_output_name' and 'agent_result'
2025-03-28 18:30:36,147 - 140473417803264 - base_agent.py-base_agent:78 - INFO: "deduction  output data : \u63a8\u65ad\u4fe1\u606f  type : <class 'str'>"
2025-03-28 18:30:36,147 - 140473417803264 - base_agent.py-base_agent:78 - INFO: "web_page_content  output data : \u7f51\u9875\u5185\u5bb9  type : <class 'str'>"
Traceback (most recent call last):
  File "/home/kai/mofa/python/mofa/agent_build/base/base_agent.py", line 236, in wrapper
    func(*args, **kwargs)
  File "/home/kai/mofa_penetration/mofa/python/agent-hub/check_content/check_content/main.py", line 26, in run
    agent.send_output()
TypeError: MofaAgent.send_output() missing 2 required positional arguments: 'agent_output_name' and 'agent_result'
2025-03-28 18:30:36,147 - 140473417803264 - base_agent.py-base_agent:78 - INFO: "deduction  output data : \u63a8\u65ad\u4fe1\u606f  type : <class 'str'>"
2025-03-28 18:30:36,148 - 140473417803264 - base_agent.py-base_agent:78 - INFO: "web_page_content  output data : \u7f51\u9875\u5185\u5bb9  type : <class 'str'>"
Traceback (most recent call last):
  File "/home/kai/mofa/python/mofa/agent_build/base/base_agent.py", line 236, in wrapper
    func(*args, **kwargs)
  File "/home/kai/mofa_penetration/mofa/python/agent-hub/check_content/check_content/main.py", line 26, in run
    agent.send_output()
TypeError: MofaAgent.send_output() missing 2 required positional arguments: 'agent_output_name' and 'agent_result'
2025-03-28 18:30:36,148 - 140473417803264 - base_agent.py-base_agent:78 - INFO: "deduction  output data : \u63a8\u65ad\u4fe1\u606f  type : <class 'str'>"
2025-03-28 18:30:36,148 - 140473417803264 - base_agent.py-base_agent:78 - INFO: "web_page_content  output data : \u7f51\u9875\u5185\u5bb9  type : <class 'str'>"
Traceback (most recent call last):
  File "/home/kai/mofa/python/mofa/agent_build/base/base_agent.py", line 236, in wrapper
    func(*args, **kwargs)
  File "/home/kai/mofa_penetration/mofa/python/agent-hub/check_content/check_content/main.py", line 26, in run
    agent.send_output()
TypeError: MofaAgent.send_output() missing 2 required positional arguments: 'agent_output_name' and 'agent_result'
2025-03-28 18:30:36,149 - 140473417803264 - base_agent.py-base_agent:78 - INFO: "deduction  output data : \u63a8\u65ad\u4fe1\u606f  type : <class 'str'>"
2025-03-28 18:30:36,149 - 140473417803264 - base_agent.py-base_agent:78 - INFO: "web_page_content  output data : \u7f51\u9875\u5185\u5bb9  type : <class 'str'>"
Traceback (most recent call last):
  File "/home/kai/mofa/python/mofa/agent_build/base/base_agent.py", line 236, in wrapper
    func(*args, **kwargs)
  File "/home/kai/mofa_penetration/mofa/python/agent-hub/check_content/check_content/main.py", line 26, in run
    agent.send_output()
TypeError: MofaAgent.send_output() missing 2 required positional arguments: 'agent_output_name' and 'agent_result'
2025-03-28 18:30:36,149 - 140473417803264 - base_agent.py-base_agent:78 - INFO: "deduction  output data : \u63a8\u65ad\u4fe1\u606f  type : <class 'str'>"
2025-03-28 18:30:36,149 - 140473417803264 - base_agent.py-base_agent:78 - INFO: "web_page_content  output data : \u7f51\u9875\u5185\u5bb9  type : <class 'str'>"
Traceback (most recent call last):
  File "/home/kai/mofa/python/mofa/agent_build/base/base_agent.py", line 236, in wrapper
    func(*args, **kwargs)
  File "/home/kai/mofa_penetration/mofa/python/agent-hub/check_content/check_content/main.py", line 26, in run
    agent.send_output()
TypeError: MofaAgent.send_output() missing 2 required positional arguments: 'agent_output_name' and 'agent_result'
2025-03-28 18:30:36,150 - 140473417803264 - base_agent.py-base_agent:78 - INFO: "deduction  output data : \u63a8\u65ad\u4fe1\u606f  type : <class 'str'>"
2025-03-28 18:30:36,150 - 140473417803264 - base_agent.py-base_agent:78 - INFO: "web_page_content  output data : \u7f51\u9875\u5185\u5bb9  type : <class 'str'>"
Traceback (most recent call last):
  File "/home/kai/mofa/python/mofa/agent_build/base/base_agent.py", line 236, in wrapper
    func(*args, **kwargs)
  File "/home/kai/mofa_penetration/mofa/python/agent-hub/check_content/check_content/main.py", line 26, in run
    agent.send_output()
TypeError: MofaAgent.send_output() missing 2 required positional arguments: 'agent_output_name' and 'agent_result'
2025-03-28 18:30:36,150 - 140473417803264 - base_agent.py-base_agent:78 - INFO: "deduction  output data : \u63a8\u65ad\u4fe1\u606f  type : <class 'str'>"
2025-03-28 18:30:36,150 - 140473417803264 - base_agent.py-base_agent:78 - INFO: "web_page_content  output data : \u7f51\u9875\u5185\u5bb9  type : <class 'str'>"
Traceback (most recent call last):
  File "/home/kai/mofa/python/mofa/agent_build/base/base_agent.py", line 236, in wrapper
    func(*args, **kwargs)
  File "/home/kai/mofa_penetration/mofa/python/agent-hub/check_content/check_content/main.py", line 26, in run
    agent.send_output()
TypeError: MofaAgent.send_output() missing 2 required positional arguments: 'agent_output_name' and 'agent_result'
2025-03-28 18:30:36,151 - 140473417803264 - base_agent.py-base_agent:78 - INFO: "deduction  output data : \u63a8\u65ad\u4fe1\u606f  type : <class 'str'>"
2025-03-28 18:30:36,151 - 140473417803264 - base_agent.py-base_agent:78 - INFO: "web_page_content  output data : \u7f51\u9875\u5185\u5bb9  type : <class 'str'>"
Traceback (most recent call last):
  File "/home/kai/mofa/python/mofa/agent_build/base/base_agent.py", line 236, in wrapper
    func(*args, **kwargs)
  File "/home/kai/mofa_penetration/mofa/python/agent-hub/check_content/check_content/main.py", line 26, in run
    agent.send_output()
TypeError: MofaAgent.send_output() missing 2 required positional arguments: 'agent_output_name' and 'agent_result'
2025-03-28 18:30:36,979 - 140473417803264 - base_agent.py-base_agent:78 - INFO: "deduction  output data : \u63a8\u65ad\u4fe1\u606f  type : <class 'str'>"
2025-03-28 18:30:36,979 - 140473417803264 - base_agent.py-base_agent:78 - INFO: "web_page_content  output data : \u7f51\u9875\u5185\u5bb9  type : <class 'str'>"
Traceback (most recent call last):
  File "/home/kai/mofa/python/mofa/agent_build/base/base_agent.py", line 236, in wrapper
    func(*args, **kwargs)
  File "/home/kai/mofa_penetration/mofa/python/agent-hub/check_content/check_content/main.py", line 26, in run
    agent.send_output()
TypeError: MofaAgent.send_output() missing 2 required positional arguments: 'agent_output_name' and 'agent_result'
2025-03-28 18:30:36,979 - 140473417803264 - base_agent.py-base_agent:78 - INFO: "deduction  output data : \u63a8\u65ad\u4fe1\u606f  type : <class 'str'>"
2025-03-28 18:30:36,980 - 140473417803264 - base_agent.py-base_agent:78 - INFO: "web_page_content  output data : \u7f51\u9875\u5185\u5bb9  type : <class 'str'>"
Traceback (most recent call last):
  File "/home/kai/mofa/python/mofa/agent_build/base/base_agent.py", line 236, in wrapper
    func(*args, **kwargs)
  File "/home/kai/mofa_penetration/mofa/python/agent-hub/check_content/check_content/main.py", line 26, in run
    agent.send_output()
TypeError: MofaAgent.send_output() missing 2 required positional arguments: 'agent_output_name' and 'agent_result'
2025-03-28 18:30:36,980 - 140473417803264 - base_agent.py-base_agent:78 - INFO: "deduction  output data : \u63a8\u65ad\u4fe1\u606f  type : <class 'str'>"
2025-03-28 18:30:36,980 - 140473417803264 - base_agent.py-base_agent:78 - INFO: "web_page_content  output data : \u7f51\u9875\u5185\u5bb9  type : <class 'str'>"
Traceback (most recent call last):
  File "/home/kai/mofa/python/mofa/agent_build/base/base_agent.py", line 236, in wrapper
    func(*args, **kwargs)
  File "/home/kai/mofa_penetration/mofa/python/agent-hub/check_content/check_content/main.py", line 26, in run
    agent.send_output()
TypeError: MofaAgent.send_output() missing 2 required positional arguments: 'agent_output_name' and 'agent_result'
2025-03-28 18:30:36,981 - 140473417803264 - base_agent.py-base_agent:78 - INFO: "deduction  output data : \u63a8\u65ad\u4fe1\u606f  type : <class 'str'>"
2025-03-28 18:30:36,981 - 140473417803264 - base_agent.py-base_agent:78 - INFO: "web_page_content  output data : \u7f51\u9875\u5185\u5bb9  type : <class 'str'>"
Traceback (most recent call last):
  File "/home/kai/mofa/python/mofa/agent_build/base/base_agent.py", line 236, in wrapper
    func(*args, **kwargs)
  File "/home/kai/mofa_penetration/mofa/python/agent-hub/check_content/check_content/main.py", line 26, in run
    agent.send_output()
TypeError: MofaAgent.send_output() missing 2 required positional arguments: 'agent_output_name' and 'agent_result'
2025-03-28 18:30:36,981 - 140473417803264 - base_agent.py-base_agent:78 - INFO: "deduction  output data : \u63a8\u65ad\u4fe1\u606f  type : <class 'str'>"
2025-03-28 18:30:36,981 - 140473417803264 - base_agent.py-base_agent:78 - INFO: "web_page_content  output data : \u7f51\u9875\u5185\u5bb9  type : <class 'str'>"
Traceback (most recent call last):
  File "/home/kai/mofa/python/mofa/agent_build/base/base_agent.py", line 236, in wrapper
    func(*args, **kwargs)
  File "/home/kai/mofa_penetration/mofa/python/agent-hub/check_content/check_content/main.py", line 26, in run
    agent.send_output()
TypeError: MofaAgent.send_output() missing 2 required positional arguments: 'agent_output_name' and 'agent_result'
2025-03-28 18:30:36,982 - 140473417803264 - base_agent.py-base_agent:78 - INFO: "deduction  output data : \u63a8\u65ad\u4fe1\u606f  type : <class 'str'>"
2025-03-28 18:30:36,982 - 140473417803264 - base_agent.py-base_agent:78 - INFO: "web_page_content  output data : \u7f51\u9875\u5185\u5bb9  type : <class 'str'>"
Traceback (most recent call last):
  File "/home/kai/mofa/python/mofa/agent_build/base/base_agent.py", line 236, in wrapper
    func(*args, **kwargs)
  File "/home/kai/mofa_penetration/mofa/python/agent-hub/check_content/check_content/main.py", line 26, in run
    agent.send_output()
TypeError: MofaAgent.send_output() missing 2 required positional arguments: 'agent_output_name' and 'agent_result'
2025-03-28 18:30:36,982 - 140473417803264 - base_agent.py-base_agent:78 - INFO: "deduction  output data : \u63a8\u65ad\u4fe1\u606f  type : <class 'str'>"
2025-03-28 18:30:36,982 - 140473417803264 - base_agent.py-base_agent:78 - INFO: "web_page_content  output data : \u7f51\u9875\u5185\u5bb9  type : <class 'str'>"
Traceback (most recent call last):
  File "/home/kai/mofa/python/mofa/agent_build/base/base_agent.py", line 236, in wrapper
    func(*args, **kwargs)
  File "/home/kai/mofa_penetration/mofa/python/agent-hub/check_content/check_content/main.py", line 26, in run
    agent.send_output()
TypeError: MofaAgent.send_output() missing 2 required positional arguments: 'agent_output_name' and 'agent_result'
2025-03-28 18:30:36,983 - 140473417803264 - base_agent.py-base_agent:78 - INFO: "deduction  output data : \u63a8\u65ad\u4fe1\u606f  type : <class 'str'>"
2025-03-28 18:30:36,983 - 140473417803264 - base_agent.py-base_agent:78 - INFO: "web_page_content  output data : \u7f51\u9875\u5185\u5bb9  type : <class 'str'>"
Traceback (most recent call last):
  File "/home/kai/mofa/python/mofa/agent_build/base/base_agent.py", line 236, in wrapper
    func(*args, **kwargs)
  File "/home/kai/mofa_penetration/mofa/python/agent-hub/check_content/check_content/main.py", line 26, in run
    agent.send_output()
TypeError: MofaAgent.send_output() missing 2 required positional arguments: 'agent_output_name' and 'agent_result'
2025-03-28 18:30:36,983 - 140473417803264 - base_agent.py-base_agent:78 - INFO: "deduction  output data : \u63a8\u65ad\u4fe1\u606f  type : <class 'str'>"
2025-03-28 18:30:36,984 - 140473417803264 - base_agent.py-base_agent:78 - INFO: "web_page_content  output data : \u7f51\u9875\u5185\u5bb9  type : <class 'str'>"
Traceback (most recent call last):
  File "/home/kai/mofa/python/mofa/agent_build/base/base_agent.py", line 236, in wrapper
    func(*args, **kwargs)
  File "/home/kai/mofa_penetration/mofa/python/agent-hub/check_content/check_content/main.py", line 26, in run
    agent.send_output()
TypeError: MofaAgent.send_output() missing 2 required positional arguments: 'agent_output_name' and 'agent_result'
2025-03-28 18:30:36,984 - 140473417803264 - base_agent.py-base_agent:78 - INFO: "deduction  output data : \u63a8\u65ad\u4fe1\u606f  type : <class 'str'>"
2025-03-28 18:30:36,984 - 140473417803264 - base_agent.py-base_agent:78 - INFO: "web_page_content  output data : \u7f51\u9875\u5185\u5bb9  type : <class 'str'>"
Traceback (most recent call last):
  File "/home/kai/mofa/python/mofa/agent_build/base/base_agent.py", line 236, in wrapper
    func(*args, **kwargs)
  File "/home/kai/mofa_penetration/mofa/python/agent-hub/check_content/check_content/main.py", line 26, in run
    agent.send_output()
TypeError: MofaAgent.send_output() missing 2 required positional arguments: 'agent_output_name' and 'agent_result'
2025-03-28 18:30:36,984 - 140473417803264 - base_agent.py-base_agent:78 - INFO: "deduction  output data : \u63a8\u65ad\u4fe1\u606f  type : <class 'str'>"
2025-03-28 18:30:36,985 - 140473417803264 - base_agent.py-base_agent:78 - INFO: "web_page_content  output data : \u7f51\u9875\u5185\u5bb9  type : <class 'str'>"
Traceback (most recent call last):
  File "/home/kai/mofa/python/mofa/agent_build/base/base_agent.py", line 236, in wrapper
    func(*args, **kwargs)
  File "/home/kai/mofa_penetration/mofa/python/agent-hub/check_content/check_content/main.py", line 26, in run
    agent.send_output()
TypeError: MofaAgent.send_output() missing 2 required positional arguments: 'agent_output_name' and 'agent_result'
2025-03-28 18:30:36,985 - 140473417803264 - base_agent.py-base_agent:78 - INFO: "deduction  output data : \u63a8\u65ad\u4fe1\u606f  type : <class 'str'>"
2025-03-28 18:30:36,985 - 140473417803264 - base_agent.py-base_agent:78 - INFO: "web_page_content  output data : \u7f51\u9875\u5185\u5bb9  type : <class 'str'>"
Traceback (most recent call last):
  File "/home/kai/mofa/python/mofa/agent_build/base/base_agent.py", line 236, in wrapper
    func(*args, **kwargs)
  File "/home/kai/mofa_penetration/mofa/python/agent-hub/check_content/check_content/main.py", line 26, in run
    agent.send_output()
TypeError: MofaAgent.send_output() missing 2 required positional arguments: 'agent_output_name' and 'agent_result'
2025-03-28 18:30:37,769 - 140473417803264 - base_agent.py-base_agent:78 - INFO: "deduction  output data : \u63a8\u65ad\u4fe1\u606f  type : <class 'str'>"
2025-03-28 18:30:37,770 - 140473417803264 - base_agent.py-base_agent:78 - INFO: "web_page_content  output data : \u7f51\u9875\u5185\u5bb9  type : <class 'str'>"
Traceback (most recent call last):
  File "/home/kai/mofa/python/mofa/agent_build/base/base_agent.py", line 236, in wrapper
    func(*args, **kwargs)
  File "/home/kai/mofa_penetration/mofa/python/agent-hub/check_content/check_content/main.py", line 26, in run
    agent.send_output()
TypeError: MofaAgent.send_output() missing 2 required positional arguments: 'agent_output_name' and 'agent_result'
2025-03-28 18:30:37,770 - 140473417803264 - base_agent.py-base_agent:78 - INFO: "deduction  output data : \u63a8\u65ad\u4fe1\u606f  type : <class 'str'>"
2025-03-28 18:30:37,770 - 140473417803264 - base_agent.py-base_agent:78 - INFO: "web_page_content  output data : \u7f51\u9875\u5185\u5bb9  type : <class 'str'>"
Traceback (most recent call last):
  File "/home/kai/mofa/python/mofa/agent_build/base/base_agent.py", line 236, in wrapper
    func(*args, **kwargs)
  File "/home/kai/mofa_penetration/mofa/python/agent-hub/check_content/check_content/main.py", line 26, in run
    agent.send_output()
TypeError: MofaAgent.send_output() missing 2 required positional arguments: 'agent_output_name' and 'agent_result'
2025-03-28 18:30:37,771 - 140473417803264 - base_agent.py-base_agent:78 - INFO: "deduction  output data : \u63a8\u65ad\u4fe1\u606f  type : <class 'str'>"
2025-03-28 18:30:37,771 - 140473417803264 - base_agent.py-base_agent:78 - INFO: "web_page_content  output data : \u7f51\u9875\u5185\u5bb9  type : <class 'str'>"
Traceback (most recent call last):
  File "/home/kai/mofa/python/mofa/agent_build/base/base_agent.py", line 236, in wrapper
    func(*args, **kwargs)
  File "/home/kai/mofa_penetration/mofa/python/agent-hub/check_content/check_content/main.py", line 26, in run
    agent.send_output()
TypeError: MofaAgent.send_output() missing 2 required positional arguments: 'agent_output_name' and 'agent_result'
2025-03-28 18:30:37,771 - 140473417803264 - base_agent.py-base_agent:78 - INFO: "deduction  output data : \u63a8\u65ad\u4fe1\u606f  type : <class 'str'>"
2025-03-28 18:30:37,771 - 140473417803264 - base_agent.py-base_agent:78 - INFO: "web_page_content  output data : \u7f51\u9875\u5185\u5bb9  type : <class 'str'>"
Traceback (most recent call last):
  File "/home/kai/mofa/python/mofa/agent_build/base/base_agent.py", line 236, in wrapper
    func(*args, **kwargs)
  File "/home/kai/mofa_penetration/mofa/python/agent-hub/check_content/check_content/main.py", line 26, in run
    agent.send_output()
TypeError: MofaAgent.send_output() missing 2 required positional arguments: 'agent_output_name' and 'agent_result'
2025-03-28 18:30:37,772 - 140473417803264 - base_agent.py-base_agent:78 - INFO: "deduction  output data : \u63a8\u65ad\u4fe1\u606f  type : <class 'str'>"
2025-03-28 18:30:37,772 - 140473417803264 - base_agent.py-base_agent:78 - INFO: "web_page_content  output data : \u7f51\u9875\u5185\u5bb9  type : <class 'str'>"
Traceback (most recent call last):
  File "/home/kai/mofa/python/mofa/agent_build/base/base_agent.py", line 236, in wrapper
    func(*args, **kwargs)
  File "/home/kai/mofa_penetration/mofa/python/agent-hub/check_content/check_content/main.py", line 26, in run
    agent.send_output()
TypeError: MofaAgent.send_output() missing 2 required positional arguments: 'agent_output_name' and 'agent_result'
2025-03-28 18:30:37,772 - 140473417803264 - base_agent.py-base_agent:78 - INFO: "deduction  output data : \u63a8\u65ad\u4fe1\u606f  type : <class 'str'>"
2025-03-28 18:30:37,772 - 140473417803264 - base_agent.py-base_agent:78 - INFO: "web_page_content  output data : \u7f51\u9875\u5185\u5bb9  type : <class 'str'>"
Traceback (most recent call last):
  File "/home/kai/mofa/python/mofa/agent_build/base/base_agent.py", line 236, in wrapper
    func(*args, **kwargs)
  File "/home/kai/mofa_penetration/mofa/python/agent-hub/check_content/check_content/main.py", line 26, in run
    agent.send_output()
TypeError: MofaAgent.send_output() missing 2 required positional arguments: 'agent_output_name' and 'agent_result'
2025-03-28 18:30:37,773 - 140473417803264 - base_agent.py-base_agent:78 - INFO: "deduction  output data : \u63a8\u65ad\u4fe1\u606f  type : <class 'str'>"
2025-03-28 18:30:37,773 - 140473417803264 - base_agent.py-base_agent:78 - INFO: "web_page_content  output data : \u7f51\u9875\u5185\u5bb9  type : <class 'str'>"
Traceback (most recent call last):
  File "/home/kai/mofa/python/mofa/agent_build/base/base_agent.py", line 236, in wrapper
    func(*args, **kwargs)
  File "/home/kai/mofa_penetration/mofa/python/agent-hub/check_content/check_content/main.py", line 26, in run
    agent.send_output()
TypeError: MofaAgent.send_output() missing 2 required positional arguments: 'agent_output_name' and 'agent_result'
2025-03-28 18:30:37,774 - 140473417803264 - base_agent.py-base_agent:78 - INFO: "deduction  output data : \u63a8\u65ad\u4fe1\u606f  type : <class 'str'>"
2025-03-28 18:30:37,774 - 140473417803264 - base_agent.py-base_agent:78 - INFO: "web_page_content  output data : \u7f51\u9875\u5185\u5bb9  type : <class 'str'>"
Traceback (most recent call last):
  File "/home/kai/mofa/python/mofa/agent_build/base/base_agent.py", line 236, in wrapper
    func(*args, **kwargs)
  File "/home/kai/mofa_penetration/mofa/python/agent-hub/check_content/check_content/main.py", line 26, in run
    agent.send_output()
TypeError: MofaAgent.send_output() missing 2 required positional arguments: 'agent_output_name' and 'agent_result'
2025-03-28 18:30:37,774 - 140473417803264 - base_agent.py-base_agent:78 - INFO: "deduction  output data : \u63a8\u65ad\u4fe1\u606f  type : <class 'str'>"
2025-03-28 18:30:37,774 - 140473417803264 - base_agent.py-base_agent:78 - INFO: "web_page_content  output data : \u7f51\u9875\u5185\u5bb9  type : <class 'str'>"
Traceback (most recent call last):
  File "/home/kai/mofa/python/mofa/agent_build/base/base_agent.py", line 236, in wrapper
    func(*args, **kwargs)
  File "/home/kai/mofa_penetration/mofa/python/agent-hub/check_content/check_content/main.py", line 26, in run
    agent.send_output()
TypeError: MofaAgent.send_output() missing 2 required positional arguments: 'agent_output_name' and 'agent_result'
2025-03-28 18:30:37,775 - 140473417803264 - base_agent.py-base_agent:78 - INFO: "deduction  output data : \u63a8\u65ad\u4fe1\u606f  type : <class 'str'>"
2025-03-28 18:30:37,775 - 140473417803264 - base_agent.py-base_agent:78 - INFO: "web_page_content  output data : \u7f51\u9875\u5185\u5bb9  type : <class 'str'>"
Traceback (most recent call last):
  File "/home/kai/mofa/python/mofa/agent_build/base/base_agent.py", line 236, in wrapper
    func(*args, **kwargs)
  File "/home/kai/mofa_penetration/mofa/python/agent-hub/check_content/check_content/main.py", line 26, in run
    agent.send_output()
TypeError: MofaAgent.send_output() missing 2 required positional arguments: 'agent_output_name' and 'agent_result'
2025-03-28 18:30:37,775 - 140473417803264 - base_agent.py-base_agent:78 - INFO: "deduction  output data : \u63a8\u65ad\u4fe1\u606f  type : <class 'str'>"
2025-03-28 18:30:37,775 - 140473417803264 - base_agent.py-base_agent:78 - INFO: "web_page_content  output data : \u7f51\u9875\u5185\u5bb9  type : <class 'str'>"
Traceback (most recent call last):
  File "/home/kai/mofa/python/mofa/agent_build/base/base_agent.py", line 236, in wrapper
    func(*args, **kwargs)
  File "/home/kai/mofa_penetration/mofa/python/agent-hub/check_content/check_content/main.py", line 26, in run
    agent.send_output()
TypeError: MofaAgent.send_output() missing 2 required positional arguments: 'agent_output_name' and 'agent_result'
2025-03-28 18:30:38,601 - 140473417803264 - base_agent.py-base_agent:78 - INFO: "deduction  output data : \u63a8\u65ad\u4fe1\u606f  type : <class 'str'>"
2025-03-28 18:30:38,601 - 140473417803264 - base_agent.py-base_agent:78 - INFO: "web_page_content  output data : \u7f51\u9875\u5185\u5bb9  type : <class 'str'>"
Traceback (most recent call last):
  File "/home/kai/mofa/python/mofa/agent_build/base/base_agent.py", line 236, in wrapper
    func(*args, **kwargs)
  File "/home/kai/mofa_penetration/mofa/python/agent-hub/check_content/check_content/main.py", line 26, in run
    agent.send_output()
TypeError: MofaAgent.send_output() missing 2 required positional arguments: 'agent_output_name' and 'agent_result'
2025-03-28 18:30:38,601 - 140473417803264 - base_agent.py-base_agent:78 - INFO: "deduction  output data : \u63a8\u65ad\u4fe1\u606f  type : <class 'str'>"
2025-03-28 18:30:38,602 - 140473417803264 - base_agent.py-base_agent:78 - INFO: "web_page_content  output data : \u7f51\u9875\u5185\u5bb9  type : <class 'str'>"
Traceback (most recent call last):
  File "/home/kai/mofa/python/mofa/agent_build/base/base_agent.py", line 236, in wrapper
    func(*args, **kwargs)
  File "/home/kai/mofa_penetration/mofa/python/agent-hub/check_content/check_content/main.py", line 26, in run
    agent.send_output()
TypeError: MofaAgent.send_output() missing 2 required positional arguments: 'agent_output_name' and 'agent_result'
2025-03-28 18:30:38,602 - 140473417803264 - base_agent.py-base_agent:78 - INFO: "deduction  output data : \u63a8\u65ad\u4fe1\u606f  type : <class 'str'>"
2025-03-28 18:30:38,602 - 140473417803264 - base_agent.py-base_agent:78 - INFO: "web_page_content  output data : \u7f51\u9875\u5185\u5bb9  type : <class 'str'>"
Traceback (most recent call last):
  File "/home/kai/mofa/python/mofa/agent_build/base/base_agent.py", line 236, in wrapper
    func(*args, **kwargs)
  File "/home/kai/mofa_penetration/mofa/python/agent-hub/check_content/check_content/main.py", line 26, in run
    agent.send_output()
TypeError: MofaAgent.send_output() missing 2 required positional arguments: 'agent_output_name' and 'agent_result'
2025-03-28 18:30:38,603 - 140473417803264 - base_agent.py-base_agent:78 - INFO: "deduction  output data : \u63a8\u65ad\u4fe1\u606f  type : <class 'str'>"
2025-03-28 18:30:38,603 - 140473417803264 - base_agent.py-base_agent:78 - INFO: "web_page_content  output data : \u7f51\u9875\u5185\u5bb9  type : <class 'str'>"
Traceback (most recent call last):
  File "/home/kai/mofa/python/mofa/agent_build/base/base_agent.py", line 236, in wrapper
    func(*args, **kwargs)
  File "/home/kai/mofa_penetration/mofa/python/agent-hub/check_content/check_content/main.py", line 26, in run
    agent.send_output()
TypeError: MofaAgent.send_output() missing 2 required positional arguments: 'agent_output_name' and 'agent_result'
2025-03-28 18:30:38,603 - 140473417803264 - base_agent.py-base_agent:78 - INFO: "deduction  output data : \u63a8\u65ad\u4fe1\u606f  type : <class 'str'>"
2025-03-28 18:30:38,603 - 140473417803264 - base_agent.py-base_agent:78 - INFO: "web_page_content  output data : \u7f51\u9875\u5185\u5bb9  type : <class 'str'>"
Traceback (most recent call last):
  File "/home/kai/mofa/python/mofa/agent_build/base/base_agent.py", line 236, in wrapper
    func(*args, **kwargs)
  File "/home/kai/mofa_penetration/mofa/python/agent-hub/check_content/check_content/main.py", line 26, in run
    agent.send_output()
TypeError: MofaAgent.send_output() missing 2 required positional arguments: 'agent_output_name' and 'agent_result'
2025-03-28 18:30:38,604 - 140473417803264 - base_agent.py-base_agent:78 - INFO: "deduction  output data : \u63a8\u65ad\u4fe1\u606f  type : <class 'str'>"
2025-03-28 18:30:38,604 - 140473417803264 - base_agent.py-base_agent:78 - INFO: "web_page_content  output data : \u7f51\u9875\u5185\u5bb9  type : <class 'str'>"
Traceback (most recent call last):
  File "/home/kai/mofa/python/mofa/agent_build/base/base_agent.py", line 236, in wrapper
    func(*args, **kwargs)
  File "/home/kai/mofa_penetration/mofa/python/agent-hub/check_content/check_content/main.py", line 26, in run
    agent.send_output()
TypeError: MofaAgent.send_output() missing 2 required positional arguments: 'agent_output_name' and 'agent_result'
2025-03-28 18:30:38,604 - 140473417803264 - base_agent.py-base_agent:78 - INFO: "deduction  output data : \u63a8\u65ad\u4fe1\u606f  type : <class 'str'>"
2025-03-28 18:30:38,604 - 140473417803264 - base_agent.py-base_agent:78 - INFO: "web_page_content  output data : \u7f51\u9875\u5185\u5bb9  type : <class 'str'>"
Traceback (most recent call last):
  File "/home/kai/mofa/python/mofa/agent_build/base/base_agent.py", line 236, in wrapper
    func(*args, **kwargs)
  File "/home/kai/mofa_penetration/mofa/python/agent-hub/check_content/check_content/main.py", line 26, in run
    agent.send_output()
TypeError: MofaAgent.send_output() missing 2 required positional arguments: 'agent_output_name' and 'agent_result'
2025-03-28 18:30:38,605 - 140473417803264 - base_agent.py-base_agent:78 - INFO: "deduction  output data : \u63a8\u65ad\u4fe1\u606f  type : <class 'str'>"
2025-03-28 18:30:38,605 - 140473417803264 - base_agent.py-base_agent:78 - INFO: "web_page_content  output data : \u7f51\u9875\u5185\u5bb9  type : <class 'str'>"
Traceback (most recent call last):
  File "/home/kai/mofa/python/mofa/agent_build/base/base_agent.py", line 236, in wrapper
    func(*args, **kwargs)
  File "/home/kai/mofa_penetration/mofa/python/agent-hub/check_content/check_content/main.py", line 26, in run
    agent.send_output()
TypeError: MofaAgent.send_output() missing 2 required positional arguments: 'agent_output_name' and 'agent_result'
2025-03-28 18:30:38,605 - 140473417803264 - base_agent.py-base_agent:78 - INFO: "deduction  output data : \u63a8\u65ad\u4fe1\u606f  type : <class 'str'>"
2025-03-28 18:30:38,605 - 140473417803264 - base_agent.py-base_agent:78 - INFO: "web_page_content  output data : \u7f51\u9875\u5185\u5bb9  type : <class 'str'>"
Traceback (most recent call last):
  File "/home/kai/mofa/python/mofa/agent_build/base/base_agent.py", line 236, in wrapper
    func(*args, **kwargs)
  File "/home/kai/mofa_penetration/mofa/python/agent-hub/check_content/check_content/main.py", line 26, in run
    agent.send_output()
TypeError: MofaAgent.send_output() missing 2 required positional arguments: 'agent_output_name' and 'agent_result'
2025-03-28 18:30:38,606 - 140473417803264 - base_agent.py-base_agent:78 - INFO: "deduction  output data : \u63a8\u65ad\u4fe1\u606f  type : <class 'str'>"
2025-03-28 18:30:38,606 - 140473417803264 - base_agent.py-base_agent:78 - INFO: "web_page_content  output data : \u7f51\u9875\u5185\u5bb9  type : <class 'str'>"
Traceback (most recent call last):
  File "/home/kai/mofa/python/mofa/agent_build/base/base_agent.py", line 236, in wrapper
    func(*args, **kwargs)
  File "/home/kai/mofa_penetration/mofa/python/agent-hub/check_content/check_content/main.py", line 26, in run
    agent.send_output()
TypeError: MofaAgent.send_output() missing 2 required positional arguments: 'agent_output_name' and 'agent_result'
2025-03-28 18:30:38,606 - 140473417803264 - base_agent.py-base_agent:78 - INFO: "deduction  output data : \u63a8\u65ad\u4fe1\u606f  type : <class 'str'>"
2025-03-28 18:30:38,607 - 140473417803264 - base_agent.py-base_agent:78 - INFO: "web_page_content  output data : \u7f51\u9875\u5185\u5bb9  type : <class 'str'>"
Traceback (most recent call last):
  File "/home/kai/mofa/python/mofa/agent_build/base/base_agent.py", line 236, in wrapper
    func(*args, **kwargs)
  File "/home/kai/mofa_penetration/mofa/python/agent-hub/check_content/check_content/main.py", line 26, in run
    agent.send_output()
